{"E:\\current\\MedicalApp (1)\\node server\\src\\app.ts": {"path":"E:\\current\\MedicalApp (1)\\node server\\src\\app.ts","statementMap":{"0":{"start":{"line":1,"column":0},"end":{"line":1,"column":80}},"1":{"start":{"line":2,"column":0},"end":{"line":2,"column":24}},"2":{"start":{"line":3,"column":0},"end":{"line":3,"column":41}},"3":{"start":{"line":4,"column":0},"end":{"line":4,"column":37}},"4":{"start":{"line":5,"column":0},"end":{"line":5,"column":41}},"5":{"start":{"line":6,"column":0},"end":{"line":6,"column":34}},"6":{"start":{"line":8,"column":25},"end":{"line":8,"column":34}},"7":{"start":{"line":10,"column":0},"end":{"line":10,"column":16}},"8":{"start":{"line":11,"column":0},"end":{"line":11,"column":24}},"9":{"start":{"line":13,"column":0},"end":{"line":13,"column":24}},"10":{"start":{"line":14,"column":0},"end":{"line":14,"column":48}},"11":{"start":{"line":15,"column":0},"end":{"line":15,"column":34}},"12":{"start":{"line":18,"column":0},"end":{"line":18,"column":27}},"13":{"start":{"line":19,"column":0},"end":{"line":29,"column":null}},"14":{"start":{"line":20,"column":4},"end":{"line":27,"column":5}},"15":{"start":{"line":21,"column":8},"end":{"line":21,"column":null}},"16":{"start":{"line":23,"column":8},"end":{"line":26,"column":11}},"17":{"start":{"line":28,"column":4},"end":{"line":28,"column":11}},"18":{"start":{"line":31,"column":0},"end":{"line":31,"column":19}}},"fnMap":{"0":{"name":"(anonymous_1)","decl":{"start":{"line":19,"column":8},"end":{"line":19,"column":9}},"loc":{"start":{"line":19,"column":70},"end":{"line":29,"column":1}}}},"branchMap":{"0":{"loc":{"start":{"line":20,"column":4},"end":{"line":27,"column":5}},"type":"if","locations":[{"start":{"line":20,"column":4},"end":{"line":27,"column":5}},{"start":{"line":22,"column":11},"end":{"line":27,"column":5}}]}},"s":{"0":1,"1":1,"2":1,"3":1,"4":1,"5":1,"6":1,"7":1,"8":1,"9":1,"10":1,"11":1,"12":1,"13":1,"14":0,"15":0,"16":0,"17":0,"18":1},"f":{"0":0},"b":{"0":[0,0]}}
,"E:\\current\\MedicalApp (1)\\node server\\src\\app\\middlewares\\auth.ts": {"path":"E:\\current\\MedicalApp (1)\\node server\\src\\app\\middlewares\\auth.ts","statementMap":{"0":{"start":{"line":2,"column":0},"end":{"line":2,"column":45}},"1":{"start":{"line":3,"column":0},"end":{"line":3,"column":52}},"2":{"start":{"line":4,"column":0},"end":{"line":4,"column":34}},"3":{"start":{"line":7,"column":20},"end":{"line":28,"column":null}},"4":{"start":{"line":7,"column":44},"end":{"line":28,"column":null}},"5":{"start":{"line":7,"column":102},"end":{"line":28,"column":null}},"6":{"start":{"line":8,"column":4},"end":{"line":27,"column":5}},"7":{"start":{"line":9,"column":22},"end":{"line":9,"column":47}},"8":{"start":{"line":10,"column":8},"end":{"line":12,"column":9}},"9":{"start":{"line":11,"column":12},"end":{"line":11,"column":null}},"10":{"start":{"line":14,"column":8},"end":{"line":18,"column":9}},"11":{"start":{"line":15,"column":12},"end":{"line":15,"column":91}},"12":{"start":{"line":17,"column":12},"end":{"line":17,"column":null}},"13":{"start":{"line":19,"column":8},"end":{"line":19,"column":32}},"14":{"start":{"line":21,"column":8},"end":{"line":23,"column":9}},"15":{"start":{"line":22,"column":12},"end":{"line":22,"column":null}},"16":{"start":{"line":24,"column":8},"end":{"line":24,"column":15}},"17":{"start":{"line":26,"column":8},"end":{"line":26,"column":null}},"18":{"start":{"line":7,"column":13},"end":{"line":7,"column":20}}},"fnMap":{"0":{"name":"(anonymous_8)","decl":{"start":{"line":7,"column":20},"end":{"line":7,"column":21}},"loc":{"start":{"line":7,"column":44},"end":{"line":28,"column":null}}},"1":{"name":"(anonymous_9)","decl":{"start":{"line":7,"column":44},"end":{"line":7,"column":51}},"loc":{"start":{"line":7,"column":102},"end":{"line":28,"column":null}}},"2":{"name":"(anonymous_10)","decl":{"start":{"line":7,"column":102},"end":{"line":7,"column":null}},"loc":{"start":{"line":7,"column":102},"end":{"line":28,"column":1}}}},"branchMap":{"0":{"loc":{"start":{"line":10,"column":8},"end":{"line":12,"column":9}},"type":"if","locations":[{"start":{"line":10,"column":8},"end":{"line":12,"column":9}}]},"1":{"loc":{"start":{"line":21,"column":8},"end":{"line":23,"column":9}},"type":"if","locations":[{"start":{"line":21,"column":8},"end":{"line":23,"column":9}}]},"2":{"loc":{"start":{"line":21,"column":12},"end":{"line":21,"column":62}},"type":"binary-expr","locations":[{"start":{"line":21,"column":12},"end":{"line":21,"column":24}},{"start":{"line":21,"column":28},"end":{"line":21,"column":62}}]}},"s":{"0":3,"1":3,"2":3,"3":3,"4":78,"5":4,"6":4,"7":4,"8":4,"9":1,"10":3,"11":3,"12":1,"13":2,"14":2,"15":0,"16":2,"17":2,"18":3},"f":{"0":78,"1":4,"2":4},"b":{"0":[1],"1":[0],"2":[2,0]}}
,"E:\\current\\MedicalApp (1)\\node server\\src\\app\\modules\\admin\\admin.controller.ts": {"path":"E:\\current\\MedicalApp (1)\\node server\\src\\app\\modules\\admin\\admin.controller.ts","statementMap":{"0":{"start":{"line":2,"column":0},"end":{"line":2,"column":52}},"1":{"start":{"line":3,"column":0},"end":{"line":3,"column":56}},"2":{"start":{"line":4,"column":0},"end":{"line":4,"column":47}},"3":{"start":{"line":7,"column":20},"end":{"line":15,"column":2}},"4":{"start":{"line":7,"column":69},"end":{"line":15,"column":2}},"5":{"start":{"line":8,"column":19},"end":{"line":8,"column":54}},"6":{"start":{"line":9,"column":4},"end":{"line":14,"column":null}},"7":{"start":{"line":17,"column":17},"end":{"line":25,"column":2}},"8":{"start":{"line":17,"column":66},"end":{"line":25,"column":2}},"9":{"start":{"line":18,"column":19},"end":{"line":18,"column":61}},"10":{"start":{"line":19,"column":4},"end":{"line":24,"column":null}},"11":{"start":{"line":60,"column":13},"end":{"line":63,"column":null}}},"fnMap":{"0":{"name":"(anonymous_8)","decl":{"start":{"line":7,"column":31},"end":{"line":7,"column":38}},"loc":{"start":{"line":7,"column":69},"end":{"line":15,"column":2}}},"1":{"name":"(anonymous_9)","decl":{"start":{"line":7,"column":69},"end":{"line":7,"column":null}},"loc":{"start":{"line":7,"column":69},"end":{"line":15,"column":1}}},"2":{"name":"(anonymous_10)","decl":{"start":{"line":17,"column":28},"end":{"line":17,"column":35}},"loc":{"start":{"line":17,"column":66},"end":{"line":25,"column":2}}},"3":{"name":"(anonymous_11)","decl":{"start":{"line":17,"column":66},"end":{"line":17,"column":null}},"loc":{"start":{"line":17,"column":66},"end":{"line":25,"column":1}}}},"branchMap":{},"s":{"0":2,"1":2,"2":2,"3":2,"4":0,"5":0,"6":0,"7":2,"8":0,"9":0,"10":0,"11":2},"f":{"0":0,"1":0,"2":0,"3":0},"b":{}}
,"E:\\current\\MedicalApp (1)\\node server\\src\\app\\modules\\admin\\admin.route.ts": {"path":"E:\\current\\MedicalApp (1)\\node server\\src\\app\\modules\\admin\\admin.route.ts","statementMap":{"0":{"start":{"line":1,"column":0},"end":{"line":1,"column":30}},"1":{"start":{"line":2,"column":0},"end":{"line":2,"column":53}},"2":{"start":{"line":3,"column":15},"end":{"line":3,"column":31}},"3":{"start":{"line":5,"column":0},"end":{"line":5,"column":46}},"4":{"start":{"line":7,"column":0},"end":{"line":7,"column":45}},"5":{"start":{"line":11,"column":13},"end":{"line":11,"column":34}}},"fnMap":{},"branchMap":{},"s":{"0":2,"1":2,"2":2,"3":2,"4":2,"5":2},"f":{},"b":{}}
,"E:\\current\\MedicalApp (1)\\node server\\src\\app\\modules\\admin\\admin.service.ts": {"path":"E:\\current\\MedicalApp (1)\\node server\\src\\app\\modules\\admin\\admin.service.ts","statementMap":{"0":{"start":{"line":1,"column":0},"end":{"line":1,"column":49}},"1":{"start":{"line":2,"column":0},"end":{"line":2,"column":44}},"2":{"start":{"line":3,"column":0},"end":{"line":3,"column":28}},"3":{"start":{"line":4,"column":0},"end":{"line":4,"column":70}},"4":{"start":{"line":5,"column":0},"end":{"line":5,"column":28}},"5":{"start":{"line":6,"column":23},"end":{"line":6,"column":38}},"6":{"start":{"line":8,"column":30},"end":{"line":34,"column":null}},"7":{"start":{"line":8,"column":52},"end":{"line":34,"column":null}},"8":{"start":{"line":9,"column":23},"end":{"line":9,"column":59}},"9":{"start":{"line":10,"column":25},"end":{"line":10,"column":43}},"10":{"start":{"line":11,"column":31},"end":{"line":11,"column":70}},"11":{"start":{"line":13,"column":16},"end":{"line":13,"column":74}},"12":{"start":{"line":15,"column":24},"end":{"line":15,"column":48}},"13":{"start":{"line":16,"column":28},"end":{"line":22,"column":6}},"14":{"start":{"line":23,"column":4},"end":{"line":33,"column":5}},"15":{"start":{"line":24,"column":25},"end":{"line":24,"column":56}},"16":{"start":{"line":25,"column":20},"end":{"line":27,"column":null}},"17":{"start":{"line":28,"column":31},"end":{"line":28,"column":34}},"18":{"start":{"line":29,"column":24},"end":{"line":29,"column":44}},"19":{"start":{"line":30,"column":25},"end":{"line":30,"column":54}},"20":{"start":{"line":31,"column":23},"end":{"line":31,"column":49}},"21":{"start":{"line":32,"column":8},"end":{"line":32,"column":null}},"22":{"start":{"line":37,"column":15},"end":{"line":61,"column":null}},"23":{"start":{"line":37,"column":52},"end":{"line":61,"column":null}},"24":{"start":{"line":38,"column":17},"end":{"line":54,"column":6}},"25":{"start":{"line":38,"column":56},"end":{"line":54,"column":6}},"26":{"start":{"line":39,"column":44},"end":{"line":39,"column":51}},"27":{"start":{"line":39,"column":39},"end":{"line":39,"column":44}},"28":{"start":{"line":40,"column":27},"end":{"line":40,"column":91}},"29":{"start":{"line":41,"column":8},"end":{"line":43,"column":9}},"30":{"start":{"line":42,"column":12},"end":{"line":42,"column":null}},"31":{"start":{"line":44,"column":22},"end":{"line":44,"column":65}},"32":{"start":{"line":45,"column":8},"end":{"line":52,"column":11}},"33":{"start":{"line":53,"column":8},"end":{"line":53,"column":null}},"34":{"start":{"line":56,"column":4},"end":{"line":58,"column":5}},"35":{"start":{"line":57,"column":8},"end":{"line":57,"column":null}},"36":{"start":{"line":59,"column":4},"end":{"line":59,"column":16}},"37":{"start":{"line":64,"column":17},"end":{"line":71,"column":null}},"38":{"start":{"line":64,"column":38},"end":{"line":71,"column":null}},"39":{"start":{"line":65,"column":19},"end":{"line":69,"column":6}},"40":{"start":{"line":70,"column":4},"end":{"line":70,"column":18}},"41":{"start":{"line":88,"column":13},"end":{"line":91,"column":null}}},"fnMap":{"0":{"name":"(anonymous_9)","decl":{"start":{"line":8,"column":30},"end":{"line":8,"column":37}},"loc":{"start":{"line":8,"column":52},"end":{"line":34,"column":null}}},"1":{"name":"(anonymous_10)","decl":{"start":{"line":8,"column":52},"end":{"line":8,"column":null}},"loc":{"start":{"line":8,"column":52},"end":{"line":34,"column":1}}},"2":{"name":"(anonymous_11)","decl":{"start":{"line":37,"column":15},"end":{"line":37,"column":22}},"loc":{"start":{"line":37,"column":52},"end":{"line":61,"column":null}}},"3":{"name":"(anonymous_12)","decl":{"start":{"line":37,"column":52},"end":{"line":37,"column":null}},"loc":{"start":{"line":37,"column":52},"end":{"line":61,"column":1}}},"4":{"name":"(anonymous_13)","decl":{"start":{"line":38,"column":43},"end":{"line":38,"column":50}},"loc":{"start":{"line":38,"column":56},"end":{"line":54,"column":6}}},"5":{"name":"(anonymous_14)","decl":{"start":{"line":38,"column":56},"end":{"line":38,"column":null}},"loc":{"start":{"line":38,"column":56},"end":{"line":54,"column":5}}},"6":{"name":"(anonymous_15)","decl":{"start":{"line":64,"column":17},"end":{"line":64,"column":24}},"loc":{"start":{"line":64,"column":38},"end":{"line":71,"column":null}}},"7":{"name":"(anonymous_16)","decl":{"start":{"line":64,"column":38},"end":{"line":64,"column":null}},"loc":{"start":{"line":64,"column":38},"end":{"line":71,"column":1}}}},"branchMap":{"0":{"loc":{"start":{"line":23,"column":4},"end":{"line":33,"column":5}},"type":"if","locations":[{"start":{"line":23,"column":4},"end":{"line":33,"column":5}}]},"1":{"loc":{"start":{"line":41,"column":8},"end":{"line":43,"column":9}},"type":"if","locations":[{"start":{"line":41,"column":8},"end":{"line":43,"column":9}}]},"2":{"loc":{"start":{"line":48,"column":26},"end":{"line":48,"column":null}},"type":"binary-expr","locations":[{"start":{"line":48,"column":26},"end":{"line":48,"column":34}},{"start":{"line":48,"column":38},"end":{"line":48,"column":73}}]},"3":{"loc":{"start":{"line":56,"column":4},"end":{"line":58,"column":5}},"type":"if","locations":[{"start":{"line":56,"column":4},"end":{"line":58,"column":5}}]}},"s":{"0":2,"1":2,"2":2,"3":2,"4":2,"5":2,"6":2,"7":0,"8":0,"9":0,"10":0,"11":0,"12":0,"13":0,"14":0,"15":0,"16":0,"17":0,"18":0,"19":0,"20":0,"21":0,"22":2,"23":0,"24":0,"25":0,"26":0,"27":0,"28":0,"29":0,"30":0,"31":0,"32":0,"33":0,"34":0,"35":0,"36":0,"37":2,"38":0,"39":0,"40":0,"41":2},"f":{"0":0,"1":0,"2":0,"3":0,"4":0,"5":0,"6":0,"7":0},"b":{"0":[0],"1":[0],"2":[0,0],"3":[0]}}
,"E:\\current\\MedicalApp (1)\\node server\\src\\app\\modules\\appointment\\appointment.controller.ts": {"path":"E:\\current\\MedicalApp (1)\\node server\\src\\app\\modules\\appointment\\appointment.controller.ts","statementMap":{"0":{"start":{"line":2,"column":0},"end":{"line":2,"column":52}},"1":{"start":{"line":3,"column":0},"end":{"line":3,"column":56}},"2":{"start":{"line":4,"column":0},"end":{"line":4,"column":59}},"3":{"start":{"line":7,"column":26},"end":{"line":15,"column":2}},"4":{"start":{"line":7,"column":75},"end":{"line":15,"column":2}},"5":{"start":{"line":8,"column":19},"end":{"line":8,"column":81}},"6":{"start":{"line":9,"column":4},"end":{"line":14,"column":null}},"7":{"start":{"line":16,"column":46},"end":{"line":24,"column":2}},"8":{"start":{"line":16,"column":95},"end":{"line":24,"column":2}},"9":{"start":{"line":17,"column":19},"end":{"line":17,"column":91}},"10":{"start":{"line":18,"column":4},"end":{"line":23,"column":null}},"11":{"start":{"line":27,"column":26},"end":{"line":35,"column":2}},"12":{"start":{"line":27,"column":75},"end":{"line":35,"column":2}},"13":{"start":{"line":28,"column":19},"end":{"line":28,"column":64}},"14":{"start":{"line":29,"column":4},"end":{"line":34,"column":null}},"15":{"start":{"line":37,"column":23},"end":{"line":45,"column":2}},"16":{"start":{"line":37,"column":72},"end":{"line":45,"column":2}},"17":{"start":{"line":38,"column":19},"end":{"line":38,"column":73}},"18":{"start":{"line":39,"column":4},"end":{"line":44,"column":null}},"19":{"start":{"line":47,"column":35},"end":{"line":55,"column":2}},"20":{"start":{"line":47,"column":84},"end":{"line":55,"column":2}},"21":{"start":{"line":48,"column":19},"end":{"line":48,"column":80}},"22":{"start":{"line":49,"column":4},"end":{"line":54,"column":null}},"23":{"start":{"line":57,"column":26},"end":{"line":65,"column":2}},"24":{"start":{"line":57,"column":75},"end":{"line":65,"column":2}},"25":{"start":{"line":58,"column":19},"end":{"line":58,"column":76}},"26":{"start":{"line":59,"column":4},"end":{"line":64,"column":null}},"27":{"start":{"line":67,"column":26},"end":{"line":75,"column":2}},"28":{"start":{"line":67,"column":75},"end":{"line":75,"column":2}},"29":{"start":{"line":68,"column":19},"end":{"line":68,"column":86}},"30":{"start":{"line":69,"column":4},"end":{"line":74,"column":null}},"31":{"start":{"line":77,"column":34},"end":{"line":85,"column":2}},"32":{"start":{"line":77,"column":83},"end":{"line":85,"column":2}},"33":{"start":{"line":78,"column":19},"end":{"line":78,"column":79}},"34":{"start":{"line":79,"column":4},"end":{"line":84,"column":null}},"35":{"start":{"line":87,"column":34},"end":{"line":95,"column":2}},"36":{"start":{"line":87,"column":83},"end":{"line":95,"column":2}},"37":{"start":{"line":88,"column":19},"end":{"line":88,"column":90}},"38":{"start":{"line":89,"column":4},"end":{"line":94,"column":null}},"39":{"start":{"line":97,"column":34},"end":{"line":105,"column":2}},"40":{"start":{"line":97,"column":83},"end":{"line":105,"column":2}},"41":{"start":{"line":98,"column":19},"end":{"line":98,"column":89}},"42":{"start":{"line":99,"column":4},"end":{"line":104,"column":null}},"43":{"start":{"line":107,"column":26},"end":{"line":115,"column":2}},"44":{"start":{"line":107,"column":75},"end":{"line":115,"column":2}},"45":{"start":{"line":108,"column":19},"end":{"line":108,"column":71}},"46":{"start":{"line":109,"column":4},"end":{"line":114,"column":null}},"47":{"start":{"line":117,"column":38},"end":{"line":125,"column":2}},"48":{"start":{"line":117,"column":87},"end":{"line":125,"column":2}},"49":{"start":{"line":118,"column":19},"end":{"line":118,"column":88}},"50":{"start":{"line":119,"column":4},"end":{"line":124,"column":null}},"51":{"start":{"line":127,"column":30},"end":{"line":135,"column":2}},"52":{"start":{"line":127,"column":79},"end":{"line":135,"column":2}},"53":{"start":{"line":128,"column":19},"end":{"line":128,"column":75}},"54":{"start":{"line":129,"column":4},"end":{"line":134,"column":null}},"55":{"start":{"line":137,"column":26},"end":{"line":145,"column":2}},"56":{"start":{"line":137,"column":75},"end":{"line":145,"column":2}},"57":{"start":{"line":138,"column":19},"end":{"line":138,"column":71}},"58":{"start":{"line":139,"column":4},"end":{"line":144,"column":null}},"59":{"start":{"line":147,"column":13},"end":{"line":162,"column":null}}},"fnMap":{"0":{"name":"(anonymous_8)","decl":{"start":{"line":7,"column":37},"end":{"line":7,"column":44}},"loc":{"start":{"line":7,"column":75},"end":{"line":15,"column":2}}},"1":{"name":"(anonymous_9)","decl":{"start":{"line":7,"column":75},"end":{"line":7,"column":null}},"loc":{"start":{"line":7,"column":75},"end":{"line":15,"column":1}}},"2":{"name":"(anonymous_10)","decl":{"start":{"line":16,"column":57},"end":{"line":16,"column":64}},"loc":{"start":{"line":16,"column":95},"end":{"line":24,"column":2}}},"3":{"name":"(anonymous_11)","decl":{"start":{"line":16,"column":95},"end":{"line":16,"column":null}},"loc":{"start":{"line":16,"column":95},"end":{"line":24,"column":1}}},"4":{"name":"(anonymous_12)","decl":{"start":{"line":27,"column":37},"end":{"line":27,"column":44}},"loc":{"start":{"line":27,"column":75},"end":{"line":35,"column":2}}},"5":{"name":"(anonymous_13)","decl":{"start":{"line":27,"column":75},"end":{"line":27,"column":null}},"loc":{"start":{"line":27,"column":75},"end":{"line":35,"column":1}}},"6":{"name":"(anonymous_14)","decl":{"start":{"line":37,"column":34},"end":{"line":37,"column":41}},"loc":{"start":{"line":37,"column":72},"end":{"line":45,"column":2}}},"7":{"name":"(anonymous_15)","decl":{"start":{"line":37,"column":72},"end":{"line":37,"column":null}},"loc":{"start":{"line":37,"column":72},"end":{"line":45,"column":1}}},"8":{"name":"(anonymous_16)","decl":{"start":{"line":47,"column":46},"end":{"line":47,"column":53}},"loc":{"start":{"line":47,"column":84},"end":{"line":55,"column":2}}},"9":{"name":"(anonymous_17)","decl":{"start":{"line":47,"column":84},"end":{"line":47,"column":null}},"loc":{"start":{"line":47,"column":84},"end":{"line":55,"column":1}}},"10":{"name":"(anonymous_18)","decl":{"start":{"line":57,"column":37},"end":{"line":57,"column":44}},"loc":{"start":{"line":57,"column":75},"end":{"line":65,"column":2}}},"11":{"name":"(anonymous_19)","decl":{"start":{"line":57,"column":75},"end":{"line":57,"column":null}},"loc":{"start":{"line":57,"column":75},"end":{"line":65,"column":1}}},"12":{"name":"(anonymous_20)","decl":{"start":{"line":67,"column":37},"end":{"line":67,"column":44}},"loc":{"start":{"line":67,"column":75},"end":{"line":75,"column":2}}},"13":{"name":"(anonymous_21)","decl":{"start":{"line":67,"column":75},"end":{"line":67,"column":null}},"loc":{"start":{"line":67,"column":75},"end":{"line":75,"column":1}}},"14":{"name":"(anonymous_22)","decl":{"start":{"line":77,"column":45},"end":{"line":77,"column":52}},"loc":{"start":{"line":77,"column":83},"end":{"line":85,"column":2}}},"15":{"name":"(anonymous_23)","decl":{"start":{"line":77,"column":83},"end":{"line":77,"column":null}},"loc":{"start":{"line":77,"column":83},"end":{"line":85,"column":1}}},"16":{"name":"(anonymous_24)","decl":{"start":{"line":87,"column":45},"end":{"line":87,"column":52}},"loc":{"start":{"line":87,"column":83},"end":{"line":95,"column":2}}},"17":{"name":"(anonymous_25)","decl":{"start":{"line":87,"column":83},"end":{"line":87,"column":null}},"loc":{"start":{"line":87,"column":83},"end":{"line":95,"column":1}}},"18":{"name":"(anonymous_26)","decl":{"start":{"line":97,"column":45},"end":{"line":97,"column":52}},"loc":{"start":{"line":97,"column":83},"end":{"line":105,"column":2}}},"19":{"name":"(anonymous_27)","decl":{"start":{"line":97,"column":83},"end":{"line":97,"column":null}},"loc":{"start":{"line":97,"column":83},"end":{"line":105,"column":1}}},"20":{"name":"(anonymous_28)","decl":{"start":{"line":107,"column":37},"end":{"line":107,"column":44}},"loc":{"start":{"line":107,"column":75},"end":{"line":115,"column":2}}},"21":{"name":"(anonymous_29)","decl":{"start":{"line":107,"column":75},"end":{"line":107,"column":null}},"loc":{"start":{"line":107,"column":75},"end":{"line":115,"column":1}}},"22":{"name":"(anonymous_30)","decl":{"start":{"line":117,"column":49},"end":{"line":117,"column":56}},"loc":{"start":{"line":117,"column":87},"end":{"line":125,"column":2}}},"23":{"name":"(anonymous_31)","decl":{"start":{"line":117,"column":87},"end":{"line":117,"column":null}},"loc":{"start":{"line":117,"column":87},"end":{"line":125,"column":1}}},"24":{"name":"(anonymous_32)","decl":{"start":{"line":127,"column":41},"end":{"line":127,"column":48}},"loc":{"start":{"line":127,"column":79},"end":{"line":135,"column":2}}},"25":{"name":"(anonymous_33)","decl":{"start":{"line":127,"column":79},"end":{"line":127,"column":null}},"loc":{"start":{"line":127,"column":79},"end":{"line":135,"column":1}}},"26":{"name":"(anonymous_34)","decl":{"start":{"line":137,"column":37},"end":{"line":137,"column":44}},"loc":{"start":{"line":137,"column":75},"end":{"line":145,"column":2}}},"27":{"name":"(anonymous_35)","decl":{"start":{"line":137,"column":75},"end":{"line":137,"column":null}},"loc":{"start":{"line":137,"column":75},"end":{"line":145,"column":1}}}},"branchMap":{},"s":{"0":2,"1":2,"2":2,"3":2,"4":0,"5":0,"6":0,"7":2,"8":0,"9":0,"10":0,"11":2,"12":0,"13":0,"14":0,"15":2,"16":0,"17":0,"18":0,"19":2,"20":0,"21":0,"22":0,"23":2,"24":0,"25":0,"26":0,"27":2,"28":0,"29":0,"30":0,"31":2,"32":0,"33":0,"34":0,"35":2,"36":0,"37":0,"38":0,"39":2,"40":0,"41":0,"42":0,"43":2,"44":0,"45":0,"46":0,"47":2,"48":0,"49":0,"50":0,"51":2,"52":0,"53":0,"54":0,"55":2,"56":0,"57":0,"58":0,"59":2},"f":{"0":0,"1":0,"2":0,"3":0,"4":0,"5":0,"6":0,"7":0,"8":0,"9":0,"10":0,"11":0,"12":0,"13":0,"14":0,"15":0,"16":0,"17":0,"18":0,"19":0,"20":0,"21":0,"22":0,"23":0,"24":0,"25":0,"26":0,"27":0},"b":{}}
,"E:\\current\\MedicalApp (1)\\node server\\src\\app\\modules\\appointment\\appointment.route.ts": {"path":"E:\\current\\MedicalApp (1)\\node server\\src\\app\\modules\\appointment\\appointment.route.ts","statementMap":{"0":{"start":{"line":1,"column":0},"end":{"line":1,"column":30}},"1":{"start":{"line":2,"column":0},"end":{"line":2,"column":46}},"2":{"start":{"line":3,"column":0},"end":{"line":3,"column":42}},"3":{"start":{"line":4,"column":0},"end":{"line":4,"column":65}},"4":{"start":{"line":6,"column":15},"end":{"line":6,"column":31}},"5":{"start":{"line":8,"column":0},"end":{"line":8,"column":57}},"6":{"start":{"line":10,"column":0},"end":{"line":10,"column":108}},"7":{"start":{"line":11,"column":0},"end":{"line":11,"column":100}},"8":{"start":{"line":12,"column":0},"end":{"line":12,"column":111}},"9":{"start":{"line":14,"column":0},"end":{"line":14,"column":122}},"10":{"start":{"line":15,"column":0},"end":{"line":15,"column":110}},"11":{"start":{"line":17,"column":0},"end":{"line":17,"column":133}},"12":{"start":{"line":19,"column":0},"end":{"line":19,"column":75}},"13":{"start":{"line":20,"column":0},"end":{"line":20,"column":87}},"14":{"start":{"line":21,"column":0},"end":{"line":21,"column":100}},"15":{"start":{"line":23,"column":0},"end":{"line":23,"column":57}},"16":{"start":{"line":25,"column":0},"end":{"line":25,"column":63}},"17":{"start":{"line":26,"column":0},"end":{"line":26,"column":118}},"18":{"start":{"line":28,"column":0},"end":{"line":28,"column":130}},"19":{"start":{"line":31,"column":13},"end":{"line":31,"column":40}}},"fnMap":{},"branchMap":{},"s":{"0":2,"1":2,"2":2,"3":2,"4":2,"5":2,"6":2,"7":2,"8":2,"9":2,"10":2,"11":2,"12":2,"13":2,"14":2,"15":2,"16":2,"17":2,"18":2,"19":2},"f":{},"b":{}}
,"E:\\current\\MedicalApp (1)\\node server\\src\\app\\modules\\appointment\\appointment.service.ts": {"path":"E:\\current\\MedicalApp (1)\\node server\\src\\app\\modules\\appointment\\appointment.service.ts","statementMap":{"0":{"start":{"line":2,"column":0},"end":{"line":2,"column":44}},"1":{"start":{"line":3,"column":0},"end":{"line":3,"column":48}},"2":{"start":{"line":4,"column":0},"end":{"line":4,"column":37}},"3":{"start":{"line":5,"column":0},"end":{"line":5,"column":28}},"4":{"start":{"line":6,"column":0},"end":{"line":6,"column":70}},"5":{"start":{"line":8,"column":26},"end":{"line":107,"column":null}},"6":{"start":{"line":8,"column":96},"end":{"line":107,"column":null}},"7":{"start":{"line":10,"column":37},"end":{"line":10,"column":44}},"8":{"start":{"line":11,"column":24},"end":{"line":15,"column":6}},"9":{"start":{"line":16,"column":4},"end":{"line":18,"column":5}},"10":{"start":{"line":17,"column":8},"end":{"line":17,"column":null}},"11":{"start":{"line":20,"column":26},"end":{"line":24,"column":6}},"12":{"start":{"line":25,"column":4},"end":{"line":27,"column":5}},"13":{"start":{"line":26,"column":8},"end":{"line":26,"column":null}},"14":{"start":{"line":29,"column":4},"end":{"line":31,"column":5}},"15":{"start":{"line":30,"column":8},"end":{"line":30,"column":50}},"16":{"start":{"line":32,"column":19},"end":{"line":105,"column":6}},"17":{"start":{"line":32,"column":58},"end":{"line":105,"column":6}},"18":{"start":{"line":33,"column":36},"end":{"line":36,"column":10}},"19":{"start":{"line":37,"column":38},"end":{"line":37,"column":87}},"20":{"start":{"line":38,"column":26},"end":{"line":38,"column":94}},"21":{"start":{"line":41,"column":32},"end":{"line":41,"column":81}},"22":{"start":{"line":42,"column":21},"end":{"line":42,"column":36}},"23":{"start":{"line":43,"column":22},"end":{"line":43,"column":72}},"24":{"start":{"line":44,"column":20},"end":{"line":44,"column":70}},"25":{"start":{"line":45,"column":27},"end":{"line":45,"column":84}},"26":{"start":{"line":46,"column":8},"end":{"line":46,"column":47}},"27":{"start":{"line":48,"column":28},"end":{"line":54,"column":10}},"28":{"start":{"line":55,"column":47},"end":{"line":55,"column":54}},"29":{"start":{"line":56,"column":23},"end":{"line":56,"column":50}},"30":{"start":{"line":57,"column":20},"end":{"line":57,"column":46}},"31":{"start":{"line":58,"column":8},"end":{"line":70,"column":9}},"32":{"start":{"line":59,"column":12},"end":{"line":69,"column":null}},"33":{"start":{"line":72,"column":25},"end":{"line":72,"column":61}},"34":{"start":{"line":73,"column":31},"end":{"line":96,"column":null}},"35":{"start":{"line":97,"column":31},"end":{"line":97,"column":45}},"36":{"start":{"line":98,"column":26},"end":{"line":98,"column":48}},"37":{"start":{"line":99,"column":25},"end":{"line":99,"column":46}},"38":{"start":{"line":100,"column":24},"end":{"line":100,"column":192}},"39":{"start":{"line":101,"column":25},"end":{"line":101,"column":48}},"40":{"start":{"line":102,"column":23},"end":{"line":102,"column":79}},"41":{"start":{"line":103,"column":8},"end":{"line":103,"column":null}},"42":{"start":{"line":104,"column":8},"end":{"line":104,"column":27}},"43":{"start":{"line":106,"column":4},"end":{"line":106,"column":18}},"44":{"start":{"line":109,"column":46},"end":{"line":169,"column":null}},"45":{"start":{"line":109,"column":99},"end":{"line":169,"column":null}},"46":{"start":{"line":110,"column":37},"end":{"line":110,"column":44}},"47":{"start":{"line":111,"column":4},"end":{"line":111,"column":78}},"48":{"start":{"line":113,"column":19},"end":{"line":166,"column":6}},"49":{"start":{"line":113,"column":58},"end":{"line":166,"column":6}},"50":{"start":{"line":114,"column":36},"end":{"line":117,"column":10}},"51":{"start":{"line":119,"column":38},"end":{"line":119,"column":87}},"52":{"start":{"line":120,"column":26},"end":{"line":120,"column":89}},"53":{"start":{"line":122,"column":21},"end":{"line":122,"column":36}},"54":{"start":{"line":123,"column":22},"end":{"line":123,"column":72}},"55":{"start":{"line":124,"column":20},"end":{"line":124,"column":70}},"56":{"start":{"line":125,"column":27},"end":{"line":125,"column":75}},"57":{"start":{"line":126,"column":8},"end":{"line":126,"column":47}},"58":{"start":{"line":128,"column":28},"end":{"line":130,"column":10}},"59":{"start":{"line":131,"column":47},"end":{"line":131,"column":54}},"60":{"start":{"line":132,"column":20},"end":{"line":132,"column":42}},"61":{"start":{"line":133,"column":8},"end":{"line":145,"column":9}},"62":{"start":{"line":134,"column":12},"end":{"line":144,"column":null}},"63":{"start":{"line":147,"column":31},"end":{"line":156,"column":null}},"64":{"start":{"line":157,"column":25},"end":{"line":157,"column":57}},"65":{"start":{"line":158,"column":31},"end":{"line":158,"column":45}},"66":{"start":{"line":159,"column":26},"end":{"line":159,"column":48}},"67":{"start":{"line":160,"column":25},"end":{"line":160,"column":46}},"68":{"start":{"line":161,"column":24},"end":{"line":161,"column":117}},"69":{"start":{"line":162,"column":25},"end":{"line":162,"column":54}},"70":{"start":{"line":163,"column":23},"end":{"line":163,"column":45}},"71":{"start":{"line":164,"column":8},"end":{"line":164,"column":null}},"72":{"start":{"line":165,"column":8},"end":{"line":165,"column":27}},"73":{"start":{"line":168,"column":4},"end":{"line":168,"column":18}},"74":{"start":{"line":171,"column":27},"end":{"line":174,"column":null}},"75":{"start":{"line":171,"column":70},"end":{"line":174,"column":null}},"76":{"start":{"line":172,"column":19},"end":{"line":172,"column":55}},"77":{"start":{"line":173,"column":4},"end":{"line":173,"column":18}},"78":{"start":{"line":176,"column":23},"end":{"line":187,"column":null}},"79":{"start":{"line":176,"column":74},"end":{"line":187,"column":null}},"80":{"start":{"line":177,"column":19},"end":{"line":185,"column":6}},"81":{"start":{"line":186,"column":4},"end":{"line":186,"column":18}},"82":{"start":{"line":189,"column":35},"end":{"line":221,"column":null}},"83":{"start":{"line":189,"column":85},"end":{"line":221,"column":null}},"84":{"start":{"line":190,"column":19},"end":{"line":190,"column":23}},"85":{"start":{"line":192,"column":19},"end":{"line":219,"column":6}},"86":{"start":{"line":220,"column":4},"end":{"line":220,"column":18}},"87":{"start":{"line":223,"column":34},"end":{"line":242,"column":null}},"88":{"start":{"line":223,"column":86},"end":{"line":242,"column":null}},"89":{"start":{"line":224,"column":23},"end":{"line":224,"column":27}},"90":{"start":{"line":225,"column":22},"end":{"line":229,"column":6}},"91":{"start":{"line":230,"column":4},"end":{"line":232,"column":5}},"92":{"start":{"line":231,"column":8},"end":{"line":231,"column":null}},"93":{"start":{"line":233,"column":19},"end":{"line":240,"column":6}},"94":{"start":{"line":241,"column":4},"end":{"line":241,"column":18}},"95":{"start":{"line":244,"column":38},"end":{"line":275,"column":null}},"96":{"start":{"line":244,"column":73},"end":{"line":275,"column":null}},"97":{"start":{"line":245,"column":19},"end":{"line":273,"column":6}},"98":{"start":{"line":274,"column":4},"end":{"line":274,"column":18}},"99":{"start":{"line":277,"column":30},"end":{"line":302,"column":null}},"100":{"start":{"line":277,"column":70},"end":{"line":302,"column":null}},"101":{"start":{"line":278,"column":23},"end":{"line":278,"column":27}},"102":{"start":{"line":279,"column":24},"end":{"line":281,"column":6}},"103":{"start":{"line":282,"column":4},"end":{"line":284,"column":5}},"104":{"start":{"line":283,"column":8},"end":{"line":283,"column":null}},"105":{"start":{"line":285,"column":19},"end":{"line":300,"column":6}},"106":{"start":{"line":301,"column":4},"end":{"line":301,"column":18}},"107":{"start":{"line":303,"column":26},"end":{"line":327,"column":null}},"108":{"start":{"line":303,"column":73},"end":{"line":327,"column":null}},"109":{"start":{"line":304,"column":23},"end":{"line":304,"column":27}},"110":{"start":{"line":305,"column":24},"end":{"line":307,"column":6}},"111":{"start":{"line":308,"column":4},"end":{"line":310,"column":5}},"112":{"start":{"line":309,"column":8},"end":{"line":309,"column":null}},"113":{"start":{"line":311,"column":19},"end":{"line":325,"column":6}},"114":{"start":{"line":326,"column":4},"end":{"line":326,"column":18}},"115":{"start":{"line":329,"column":26},"end":{"line":336,"column":null}},"116":{"start":{"line":329,"column":61},"end":{"line":336,"column":null}},"117":{"start":{"line":330,"column":19},"end":{"line":334,"column":6}},"118":{"start":{"line":335,"column":4},"end":{"line":335,"column":18}},"119":{"start":{"line":338,"column":26},"end":{"line":346,"column":null}},"120":{"start":{"line":338,"column":102},"end":{"line":346,"column":null}},"121":{"start":{"line":339,"column":19},"end":{"line":344,"column":6}},"122":{"start":{"line":345,"column":4},"end":{"line":345,"column":18}},"123":{"start":{"line":349,"column":34},"end":{"line":389,"column":null}},"124":{"start":{"line":349,"column":99},"end":{"line":389,"column":null}},"125":{"start":{"line":350,"column":23},"end":{"line":350,"column":27}},"126":{"start":{"line":351,"column":21},"end":{"line":355,"column":6}},"127":{"start":{"line":356,"column":4},"end":{"line":356,"column":97}},"128":{"start":{"line":356,"column":21},"end":{"line":356,"column":96}},"129":{"start":{"line":358,"column":28},"end":{"line":358,"column":48}},"130":{"start":{"line":360,"column":4},"end":{"line":368,"column":5}},"131":{"start":{"line":361,"column":22},"end":{"line":361,"column":75}},"132":{"start":{"line":362,"column":25},"end":{"line":362,"column":83}},"133":{"start":{"line":364,"column":8},"end":{"line":367,"column":null}},"134":{"start":{"line":369,"column":4},"end":{"line":374,"column":5}},"135":{"start":{"line":370,"column":29},"end":{"line":370,"column":97}},"136":{"start":{"line":371,"column":8},"end":{"line":373,"column":null}},"137":{"start":{"line":375,"column":28},"end":{"line":375,"column":60}},"138":{"start":{"line":377,"column":19},"end":{"line":387,"column":6}},"139":{"start":{"line":388,"column":4},"end":{"line":388,"column":18}},"140":{"start":{"line":391,"column":26},"end":{"line":420,"column":null}},"141":{"start":{"line":391,"column":66},"end":{"line":420,"column":null}},"142":{"start":{"line":392,"column":23},"end":{"line":392,"column":27}},"143":{"start":{"line":393,"column":21},"end":{"line":397,"column":6}},"144":{"start":{"line":398,"column":4},"end":{"line":400,"column":5}},"145":{"start":{"line":399,"column":8},"end":{"line":399,"column":null}},"146":{"start":{"line":402,"column":21},"end":{"line":407,"column":6}},"147":{"start":{"line":410,"column":23},"end":{"line":410,"column":73}},"148":{"start":{"line":410,"column":51},"end":{"line":410,"column":72}},"149":{"start":{"line":411,"column":24},"end":{"line":418,"column":6}},"150":{"start":{"line":419,"column":4},"end":{"line":419,"column":23}},"151":{"start":{"line":422,"column":34},"end":{"line":439,"column":null}},"152":{"start":{"line":422,"column":116},"end":{"line":439,"column":null}},"153":{"start":{"line":423,"column":23},"end":{"line":423,"column":27}},"154":{"start":{"line":424,"column":21},"end":{"line":428,"column":6}},"155":{"start":{"line":429,"column":4},"end":{"line":431,"column":5}},"156":{"start":{"line":430,"column":8},"end":{"line":430,"column":null}},"157":{"start":{"line":432,"column":19},"end":{"line":437,"column":6}},"158":{"start":{"line":438,"column":4},"end":{"line":438,"column":18}},"159":{"start":{"line":441,"column":13},"end":{"line":456,"column":null}}},"fnMap":{"0":{"name":"(anonymous_8)","decl":{"start":{"line":8,"column":26},"end":{"line":8,"column":33}},"loc":{"start":{"line":8,"column":96},"end":{"line":107,"column":null}}},"1":{"name":"(anonymous_9)","decl":{"start":{"line":8,"column":96},"end":{"line":8,"column":null}},"loc":{"start":{"line":8,"column":96},"end":{"line":107,"column":1}}},"2":{"name":"(anonymous_10)","decl":{"start":{"line":32,"column":45},"end":{"line":32,"column":52}},"loc":{"start":{"line":32,"column":58},"end":{"line":105,"column":6}}},"3":{"name":"(anonymous_11)","decl":{"start":{"line":32,"column":58},"end":{"line":32,"column":null}},"loc":{"start":{"line":32,"column":58},"end":{"line":105,"column":5}}},"4":{"name":"(anonymous_12)","decl":{"start":{"line":109,"column":46},"end":{"line":109,"column":53}},"loc":{"start":{"line":109,"column":99},"end":{"line":169,"column":null}}},"5":{"name":"(anonymous_13)","decl":{"start":{"line":109,"column":99},"end":{"line":109,"column":null}},"loc":{"start":{"line":109,"column":99},"end":{"line":169,"column":1}}},"6":{"name":"(anonymous_14)","decl":{"start":{"line":113,"column":45},"end":{"line":113,"column":52}},"loc":{"start":{"line":113,"column":58},"end":{"line":166,"column":6}}},"7":{"name":"(anonymous_15)","decl":{"start":{"line":113,"column":58},"end":{"line":113,"column":null}},"loc":{"start":{"line":113,"column":58},"end":{"line":166,"column":5}}},"8":{"name":"(anonymous_16)","decl":{"start":{"line":171,"column":27},"end":{"line":171,"column":68}},"loc":{"start":{"line":171,"column":70},"end":{"line":174,"column":null}}},"9":{"name":"(anonymous_17)","decl":{"start":{"line":171,"column":70},"end":{"line":171,"column":null}},"loc":{"start":{"line":171,"column":70},"end":{"line":174,"column":1}}},"10":{"name":"(anonymous_18)","decl":{"start":{"line":176,"column":23},"end":{"line":176,"column":30}},"loc":{"start":{"line":176,"column":74},"end":{"line":187,"column":null}}},"11":{"name":"(anonymous_19)","decl":{"start":{"line":176,"column":74},"end":{"line":176,"column":null}},"loc":{"start":{"line":176,"column":74},"end":{"line":187,"column":1}}},"12":{"name":"(anonymous_20)","decl":{"start":{"line":189,"column":35},"end":{"line":189,"column":42}},"loc":{"start":{"line":189,"column":85},"end":{"line":221,"column":null}}},"13":{"name":"(anonymous_21)","decl":{"start":{"line":189,"column":85},"end":{"line":189,"column":null}},"loc":{"start":{"line":189,"column":85},"end":{"line":221,"column":1}}},"14":{"name":"(anonymous_22)","decl":{"start":{"line":223,"column":34},"end":{"line":223,"column":41}},"loc":{"start":{"line":223,"column":86},"end":{"line":242,"column":null}}},"15":{"name":"(anonymous_23)","decl":{"start":{"line":223,"column":86},"end":{"line":223,"column":null}},"loc":{"start":{"line":223,"column":86},"end":{"line":242,"column":1}}},"16":{"name":"(anonymous_24)","decl":{"start":{"line":244,"column":38},"end":{"line":244,"column":45}},"loc":{"start":{"line":244,"column":73},"end":{"line":275,"column":null}}},"17":{"name":"(anonymous_25)","decl":{"start":{"line":244,"column":73},"end":{"line":244,"column":null}},"loc":{"start":{"line":244,"column":73},"end":{"line":275,"column":1}}},"18":{"name":"(anonymous_26)","decl":{"start":{"line":277,"column":30},"end":{"line":277,"column":37}},"loc":{"start":{"line":277,"column":70},"end":{"line":302,"column":null}}},"19":{"name":"(anonymous_27)","decl":{"start":{"line":277,"column":70},"end":{"line":277,"column":null}},"loc":{"start":{"line":277,"column":70},"end":{"line":302,"column":1}}},"20":{"name":"(anonymous_28)","decl":{"start":{"line":303,"column":26},"end":{"line":303,"column":33}},"loc":{"start":{"line":303,"column":73},"end":{"line":327,"column":null}}},"21":{"name":"(anonymous_29)","decl":{"start":{"line":303,"column":73},"end":{"line":303,"column":null}},"loc":{"start":{"line":303,"column":73},"end":{"line":327,"column":1}}},"22":{"name":"(anonymous_30)","decl":{"start":{"line":329,"column":26},"end":{"line":329,"column":33}},"loc":{"start":{"line":329,"column":61},"end":{"line":336,"column":null}}},"23":{"name":"(anonymous_31)","decl":{"start":{"line":329,"column":61},"end":{"line":329,"column":null}},"loc":{"start":{"line":329,"column":61},"end":{"line":336,"column":1}}},"24":{"name":"(anonymous_32)","decl":{"start":{"line":338,"column":26},"end":{"line":338,"column":33}},"loc":{"start":{"line":338,"column":102},"end":{"line":346,"column":null}}},"25":{"name":"(anonymous_33)","decl":{"start":{"line":338,"column":102},"end":{"line":338,"column":null}},"loc":{"start":{"line":338,"column":102},"end":{"line":346,"column":1}}},"26":{"name":"(anonymous_34)","decl":{"start":{"line":349,"column":34},"end":{"line":349,"column":41}},"loc":{"start":{"line":349,"column":99},"end":{"line":389,"column":null}}},"27":{"name":"(anonymous_35)","decl":{"start":{"line":349,"column":99},"end":{"line":349,"column":null}},"loc":{"start":{"line":349,"column":99},"end":{"line":389,"column":1}}},"28":{"name":"(anonymous_36)","decl":{"start":{"line":391,"column":26},"end":{"line":391,"column":33}},"loc":{"start":{"line":391,"column":66},"end":{"line":420,"column":null}}},"29":{"name":"(anonymous_37)","decl":{"start":{"line":391,"column":66},"end":{"line":391,"column":null}},"loc":{"start":{"line":391,"column":66},"end":{"line":420,"column":1}}},"30":{"name":"(anonymous_38)","decl":{"start":{"line":410,"column":36},"end":{"line":410,"column":47}},"loc":{"start":{"line":410,"column":51},"end":{"line":410,"column":72}}},"31":{"name":"(anonymous_39)","decl":{"start":{"line":422,"column":34},"end":{"line":422,"column":41}},"loc":{"start":{"line":422,"column":116},"end":{"line":439,"column":null}}},"32":{"name":"(anonymous_40)","decl":{"start":{"line":422,"column":116},"end":{"line":422,"column":null}},"loc":{"start":{"line":422,"column":116},"end":{"line":439,"column":1}}}},"branchMap":{"0":{"loc":{"start":{"line":16,"column":4},"end":{"line":18,"column":5}},"type":"if","locations":[{"start":{"line":16,"column":4},"end":{"line":18,"column":5}}]},"1":{"loc":{"start":{"line":25,"column":4},"end":{"line":27,"column":5}},"type":"if","locations":[{"start":{"line":25,"column":4},"end":{"line":27,"column":5}}]},"2":{"loc":{"start":{"line":29,"column":4},"end":{"line":31,"column":5}},"type":"if","locations":[{"start":{"line":29,"column":4},"end":{"line":31,"column":5}}]},"3":{"loc":{"start":{"line":37,"column":39},"end":{"line":37,"column":76}},"type":"cond-expr","locations":[{"start":{"line":37,"column":70},"end":{"line":37,"column":74}},{"start":{"line":37,"column":74},"end":{"line":37,"column":76}}]},"4":{"loc":{"start":{"line":37,"column":39},"end":{"line":37,"column":74}},"type":"binary-expr","locations":[{"start":{"line":37,"column":39},"end":{"line":37,"column":74}},{"start":{"line":37,"column":70},"end":{"line":37,"column":74}}]},"5":{"loc":{"start":{"line":37,"column":39},"end":{"line":37,"column":70}},"type":"cond-expr","locations":[{"start":{"line":37,"column":58},"end":{"line":37,"column":60}},{"start":{"line":37,"column":39},"end":{"line":37,"column":70}}]},"6":{"loc":{"start":{"line":37,"column":39},"end":{"line":37,"column":60}},"type":"binary-expr","locations":[{"start":{"line":37,"column":39},"end":{"line":37,"column":60}},{"start":{"line":37,"column":39},"end":{"line":37,"column":60}}]},"7":{"loc":{"start":{"line":38,"column":27},"end":{"line":38,"column":65}},"type":"binary-expr","locations":[{"start":{"line":38,"column":27},"end":{"line":38,"column":60}},{"start":{"line":38,"column":64},"end":{"line":38,"column":65}}]},"8":{"loc":{"start":{"line":41,"column":32},"end":{"line":41,"column":81}},"type":"cond-expr","locations":[{"start":{"line":41,"column":54},"end":{"line":41,"column":56}},{"start":{"line":41,"column":54},"end":{"line":41,"column":81}}]},"9":{"loc":{"start":{"line":41,"column":32},"end":{"line":41,"column":56}},"type":"binary-expr","locations":[{"start":{"line":41,"column":32},"end":{"line":41,"column":56}},{"start":{"line":41,"column":54},"end":{"line":41,"column":56}}]},"10":{"loc":{"start":{"line":41,"column":32},"end":{"line":41,"column":54}},"type":"cond-expr","locations":[{"start":{"line":41,"column":43},"end":{"line":41,"column":45}},{"start":{"line":41,"column":32},"end":{"line":41,"column":54}}]},"11":{"loc":{"start":{"line":41,"column":32},"end":{"line":41,"column":45}},"type":"binary-expr","locations":[{"start":{"line":41,"column":32},"end":{"line":41,"column":45}},{"start":{"line":41,"column":32},"end":{"line":41,"column":45}}]},"12":{"loc":{"start":{"line":45,"column":27},"end":{"line":45,"column":84}},"type":"binary-expr","locations":[{"start":{"line":45,"column":27},"end":{"line":45,"column":75}},{"start":{"line":45,"column":79},"end":{"line":45,"column":84}}]},"13":{"loc":{"start":{"line":58,"column":8},"end":{"line":70,"column":9}},"type":"if","locations":[{"start":{"line":58,"column":8},"end":{"line":70,"column":9}}]},"14":{"loc":{"start":{"line":82,"column":23},"end":{"line":82,"column":47}},"type":"cond-expr","locations":[{"start":{"line":82,"column":42},"end":{"line":82,"column":44}},{"start":{"line":82,"column":42},"end":{"line":82,"column":47}}]},"15":{"loc":{"start":{"line":82,"column":23},"end":{"line":82,"column":44}},"type":"binary-expr","locations":[{"start":{"line":82,"column":23},"end":{"line":82,"column":44}},{"start":{"line":82,"column":42},"end":{"line":82,"column":44}}]},"16":{"loc":{"start":{"line":82,"column":23},"end":{"line":82,"column":42}},"type":"cond-expr","locations":[{"start":{"line":82,"column":34},"end":{"line":82,"column":36}},{"start":{"line":82,"column":23},"end":{"line":82,"column":42}}]},"17":{"loc":{"start":{"line":82,"column":23},"end":{"line":82,"column":36}},"type":"binary-expr","locations":[{"start":{"line":82,"column":23},"end":{"line":82,"column":36}},{"start":{"line":82,"column":23},"end":{"line":82,"column":36}}]},"18":{"loc":{"start":{"line":83,"column":29},"end":{"line":83,"column":59}},"type":"cond-expr","locations":[{"start":{"line":83,"column":48},"end":{"line":83,"column":50}},{"start":{"line":83,"column":48},"end":{"line":83,"column":59}}]},"19":{"loc":{"start":{"line":83,"column":29},"end":{"line":83,"column":50}},"type":"binary-expr","locations":[{"start":{"line":83,"column":29},"end":{"line":83,"column":50}},{"start":{"line":83,"column":48},"end":{"line":83,"column":50}}]},"20":{"loc":{"start":{"line":83,"column":29},"end":{"line":83,"column":48}},"type":"cond-expr","locations":[{"start":{"line":83,"column":40},"end":{"line":83,"column":42}},{"start":{"line":83,"column":29},"end":{"line":83,"column":48}}]},"21":{"loc":{"start":{"line":83,"column":29},"end":{"line":83,"column":42}},"type":"binary-expr","locations":[{"start":{"line":83,"column":29},"end":{"line":83,"column":42}},{"start":{"line":83,"column":29},"end":{"line":83,"column":42}}]},"22":{"loc":{"start":{"line":84,"column":28},"end":{"line":84,"column":57}},"type":"cond-expr","locations":[{"start":{"line":84,"column":47},"end":{"line":84,"column":49}},{"start":{"line":84,"column":47},"end":{"line":84,"column":57}}]},"23":{"loc":{"start":{"line":84,"column":28},"end":{"line":84,"column":49}},"type":"binary-expr","locations":[{"start":{"line":84,"column":28},"end":{"line":84,"column":49}},{"start":{"line":84,"column":47},"end":{"line":84,"column":49}}]},"24":{"loc":{"start":{"line":84,"column":28},"end":{"line":84,"column":47}},"type":"cond-expr","locations":[{"start":{"line":84,"column":39},"end":{"line":84,"column":41}},{"start":{"line":84,"column":28},"end":{"line":84,"column":47}}]},"25":{"loc":{"start":{"line":84,"column":28},"end":{"line":84,"column":41}},"type":"binary-expr","locations":[{"start":{"line":84,"column":28},"end":{"line":84,"column":41}},{"start":{"line":84,"column":28},"end":{"line":84,"column":41}}]},"26":{"loc":{"start":{"line":85,"column":27},"end":{"line":85,"column":62}},"type":"cond-expr","locations":[{"start":{"line":85,"column":46},"end":{"line":85,"column":48}},{"start":{"line":85,"column":46},"end":{"line":85,"column":62}}]},"27":{"loc":{"start":{"line":85,"column":27},"end":{"line":85,"column":48}},"type":"binary-expr","locations":[{"start":{"line":85,"column":27},"end":{"line":85,"column":48}},{"start":{"line":85,"column":46},"end":{"line":85,"column":48}}]},"28":{"loc":{"start":{"line":85,"column":27},"end":{"line":85,"column":46}},"type":"cond-expr","locations":[{"start":{"line":85,"column":38},"end":{"line":85,"column":40}},{"start":{"line":85,"column":27},"end":{"line":85,"column":46}}]},"29":{"loc":{"start":{"line":85,"column":27},"end":{"line":85,"column":40}},"type":"binary-expr","locations":[{"start":{"line":85,"column":27},"end":{"line":85,"column":40}},{"start":{"line":85,"column":27},"end":{"line":85,"column":40}}]},"30":{"loc":{"start":{"line":86,"column":24},"end":{"line":86,"column":56}},"type":"cond-expr","locations":[{"start":{"line":86,"column":43},"end":{"line":86,"column":45}},{"start":{"line":86,"column":43},"end":{"line":86,"column":56}}]},"31":{"loc":{"start":{"line":86,"column":24},"end":{"line":86,"column":45}},"type":"binary-expr","locations":[{"start":{"line":86,"column":24},"end":{"line":86,"column":45}},{"start":{"line":86,"column":43},"end":{"line":86,"column":45}}]},"32":{"loc":{"start":{"line":86,"column":24},"end":{"line":86,"column":43}},"type":"cond-expr","locations":[{"start":{"line":86,"column":35},"end":{"line":86,"column":37}},{"start":{"line":86,"column":24},"end":{"line":86,"column":43}}]},"33":{"loc":{"start":{"line":86,"column":24},"end":{"line":86,"column":37}},"type":"binary-expr","locations":[{"start":{"line":86,"column":24},"end":{"line":86,"column":37}},{"start":{"line":86,"column":24},"end":{"line":86,"column":37}}]},"34":{"loc":{"start":{"line":87,"column":20},"end":{"line":87,"column":48}},"type":"cond-expr","locations":[{"start":{"line":87,"column":39},"end":{"line":87,"column":41}},{"start":{"line":87,"column":39},"end":{"line":87,"column":48}}]},"35":{"loc":{"start":{"line":87,"column":20},"end":{"line":87,"column":41}},"type":"binary-expr","locations":[{"start":{"line":87,"column":20},"end":{"line":87,"column":41}},{"start":{"line":87,"column":39},"end":{"line":87,"column":41}}]},"36":{"loc":{"start":{"line":87,"column":20},"end":{"line":87,"column":39}},"type":"cond-expr","locations":[{"start":{"line":87,"column":31},"end":{"line":87,"column":33}},{"start":{"line":87,"column":20},"end":{"line":87,"column":39}}]},"37":{"loc":{"start":{"line":87,"column":20},"end":{"line":87,"column":33}},"type":"binary-expr","locations":[{"start":{"line":87,"column":20},"end":{"line":87,"column":33}},{"start":{"line":87,"column":20},"end":{"line":87,"column":33}}]},"38":{"loc":{"start":{"line":88,"column":23},"end":{"line":88,"column":48}},"type":"cond-expr","locations":[{"start":{"line":88,"column":43},"end":{"line":88,"column":45}},{"start":{"line":88,"column":43},"end":{"line":88,"column":48}}]},"39":{"loc":{"start":{"line":88,"column":23},"end":{"line":88,"column":45}},"type":"binary-expr","locations":[{"start":{"line":88,"column":23},"end":{"line":88,"column":45}},{"start":{"line":88,"column":43},"end":{"line":88,"column":45}}]},"40":{"loc":{"start":{"line":88,"column":23},"end":{"line":88,"column":43}},"type":"cond-expr","locations":[{"start":{"line":88,"column":34},"end":{"line":88,"column":36}},{"start":{"line":88,"column":23},"end":{"line":88,"column":43}}]},"41":{"loc":{"start":{"line":88,"column":23},"end":{"line":88,"column":36}},"type":"binary-expr","locations":[{"start":{"line":88,"column":23},"end":{"line":88,"column":36}},{"start":{"line":88,"column":23},"end":{"line":88,"column":36}}]},"42":{"loc":{"start":{"line":89,"column":29},"end":{"line":89,"column":60}},"type":"cond-expr","locations":[{"start":{"line":89,"column":49},"end":{"line":89,"column":51}},{"start":{"line":89,"column":49},"end":{"line":89,"column":60}}]},"43":{"loc":{"start":{"line":89,"column":29},"end":{"line":89,"column":51}},"type":"binary-expr","locations":[{"start":{"line":89,"column":29},"end":{"line":89,"column":51}},{"start":{"line":89,"column":49},"end":{"line":89,"column":51}}]},"44":{"loc":{"start":{"line":89,"column":29},"end":{"line":89,"column":49}},"type":"cond-expr","locations":[{"start":{"line":89,"column":40},"end":{"line":89,"column":42}},{"start":{"line":89,"column":29},"end":{"line":89,"column":49}}]},"45":{"loc":{"start":{"line":89,"column":29},"end":{"line":89,"column":42}},"type":"binary-expr","locations":[{"start":{"line":89,"column":29},"end":{"line":89,"column":42}},{"start":{"line":89,"column":29},"end":{"line":89,"column":42}}]},"46":{"loc":{"start":{"line":90,"column":28},"end":{"line":90,"column":58}},"type":"cond-expr","locations":[{"start":{"line":90,"column":48},"end":{"line":90,"column":50}},{"start":{"line":90,"column":48},"end":{"line":90,"column":58}}]},"47":{"loc":{"start":{"line":90,"column":28},"end":{"line":90,"column":50}},"type":"binary-expr","locations":[{"start":{"line":90,"column":28},"end":{"line":90,"column":50}},{"start":{"line":90,"column":48},"end":{"line":90,"column":50}}]},"48":{"loc":{"start":{"line":90,"column":28},"end":{"line":90,"column":48}},"type":"cond-expr","locations":[{"start":{"line":90,"column":39},"end":{"line":90,"column":41}},{"start":{"line":90,"column":28},"end":{"line":90,"column":48}}]},"49":{"loc":{"start":{"line":90,"column":28},"end":{"line":90,"column":41}},"type":"binary-expr","locations":[{"start":{"line":90,"column":28},"end":{"line":90,"column":41}},{"start":{"line":90,"column":28},"end":{"line":90,"column":41}}]},"50":{"loc":{"start":{"line":91,"column":46},"end":{"line":91,"column":79}},"type":"cond-expr","locations":[{"start":{"line":91,"column":66},"end":{"line":91,"column":68}},{"start":{"line":91,"column":66},"end":{"line":91,"column":79}}]},"51":{"loc":{"start":{"line":91,"column":46},"end":{"line":91,"column":68}},"type":"binary-expr","locations":[{"start":{"line":91,"column":46},"end":{"line":91,"column":68}},{"start":{"line":91,"column":66},"end":{"line":91,"column":68}}]},"52":{"loc":{"start":{"line":91,"column":46},"end":{"line":91,"column":66}},"type":"cond-expr","locations":[{"start":{"line":91,"column":57},"end":{"line":91,"column":59}},{"start":{"line":91,"column":46},"end":{"line":91,"column":66}}]},"53":{"loc":{"start":{"line":91,"column":46},"end":{"line":91,"column":59}},"type":"binary-expr","locations":[{"start":{"line":91,"column":46},"end":{"line":91,"column":59}},{"start":{"line":91,"column":46},"end":{"line":91,"column":59}}]},"54":{"loc":{"start":{"line":92,"column":23},"end":{"line":92,"column":55}},"type":"cond-expr","locations":[{"start":{"line":92,"column":43},"end":{"line":92,"column":45}},{"start":{"line":92,"column":43},"end":{"line":92,"column":55}}]},"55":{"loc":{"start":{"line":92,"column":23},"end":{"line":92,"column":45}},"type":"binary-expr","locations":[{"start":{"line":92,"column":23},"end":{"line":92,"column":45}},{"start":{"line":92,"column":43},"end":{"line":92,"column":45}}]},"56":{"loc":{"start":{"line":92,"column":23},"end":{"line":92,"column":43}},"type":"cond-expr","locations":[{"start":{"line":92,"column":34},"end":{"line":92,"column":36}},{"start":{"line":92,"column":23},"end":{"line":92,"column":43}}]},"57":{"loc":{"start":{"line":92,"column":23},"end":{"line":92,"column":36}},"type":"binary-expr","locations":[{"start":{"line":92,"column":23},"end":{"line":92,"column":36}},{"start":{"line":92,"column":23},"end":{"line":92,"column":36}}]},"58":{"loc":{"start":{"line":93,"column":17},"end":{"line":93,"column":43}},"type":"cond-expr","locations":[{"start":{"line":93,"column":37},"end":{"line":93,"column":39}},{"start":{"line":93,"column":37},"end":{"line":93,"column":43}}]},"59":{"loc":{"start":{"line":93,"column":17},"end":{"line":93,"column":39}},"type":"binary-expr","locations":[{"start":{"line":93,"column":17},"end":{"line":93,"column":39}},{"start":{"line":93,"column":37},"end":{"line":93,"column":39}}]},"60":{"loc":{"start":{"line":93,"column":17},"end":{"line":93,"column":37}},"type":"cond-expr","locations":[{"start":{"line":93,"column":28},"end":{"line":93,"column":30}},{"start":{"line":93,"column":17},"end":{"line":93,"column":37}}]},"61":{"loc":{"start":{"line":93,"column":17},"end":{"line":93,"column":30}},"type":"binary-expr","locations":[{"start":{"line":93,"column":17},"end":{"line":93,"column":30}},{"start":{"line":93,"column":17},"end":{"line":93,"column":30}}]},"62":{"loc":{"start":{"line":94,"column":18},"end":{"line":94,"column":45}},"type":"cond-expr","locations":[{"start":{"line":94,"column":38},"end":{"line":94,"column":40}},{"start":{"line":94,"column":38},"end":{"line":94,"column":45}}]},"63":{"loc":{"start":{"line":94,"column":18},"end":{"line":94,"column":40}},"type":"binary-expr","locations":[{"start":{"line":94,"column":18},"end":{"line":94,"column":40}},{"start":{"line":94,"column":38},"end":{"line":94,"column":40}}]},"64":{"loc":{"start":{"line":94,"column":18},"end":{"line":94,"column":38}},"type":"cond-expr","locations":[{"start":{"line":94,"column":29},"end":{"line":94,"column":31}},{"start":{"line":94,"column":18},"end":{"line":94,"column":38}}]},"65":{"loc":{"start":{"line":94,"column":18},"end":{"line":94,"column":31}},"type":"binary-expr","locations":[{"start":{"line":94,"column":18},"end":{"line":94,"column":31}},{"start":{"line":94,"column":18},"end":{"line":94,"column":31}}]},"66":{"loc":{"start":{"line":95,"column":20},"end":{"line":95,"column":49}},"type":"cond-expr","locations":[{"start":{"line":95,"column":40},"end":{"line":95,"column":42}},{"start":{"line":95,"column":40},"end":{"line":95,"column":49}}]},"67":{"loc":{"start":{"line":95,"column":20},"end":{"line":95,"column":42}},"type":"binary-expr","locations":[{"start":{"line":95,"column":20},"end":{"line":95,"column":42}},{"start":{"line":95,"column":40},"end":{"line":95,"column":42}}]},"68":{"loc":{"start":{"line":95,"column":20},"end":{"line":95,"column":40}},"type":"cond-expr","locations":[{"start":{"line":95,"column":31},"end":{"line":95,"column":33}},{"start":{"line":95,"column":20},"end":{"line":95,"column":40}}]},"69":{"loc":{"start":{"line":95,"column":20},"end":{"line":95,"column":33}},"type":"binary-expr","locations":[{"start":{"line":95,"column":20},"end":{"line":95,"column":33}},{"start":{"line":95,"column":20},"end":{"line":95,"column":33}}]},"70":{"loc":{"start":{"line":98,"column":26},"end":{"line":98,"column":48}},"type":"cond-expr","locations":[{"start":{"line":98,"column":37},"end":{"line":98,"column":39}},{"start":{"line":98,"column":26},"end":{"line":98,"column":48}}]},"71":{"loc":{"start":{"line":98,"column":26},"end":{"line":98,"column":39}},"type":"binary-expr","locations":[{"start":{"line":98,"column":26},"end":{"line":98,"column":39}},{"start":{"line":98,"column":26},"end":{"line":98,"column":39}}]},"72":{"loc":{"start":{"line":99,"column":25},"end":{"line":99,"column":46}},"type":"cond-expr","locations":[{"start":{"line":99,"column":36},"end":{"line":99,"column":38}},{"start":{"line":99,"column":25},"end":{"line":99,"column":46}}]},"73":{"loc":{"start":{"line":99,"column":25},"end":{"line":99,"column":38}},"type":"binary-expr","locations":[{"start":{"line":99,"column":25},"end":{"line":99,"column":38}},{"start":{"line":99,"column":25},"end":{"line":99,"column":38}}]},"74":{"loc":{"start":{"line":100,"column":55},"end":{"line":100,"column":85}},"type":"cond-expr","locations":[{"start":{"line":100,"column":74},"end":{"line":100,"column":76}},{"start":{"line":100,"column":74},"end":{"line":100,"column":85}}]},"75":{"loc":{"start":{"line":100,"column":55},"end":{"line":100,"column":76}},"type":"binary-expr","locations":[{"start":{"line":100,"column":55},"end":{"line":100,"column":76}},{"start":{"line":100,"column":74},"end":{"line":100,"column":76}}]},"76":{"loc":{"start":{"line":100,"column":55},"end":{"line":100,"column":74}},"type":"cond-expr","locations":[{"start":{"line":100,"column":66},"end":{"line":100,"column":68}},{"start":{"line":100,"column":55},"end":{"line":100,"column":74}}]},"77":{"loc":{"start":{"line":100,"column":55},"end":{"line":100,"column":68}},"type":"binary-expr","locations":[{"start":{"line":100,"column":55},"end":{"line":100,"column":68}},{"start":{"line":100,"column":55},"end":{"line":100,"column":68}}]},"78":{"loc":{"start":{"line":100,"column":94},"end":{"line":100,"column":123}},"type":"cond-expr","locations":[{"start":{"line":100,"column":113},"end":{"line":100,"column":115}},{"start":{"line":100,"column":113},"end":{"line":100,"column":123}}]},"79":{"loc":{"start":{"line":100,"column":94},"end":{"line":100,"column":115}},"type":"binary-expr","locations":[{"start":{"line":100,"column":94},"end":{"line":100,"column":115}},{"start":{"line":100,"column":113},"end":{"line":100,"column":115}}]},"80":{"loc":{"start":{"line":100,"column":94},"end":{"line":100,"column":113}},"type":"cond-expr","locations":[{"start":{"line":100,"column":105},"end":{"line":100,"column":107}},{"start":{"line":100,"column":94},"end":{"line":100,"column":113}}]},"81":{"loc":{"start":{"line":100,"column":94},"end":{"line":100,"column":107}},"type":"binary-expr","locations":[{"start":{"line":100,"column":94},"end":{"line":100,"column":107}},{"start":{"line":100,"column":94},"end":{"line":100,"column":107}}]},"82":{"loc":{"start":{"line":102,"column":52},"end":{"line":102,"column":77}},"type":"cond-expr","locations":[{"start":{"line":102,"column":70},"end":{"line":102,"column":72}},{"start":{"line":102,"column":70},"end":{"line":102,"column":77}}]},"83":{"loc":{"start":{"line":102,"column":52},"end":{"line":102,"column":72}},"type":"binary-expr","locations":[{"start":{"line":102,"column":52},"end":{"line":102,"column":72}},{"start":{"line":102,"column":70},"end":{"line":102,"column":72}}]},"84":{"loc":{"start":{"line":111,"column":31},"end":{"line":111,"column":77}},"type":"binary-expr","locations":[{"start":{"line":111,"column":31},"end":{"line":111,"column":52}},{"start":{"line":111,"column":56},"end":{"line":111,"column":77}}]},"85":{"loc":{"start":{"line":119,"column":39},"end":{"line":119,"column":76}},"type":"cond-expr","locations":[{"start":{"line":119,"column":70},"end":{"line":119,"column":74}},{"start":{"line":119,"column":74},"end":{"line":119,"column":76}}]},"86":{"loc":{"start":{"line":119,"column":39},"end":{"line":119,"column":74}},"type":"binary-expr","locations":[{"start":{"line":119,"column":39},"end":{"line":119,"column":74}},{"start":{"line":119,"column":70},"end":{"line":119,"column":74}}]},"87":{"loc":{"start":{"line":119,"column":39},"end":{"line":119,"column":70}},"type":"cond-expr","locations":[{"start":{"line":119,"column":58},"end":{"line":119,"column":60}},{"start":{"line":119,"column":39},"end":{"line":119,"column":70}}]},"88":{"loc":{"start":{"line":119,"column":39},"end":{"line":119,"column":60}},"type":"binary-expr","locations":[{"start":{"line":119,"column":39},"end":{"line":119,"column":60}},{"start":{"line":119,"column":39},"end":{"line":119,"column":60}}]},"89":{"loc":{"start":{"line":125,"column":27},"end":{"line":125,"column":75}},"type":"binary-expr","locations":[{"start":{"line":125,"column":27},"end":{"line":125,"column":65}},{"start":{"line":125,"column":69},"end":{"line":125,"column":75}}]},"90":{"loc":{"start":{"line":133,"column":8},"end":{"line":145,"column":9}},"type":"if","locations":[{"start":{"line":133,"column":8},"end":{"line":145,"column":9}}]},"91":{"loc":{"start":{"line":159,"column":26},"end":{"line":159,"column":48}},"type":"cond-expr","locations":[{"start":{"line":159,"column":37},"end":{"line":159,"column":39}},{"start":{"line":159,"column":26},"end":{"line":159,"column":48}}]},"92":{"loc":{"start":{"line":159,"column":26},"end":{"line":159,"column":39}},"type":"binary-expr","locations":[{"start":{"line":159,"column":26},"end":{"line":159,"column":39}},{"start":{"line":159,"column":26},"end":{"line":159,"column":39}}]},"93":{"loc":{"start":{"line":160,"column":25},"end":{"line":160,"column":46}},"type":"cond-expr","locations":[{"start":{"line":160,"column":36},"end":{"line":160,"column":38}},{"start":{"line":160,"column":25},"end":{"line":160,"column":46}}]},"94":{"loc":{"start":{"line":160,"column":25},"end":{"line":160,"column":38}},"type":"binary-expr","locations":[{"start":{"line":160,"column":25},"end":{"line":160,"column":38}},{"start":{"line":160,"column":25},"end":{"line":160,"column":38}}]},"95":{"loc":{"start":{"line":230,"column":4},"end":{"line":232,"column":5}},"type":"if","locations":[{"start":{"line":230,"column":4},"end":{"line":232,"column":5}}]},"96":{"loc":{"start":{"line":282,"column":4},"end":{"line":284,"column":5}},"type":"if","locations":[{"start":{"line":282,"column":4},"end":{"line":284,"column":5}}]},"97":{"loc":{"start":{"line":308,"column":4},"end":{"line":310,"column":5}},"type":"if","locations":[{"start":{"line":308,"column":4},"end":{"line":310,"column":5}}]},"98":{"loc":{"start":{"line":356,"column":4},"end":{"line":356,"column":97}},"type":"if","locations":[{"start":{"line":356,"column":4},"end":{"line":356,"column":97}}]},"99":{"loc":{"start":{"line":360,"column":4},"end":{"line":368,"column":5}},"type":"if","locations":[{"start":{"line":360,"column":4},"end":{"line":368,"column":5}}]},"100":{"loc":{"start":{"line":369,"column":4},"end":{"line":374,"column":5}},"type":"if","locations":[{"start":{"line":369,"column":4},"end":{"line":374,"column":5}}]},"101":{"loc":{"start":{"line":375,"column":28},"end":{"line":375,"column":60}},"type":"cond-expr","locations":[{"start":{"line":375,"column":43},"end":{"line":375,"column":55}},{"start":{"line":375,"column":58},"end":{"line":375,"column":60}}]},"102":{"loc":{"start":{"line":398,"column":4},"end":{"line":400,"column":5}},"type":"if","locations":[{"start":{"line":398,"column":4},"end":{"line":400,"column":5}}]},"103":{"loc":{"start":{"line":429,"column":4},"end":{"line":431,"column":5}},"type":"if","locations":[{"start":{"line":429,"column":4},"end":{"line":431,"column":5}}]}},"s":{"0":2,"1":2,"2":2,"3":2,"4":2,"5":2,"6":0,"7":0,"8":0,"9":0,"10":0,"11":0,"12":0,"13":0,"14":0,"15":0,"16":0,"17":0,"18":0,"19":0,"20":0,"21":0,"22":0,"23":0,"24":0,"25":0,"26":0,"27":0,"28":0,"29":0,"30":0,"31":0,"32":0,"33":0,"34":0,"35":0,"36":0,"37":0,"38":0,"39":0,"40":0,"41":0,"42":0,"43":0,"44":2,"45":0,"46":0,"47":0,"48":0,"49":0,"50":0,"51":0,"52":0,"53":0,"54":0,"55":0,"56":0,"57":0,"58":0,"59":0,"60":0,"61":0,"62":0,"63":0,"64":0,"65":0,"66":0,"67":0,"68":0,"69":0,"70":0,"71":0,"72":0,"73":0,"74":2,"75":0,"76":0,"77":0,"78":2,"79":0,"80":0,"81":0,"82":2,"83":0,"84":0,"85":0,"86":0,"87":2,"88":0,"89":0,"90":0,"91":0,"92":0,"93":0,"94":0,"95":2,"96":0,"97":0,"98":0,"99":2,"100":0,"101":0,"102":0,"103":0,"104":0,"105":0,"106":0,"107":2,"108":0,"109":0,"110":0,"111":0,"112":0,"113":0,"114":0,"115":2,"116":0,"117":0,"118":0,"119":2,"120":0,"121":0,"122":0,"123":2,"124":0,"125":0,"126":0,"127":0,"128":0,"129":0,"130":0,"131":0,"132":0,"133":0,"134":0,"135":0,"136":0,"137":0,"138":0,"139":0,"140":2,"141":0,"142":0,"143":0,"144":0,"145":0,"146":0,"147":0,"148":0,"149":0,"150":0,"151":2,"152":0,"153":0,"154":0,"155":0,"156":0,"157":0,"158":0,"159":2},"f":{"0":0,"1":0,"2":0,"3":0,"4":0,"5":0,"6":0,"7":0,"8":0,"9":0,"10":0,"11":0,"12":0,"13":0,"14":0,"15":0,"16":0,"17":0,"18":0,"19":0,"20":0,"21":0,"22":0,"23":0,"24":0,"25":0,"26":0,"27":0,"28":0,"29":0,"30":0,"31":0,"32":0},"b":{"0":[0],"1":[0],"2":[0],"3":[0,0],"4":[0,0],"5":[0,0],"6":[0,0],"7":[0,0],"8":[0,0],"9":[0,0],"10":[0,0],"11":[0,0],"12":[0,0],"13":[0],"14":[0,0],"15":[0,0],"16":[0,0],"17":[0,0],"18":[0,0],"19":[0,0],"20":[0,0],"21":[0,0],"22":[0,0],"23":[0,0],"24":[0,0],"25":[0,0],"26":[0,0],"27":[0,0],"28":[0,0],"29":[0,0],"30":[0,0],"31":[0,0],"32":[0,0],"33":[0,0],"34":[0,0],"35":[0,0],"36":[0,0],"37":[0,0],"38":[0,0],"39":[0,0],"40":[0,0],"41":[0,0],"42":[0,0],"43":[0,0],"44":[0,0],"45":[0,0],"46":[0,0],"47":[0,0],"48":[0,0],"49":[0,0],"50":[0,0],"51":[0,0],"52":[0,0],"53":[0,0],"54":[0,0],"55":[0,0],"56":[0,0],"57":[0,0],"58":[0,0],"59":[0,0],"60":[0,0],"61":[0,0],"62":[0,0],"63":[0,0],"64":[0,0],"65":[0,0],"66":[0,0],"67":[0,0],"68":[0,0],"69":[0,0],"70":[0,0],"71":[0,0],"72":[0,0],"73":[0,0],"74":[0,0],"75":[0,0],"76":[0,0],"77":[0,0],"78":[0,0],"79":[0,0],"80":[0,0],"81":[0,0],"82":[0,0],"83":[0,0],"84":[0,0],"85":[0,0],"86":[0,0],"87":[0,0],"88":[0,0],"89":[0,0],"90":[0],"91":[0,0],"92":[0,0],"93":[0,0],"94":[0,0],"95":[0],"96":[0],"97":[0],"98":[0],"99":[0],"100":[0],"101":[0,0],"102":[0],"103":[0]}}
,"E:\\current\\MedicalApp (1)\\node server\\src\\app\\modules\\auth\\auth.controller.ts": {"path":"E:\\current\\MedicalApp (1)\\node server\\src\\app\\modules\\auth\\auth.controller.ts","statementMap":{"0":{"start":{"line":2,"column":0},"end":{"line":2,"column":52}},"1":{"start":{"line":3,"column":0},"end":{"line":3,"column":56}},"2":{"start":{"line":4,"column":0},"end":{"line":4,"column":45}},"3":{"start":{"line":5,"column":0},"end":{"line":5,"column":37}},"4":{"start":{"line":6,"column":0},"end":{"line":6,"column":24}},"5":{"start":{"line":7,"column":0},"end":{"line":7,"column":44}},"6":{"start":{"line":8,"column":0},"end":{"line":8,"column":48}},"7":{"start":{"line":9,"column":0},"end":{"line":9,"column":37}},"8":{"start":{"line":11,"column":14},"end":{"line":26,"column":2}},"9":{"start":{"line":11,"column":63},"end":{"line":26,"column":2}},"10":{"start":{"line":12,"column":19},"end":{"line":12,"column":56}},"11":{"start":{"line":13,"column":28},"end":{"line":13,"column":34}},"12":{"start":{"line":15,"column":26},"end":{"line":18,"column":null}},"13":{"start":{"line":19,"column":4},"end":{"line":19,"column":null}},"14":{"start":{"line":20,"column":4},"end":{"line":25,"column":null}},"15":{"start":{"line":27,"column":22},"end":{"line":35,"column":2}},"16":{"start":{"line":27,"column":71},"end":{"line":35,"column":2}},"17":{"start":{"line":28,"column":19},"end":{"line":28,"column":60}},"18":{"start":{"line":29,"column":4},"end":{"line":34,"column":null}},"19":{"start":{"line":37,"column":29},"end":{"line":45,"column":2}},"20":{"start":{"line":37,"column":78},"end":{"line":45,"column":2}},"21":{"start":{"line":38,"column":19},"end":{"line":38,"column":66}},"22":{"start":{"line":39,"column":4},"end":{"line":44,"column":null}},"23":{"start":{"line":47,"column":19},"end":{"line":90,"column":2}},"24":{"start":{"line":47,"column":68},"end":{"line":90,"column":2}},"25":{"start":{"line":48,"column":4},"end":{"line":89,"column":5}},"26":{"start":{"line":49,"column":27},"end":{"line":49,"column":37}},"27":{"start":{"line":50,"column":28},"end":{"line":54,"column":10}},"28":{"start":{"line":55,"column":8},"end":{"line":57,"column":9}},"29":{"start":{"line":56,"column":12},"end":{"line":56,"column":77}},"30":{"start":{"line":58,"column":35},"end":{"line":62,"column":10}},"31":{"start":{"line":63,"column":8},"end":{"line":86,"column":9}},"32":{"start":{"line":65,"column":16},"end":{"line":80,"column":null}},"33":{"start":{"line":65,"column":55},"end":{"line":80,"column":18}},"34":{"start":{"line":66,"column":20},"end":{"line":74,"column":23}},"35":{"start":{"line":75,"column":20},"end":{"line":79,"column":null}},"36":{"start":{"line":81,"column":16},"end":{"line":85,"column":null}},"37":{"start":{"line":88,"column":8},"end":{"line":88,"column":82}},"38":{"start":{"line":93,"column":14},"end":{"line":121,"column":2}},"39":{"start":{"line":93,"column":63},"end":{"line":121,"column":2}},"40":{"start":{"line":94,"column":4},"end":{"line":120,"column":5}},"41":{"start":{"line":95,"column":25},"end":{"line":95,"column":52}},"42":{"start":{"line":96,"column":34},"end":{"line":96,"column":67}},"43":{"start":{"line":97,"column":30},"end":{"line":97,"column":58}},"44":{"start":{"line":98,"column":24},"end":{"line":98,"column":54}},"45":{"start":{"line":99,"column":29},"end":{"line":99,"column":65}},"46":{"start":{"line":100,"column":25},"end":{"line":100,"column":56}},"47":{"start":{"line":101,"column":21},"end":{"line":108,"column":10}},"48":{"start":{"line":111,"column":8},"end":{"line":116,"column":null}},"49":{"start":{"line":119,"column":8},"end":{"line":119,"column":82}},"50":{"start":{"line":124,"column":17},"end":{"line":126,"column":2}},"51":{"start":{"line":124,"column":66},"end":{"line":126,"column":2}},"52":{"start":{"line":125,"column":4},"end":{"line":125,"column":null}},"53":{"start":{"line":129,"column":13},"end":{"line":136,"column":null}}},"fnMap":{"0":{"name":"(anonymous_8)","decl":{"start":{"line":11,"column":25},"end":{"line":11,"column":32}},"loc":{"start":{"line":11,"column":63},"end":{"line":26,"column":2}}},"1":{"name":"(anonymous_9)","decl":{"start":{"line":11,"column":63},"end":{"line":11,"column":null}},"loc":{"start":{"line":11,"column":63},"end":{"line":26,"column":1}}},"2":{"name":"(anonymous_10)","decl":{"start":{"line":27,"column":33},"end":{"line":27,"column":40}},"loc":{"start":{"line":27,"column":71},"end":{"line":35,"column":2}}},"3":{"name":"(anonymous_11)","decl":{"start":{"line":27,"column":71},"end":{"line":27,"column":null}},"loc":{"start":{"line":27,"column":71},"end":{"line":35,"column":1}}},"4":{"name":"(anonymous_12)","decl":{"start":{"line":37,"column":40},"end":{"line":37,"column":47}},"loc":{"start":{"line":37,"column":78},"end":{"line":45,"column":2}}},"5":{"name":"(anonymous_13)","decl":{"start":{"line":37,"column":78},"end":{"line":37,"column":null}},"loc":{"start":{"line":37,"column":78},"end":{"line":45,"column":1}}},"6":{"name":"(anonymous_14)","decl":{"start":{"line":47,"column":30},"end":{"line":47,"column":37}},"loc":{"start":{"line":47,"column":68},"end":{"line":90,"column":2}}},"7":{"name":"(anonymous_15)","decl":{"start":{"line":47,"column":68},"end":{"line":47,"column":null}},"loc":{"start":{"line":47,"column":68},"end":{"line":90,"column":1}}},"8":{"name":"(anonymous_16)","decl":{"start":{"line":65,"column":42},"end":{"line":65,"column":49}},"loc":{"start":{"line":65,"column":55},"end":{"line":80,"column":18}}},"9":{"name":"(anonymous_17)","decl":{"start":{"line":65,"column":55},"end":{"line":65,"column":null}},"loc":{"start":{"line":65,"column":55},"end":{"line":80,"column":17}}},"10":{"name":"(anonymous_18)","decl":{"start":{"line":93,"column":25},"end":{"line":93,"column":32}},"loc":{"start":{"line":93,"column":63},"end":{"line":121,"column":2}}},"11":{"name":"(anonymous_19)","decl":{"start":{"line":93,"column":63},"end":{"line":93,"column":null}},"loc":{"start":{"line":93,"column":63},"end":{"line":121,"column":1}}},"12":{"name":"(anonymous_20)","decl":{"start":{"line":124,"column":28},"end":{"line":124,"column":35}},"loc":{"start":{"line":124,"column":66},"end":{"line":126,"column":2}}},"13":{"name":"(anonymous_21)","decl":{"start":{"line":124,"column":66},"end":{"line":124,"column":null}},"loc":{"start":{"line":124,"column":66},"end":{"line":126,"column":1}}}},"branchMap":{"0":{"loc":{"start":{"line":55,"column":8},"end":{"line":57,"column":9}},"type":"if","locations":[{"start":{"line":55,"column":8},"end":{"line":57,"column":9}}]},"1":{"loc":{"start":{"line":63,"column":8},"end":{"line":86,"column":9}},"type":"if","locations":[{"start":{"line":63,"column":8},"end":{"line":86,"column":9}}]}},"s":{"0":2,"1":2,"2":2,"3":2,"4":2,"5":2,"6":2,"7":2,"8":2,"9":0,"10":0,"11":0,"12":0,"13":0,"14":0,"15":2,"16":0,"17":0,"18":0,"19":2,"20":0,"21":0,"22":0,"23":2,"24":0,"25":0,"26":0,"27":0,"28":0,"29":0,"30":0,"31":0,"32":0,"33":0,"34":0,"35":0,"36":0,"37":0,"38":2,"39":0,"40":0,"41":0,"42":0,"43":0,"44":0,"45":0,"46":0,"47":0,"48":0,"49":0,"50":2,"51":0,"52":0,"53":2},"f":{"0":0,"1":0,"2":0,"3":0,"4":0,"5":0,"6":0,"7":0,"8":0,"9":0,"10":0,"11":0,"12":0,"13":0},"b":{"0":[0],"1":[0]}}
,"E:\\current\\MedicalApp (1)\\node server\\src\\app\\modules\\auth\\auth.route.ts": {"path":"E:\\current\\MedicalApp (1)\\node server\\src\\app\\modules\\auth\\auth.route.ts","statementMap":{"0":{"start":{"line":1,"column":0},"end":{"line":1,"column":30}},"1":{"start":{"line":2,"column":0},"end":{"line":2,"column":51}},"2":{"start":{"line":4,"column":15},"end":{"line":4,"column":31}},"3":{"start":{"line":6,"column":0},"end":{"line":6,"column":44}},"4":{"start":{"line":7,"column":0},"end":{"line":7,"column":61}},"5":{"start":{"line":8,"column":0},"end":{"line":8,"column":76}},"6":{"start":{"line":9,"column":0},"end":{"line":9,"column":63}},"7":{"start":{"line":10,"column":0},"end":{"line":10,"column":44}},"8":{"start":{"line":11,"column":0},"end":{"line":11,"column":49}},"9":{"start":{"line":13,"column":13},"end":{"line":13,"column":33}}},"fnMap":{},"branchMap":{},"s":{"0":2,"1":2,"2":2,"3":2,"4":2,"5":2,"6":2,"7":2,"8":2,"9":2},"f":{},"b":{}}
,"E:\\current\\MedicalApp (1)\\node server\\src\\app\\modules\\auth\\auth.service.ts": {"path":"E:\\current\\MedicalApp (1)\\node server\\src\\app\\modules\\auth\\auth.service.ts","statementMap":{"0":{"start":{"line":1,"column":0},"end":{"line":1,"column":28}},"1":{"start":{"line":2,"column":0},"end":{"line":2,"column":44}},"2":{"start":{"line":3,"column":0},"end":{"line":3,"column":48}},"3":{"start":{"line":4,"column":0},"end":{"line":4,"column":37}},"4":{"start":{"line":5,"column":0},"end":{"line":5,"column":55}},"5":{"start":{"line":6,"column":0},"end":{"line":6,"column":37}},"6":{"start":{"line":10,"column":23},"end":{"line":10,"column":38}},"7":{"start":{"line":18,"column":18},"end":{"line":63,"column":null}},"8":{"start":{"line":18,"column":62},"end":{"line":63,"column":null}},"9":{"start":{"line":19,"column":40},"end":{"line":19,"column":44}},"10":{"start":{"line":20,"column":24},"end":{"line":22,"column":6}},"11":{"start":{"line":24,"column":4},"end":{"line":26,"column":5}},"12":{"start":{"line":25,"column":8},"end":{"line":25,"column":72}},"13":{"start":{"line":28,"column":4},"end":{"line":37,"column":5}},"14":{"start":{"line":29,"column":29},"end":{"line":33,"column":10}},"15":{"start":{"line":34,"column":8},"end":{"line":36,"column":9}},"16":{"start":{"line":35,"column":12},"end":{"line":35,"column":89}},"17":{"start":{"line":39,"column":4},"end":{"line":48,"column":5}},"18":{"start":{"line":40,"column":30},"end":{"line":44,"column":10}},"19":{"start":{"line":45,"column":8},"end":{"line":47,"column":9}},"20":{"start":{"line":46,"column":12},"end":{"line":46,"column":89}},"21":{"start":{"line":51,"column":30},"end":{"line":51,"column":82}},"22":{"start":{"line":53,"column":4},"end":{"line":55,"column":5}},"23":{"start":{"line":54,"column":8},"end":{"line":54,"column":78}},"24":{"start":{"line":56,"column":29},"end":{"line":56,"column":40}},"25":{"start":{"line":57,"column":24},"end":{"line":60,"column":null}},"26":{"start":{"line":62,"column":4},"end":{"line":62,"column":null}},"27":{"start":{"line":66,"column":25},"end":{"line":87,"column":null}},"28":{"start":{"line":66,"column":69},"end":{"line":87,"column":null}},"29":{"start":{"line":67,"column":40},"end":{"line":67,"column":44}},"30":{"start":{"line":68,"column":24},"end":{"line":70,"column":6}},"31":{"start":{"line":72,"column":4},"end":{"line":74,"column":5}},"32":{"start":{"line":73,"column":8},"end":{"line":73,"column":72}},"33":{"start":{"line":75,"column":30},"end":{"line":75,"column":82}},"34":{"start":{"line":77,"column":4},"end":{"line":79,"column":5}},"35":{"start":{"line":78,"column":8},"end":{"line":78,"column":78}},"36":{"start":{"line":80,"column":29},"end":{"line":80,"column":40}},"37":{"start":{"line":81,"column":24},"end":{"line":84,"column":null}},"38":{"start":{"line":86,"column":4},"end":{"line":86,"column":null}},"39":{"start":{"line":90,"column":22},"end":{"line":145,"column":null}},"40":{"start":{"line":90,"column":45},"end":{"line":145,"column":null}},"41":{"start":{"line":91,"column":23},"end":{"line":91,"column":30}},"42":{"start":{"line":148,"column":28},"end":{"line":189,"column":null}},"43":{"start":{"line":148,"column":65},"end":{"line":189,"column":null}},"44":{"start":{"line":149,"column":48},"end":{"line":149,"column":55}},"45":{"start":{"line":191,"column":13},"end":{"line":196,"column":null}}},"fnMap":{"0":{"name":"(anonymous_8)","decl":{"start":{"line":18,"column":18},"end":{"line":18,"column":25}},"loc":{"start":{"line":18,"column":6
[...]
nd":{"line":2,"column":42}},"7":{"start":{"line":2,"column":42},"end":{"line":2,"column":48}},"8":{"start":{"line":2,"column":48},"end":{"line":2,"column":null}},"9":{"start":{"line":5,"column":0},"end":{"line":5,"column":null}},"10":{"start":{"line":6,"column":4},"end":{"line":6,"column":null}},"11":{"start":{"line":7,"column":4},"end":{"line":7,"column":null}},"12":{"start":{"line":8,"column":4},"end":{"line":8,"column":null}},"13":{"start":{"line":10,"column":0},"end":{"line":10,"column":null}},"14":{"start":{"line":11,"column":4},"end":{"line":11,"column":null}},"15":{"start":{"line":12,"column":4},"end":{"line":12,"column":null}},"16":{"start":{"line":13,"column":4},"end":{"line":13,"column":null}},"17":{"start":{"line":14,"column":4},"end":{"line":14,"column":null}}},"fnMap":{"0":{"name":"(anonymous_0)","decl":{"start":{"line":1,"column":0},"end":{"line":1,"column":12}},"loc":{"start":{"line":1,"column":22},"end":{"line":3,"column":1}}},"1":{"name":"(anonymous_1)","decl":{"start":{"line":5,"column":0},"end":{"line":5,"column":5}},"loc":{"start":{"line":5,"column":15},"end":{"line":9,"column":1}}},"2":{"name":"(anonymous_2)","decl":{"start":{"line":10,"column":0},"end":{"line":10,"column":12}},"loc":{"start":{"line":10,"column":20},"end":{"line":15,"column":1}}}},"branchMap":{"0":{"loc":{"start":{"line":1,"column":12},"end":{"line":1,"column":null}},"type":"binary-expr","locations":[{"start":{"line":1,"column":12},"end":{"line":1,"column":22}},{"start":{"line":1,"column":22},"end":{"line":1,"column":null}}]},"1":{"loc":{"start":{"line":5,"column":5},"end":{"line":5,"column":null}},"type":"binary-expr","locations":[{"start":{"line":5,"column":5},"end":{"line":5,"column":15}},{"start":{"line":5,"column":5},"end":{"line":5,"column":null}}]},"2":{"loc":{"start":{"line":10,"column":12},"end":{"line":10,"column":null}},"type":"binary-expr","locations":[{"start":{"line":10,"column":12},"end":{"line":10,"column":20}},{"start":{"line":10,"column":20},"end":{"line":10,"column":null}}]}},"s":{"0":2,"1":2,"2":2,"3":2,"4":2,"5":2,"6":2,"7":2,"8":2,"9":2,"10":2,"11":2,"12":2,"13":2,"14":2,"15":2,"16":2,"17":2},"f":{"0":2,"1":2,"2":2},"b":{"0":[2,2],"1":[2,2],"2":[2,2]}}
,"E:\\current\\MedicalApp (1)\\node server\\src\\errors\\apiError.ts": {"path":"E:\\current\\MedicalApp (1)\\node server\\src\\errors\\apiError.ts","statementMap":{"0":{"start":{"line":4,"column":8},"end":{"line":4,"column":23}},"1":{"start":{"line":5,"column":8},"end":{"line":5,"column":37}},"2":{"start":{"line":7,"column":8},"end":{"line":12,"column":9}},"3":{"start":{"line":8,"column":12},"end":{"line":8,"column":31}},"4":{"start":{"line":11,"column":12},"end":{"line":11,"column":null}},"5":{"start":{"line":16,"column":0},"end":{"line":16,"column":24}}},"fnMap":{"0":{"name":"(anonymous_0)","decl":{"start":{"line":3,"column":4},"end":{"line":3,"column":16}},"loc":{"start":{"line":3,"column":75},"end":{"line":13,"column":5}}}},"branchMap":{"0":{"loc":{"start":{"line":3,"column":65},"end":{"line":3,"column":75}},"type":"default-arg","locations":[{"start":{"line":3,"column":73},"end":{"line":3,"column":75}}]},"1":{"loc":{"start":{"line":7,"column":8},"end":{"line":12,"column":9}},"type":"if","locations":[{"start":{"line":7,"column":8},"end":{"line":12,"column":9}},{"start":{"line":10,"column":13},"end":{"line":12,"column":9}}]}},"s":{"0":2,"1":2,"2":2,"3":2,"4":0,"5":4},"f":{"0":2},"b":{"0":[2],"1":[2,0]}}
,"E:\\current\\MedicalApp (1)\\node server\\src\\helpers\\Transporter.ts": {"path":"E:\\current\\MedicalApp (1)\\node server\\src\\helpers\\Transporter.ts","statementMap":{"0":{"start":{"line":1,"column":0},"end":{"line":1,"column":36}},"1":{"start":{"line":4,"column":13},"end":{"line":10,"column":3}}},"fnMap":{},"branchMap":{},"s":{"0":3,"1":3},"f":{},"b":{}}
,"E:\\current\\MedicalApp (1)\\node server\\src\\helpers\\emailTransporter.ts": {"path":"E:\\current\\MedicalApp (1)\\node server\\src\\helpers\\emailTransporter.ts","statementMap":{"0":{"start":{"line":1,"column":0},"end":{"line":1,"column":20}},"1":{"start":{"line":2,"column":0},"end":{"line":2,"column":36}},"2":{"start":{"line":3,"column":0},"end":{"line":3,"column":42}},"3":{"start":{"line":4,"column":0},"end":{"line":4,"column":37}},"4":{"start":{"line":5,"column":0},"end":{"line":5,"column":44}},"5":{"start":{"line":18,"column":33},"end":{"line":86,"column":1}},"6":{"start":{"line":19,"column":25},"end":{"line":27,"column":5}},"7":{"start":{"line":20,"column":8},"end":{"line":26,"column":null}},"8":{"start":{"line":21,"column":12},"end":{"line":25,"column":13}},"9":{"start":{"line":22,"column":16},"end":{"line":22,"column":30}},"10":{"start":{"line":24,"column":16},"end":{"line":24,"column":null}},"11":{"start":{"line":30,"column":1},"end":{"line":82,"column":9}},"12":{"start":{"line":33,"column":4},"end":{"line":55,"column":null}},"13":{"start":{"line":34,"column":8},"end":{"line":37,"column":9}},"14":{"start":{"line":35,"column":12},"end":{"line":35,"column":29}},"15":{"start":{"line":36,"column":12},"end":{"line":36,"column":19}},"16":{"start":{"line":38,"column":25},"end":{"line":38,"column":49}},"17":{"start":{"line":39,"column":27},"end":{"line":39,"column":51}},"18":{"start":{"line":40,"column":26},"end":{"line":45,"column":10}},"19":{"start":{"line":47,"column":8},"end":{"line":54,"column":11}},"20":{"start":{"line":48,"column":12},"end":{"line":53,"column":13}},"21":{"start":{"line":49,"column":16},"end":{"line":49,"column":null}},"22":{"start":{"line":50,"column":16},"end":{"line":50,"column":null}},"23":{"start":{"line":52,"column":16},"end":{"line":52,"column":22}},"24":{"start":{"line":59,"column":4},"end":{"line":81,"column":null}},"25":{"start":{"line":60,"column":8},"end":{"line":63,"column":9}},"26":{"start":{"line":61,"column":12},"end":{"line":61,"column":29}},"27":{"start":{"line":62,"column":12},"end":{"line":62,"column":19}},"28":{"start":{"line":64,"column":25},"end":{"line":64,"column":49}},"29":{"start":{"line":65,"column":27},"end":{"line":65,"column":51}},"30":{"start":{"line":66,"column":26},"end":{"line":71,"column":10}},"31":{"start":{"line":73,"column":8},"end":{"line":80,"column":11}},"32":{"start":{"line":74,"column":12},"end":{"line":79,"column":13}},"33":{"start":{"line":75,"column":16},"end":{"line":75,"column":null}},"34":{"start":{"line":76,"column":16},"end":{"line":76,"column":null}},"35":{"start":{"line":78,"column":16},"end":{"line":78,"column":22}},"36":{"start":{"line":18,"column":13},"end":{"line":18,"column":33}}},"fnMap":{"0":{"name":"(anonymous_1)","decl":{"start":{"line":18,"column":33},"end":{"line":18,"column":34}},"loc":{"start":{"line":18,"column":123},"end":{"line":86,"column":1}}},"1":{"name":"(anonymous_2)","decl":{"start":{"line":19,"column":25},"end":{"line":19,"column":26}},"loc":{"start":{"line":19,"column":61},"end":{"line":27,"column":5}}},"2":{"name":"(anonymous_3)","decl":{"start":{"line":20,"column":47},"end":{"line":20,"column":56}},"loc":{"start":{"line":20,"column":65},"end":{"line":26,"column":9}}},"3":{"name":"(anonymous_4)","decl":{"start":{"line":33,"column":44},"end":{"line":33,"column":53}},"loc":{"start":{"line":33,"column":70},"end":{"line":55,"column":5}}},"4":{"name":"(anonymous_5)","decl":{"start":{"line":47,"column":42},"end":{"line":47,"column":52}},"loc":{"start":{"line":47,"column":73},"end":{"line":54,"column":9}}},"5":{"name":"(anonymous_6)","decl":{"start":{"line":59,"column":68},"end":{"line":59,"column":77}},"loc":{"start":{"line":59,"column":94},"end":{"line":81,"column":5}}},"6":{"name":"(anonymous_7)","decl":{"start":{"line":73,"column":42},"end":{"line":73,"column":52}},"loc":{"start":{"line":73,"column":73},"end":{"line":80,"column":9}}}},"branchMap":{"0":{"loc":{"start":{"line":21,"column":12},"end":{"line":25,"column":13}},"type":"if","locations":[{"start":{"line":21,"column":12},"end":{"line":25,"column":13}},{"start":{"line":23,"column":17},"end":{"line":25,"column":13}}]},"1":{"loc":{"start":{"line":30,"column":1},"end":{"line":82,"column":9}},"type":"if","locations":[{"start":{"line":30,"column":1},"end":{"line":82,"column":9}},{"start":{"line":57,"column":4},"end":{"line":82,"column":9}}]},"2":{"loc":{"start":{"line":30,"column":5},"end":{"line":30,"column":34}},"type":"cond-expr","locations":[{"start":{"line":30,"column":19},"end":{"line":30,"column":21}},{"start":{"line":30,"column":5},"end":{"line":30,"column":34}}]},"3":{"loc":{"start":{"line":30,"column":5},"end":{"line":30,"column":21}},"type":"binary-expr","locations":[{"start":{"line":30,"column":5},"end":{"line":30,"column":21}},{"start":{"line":30,"column":5},"end":{"line":30,"column":21}}]},"4":{"loc":{"start":{"line":34,"column":8},"end":{"line":37,"column":9}},"type":"if","locations":[{"start":{"line":34,"column":8},"end":{"line":37,"column":9}}]},"5":{"loc":{"start":{"line":48,"column":12},"end":{"line":53,"column":13}},"type":"if","locations":[{"start":{"line":48,"column":12},"end":{"line":53,"column":13}},{"start":{"line":51,"column":19},"end":{"line":53,"column":13}}]},"6":{"loc":{"start":{"line":60,"column":8},"end":{"line":63,"column":9}},"type":"if","locations":[{"start":{"line":60,"column":8},"end":{"line":63,"column":9}}]},"7":{"loc":{"start":{"line":74,"column":12},"end":{"line":79,"column":13}},"type":"if","locations":[{"start":{"line":74,"column":12},"end":{"line":79,"column":13}},{"start":{"line":77,"column":19},"end":{"line":79,"column":13}}]}},"s":{"0":3,"1":3,"2":3,"3":3,"4":3,"5":3,"6":0,"7":0,"8":0,"9":0,"10":0,"11":0,"12":0,"13":0,"14":0,"15":0,"16":0,"17":0,"18":0,"19":0,"20":0,"21":0,"22":0,"23":0,"24":0,"25":0,"26":0,"27":0,"28":0,"29":0,"30":0,"31":0,"32":0,"33":0,"34":0,"35":0,"36":3},"f":{"0":0,"1":0,"2":0,"3":0,"4":0,"5":0,"6":0},"b":{"0":[0,0],"1":[0,0],"2":[0,0],"3":[0,0],"4":[0],"5":[0,0],"6":[0],"7":[0,0]}}
,"E:\\current\\MedicalApp (1)\\node server\\src\\helpers\\jwtHelper.ts": {"path":"E:\\current\\MedicalApp (1)\\node server\\src\\helpers\\jwtHelper.ts","statementMap":{"0":{"start":{"line":1,"column":0},"end":{"line":1,"column":55}},"1":{"start":{"line":3,"column":20},"end":{"line":7,"column":1}},"2":{"start":{"line":4,"column":4},"end":{"line":6,"column":null}},"3":{"start":{"line":9,"column":20},"end":{"line":11,"column":1}},"4":{"start":{"line":10,"column":4},"end":{"line":10,"column":null}},"5":{"start":{"line":13,"column":13},"end":{"line":16,"column":null}}},"fnMap":{"0":{"name":"(anonymous_1)","decl":{"start":{"line":3,"column":20},"end":{"line":3,"column":21}},"loc":{"start":{"line":3,"column":72},"end":{"line":7,"column":1}}},"1":{"name":"(anonymous_2)","decl":{"start":{"line":9,"column":20},"end":{"line":9,"column":21}},"loc":{"start":{"line":9,"column":66},"end":{"line":11,"column":1}}}},"branchMap":{},"s":{"0":3,"1":3,"2":0,"3":3,"4":0,"5":3},"f":{"0":0,"1":0},"b":{}}
,"E:\\current\\MedicalApp (1)\\node server\\src\\helpers\\uploadHelper.ts": {"path":"E:\\current\\MedicalApp (1)\\node server\\src\\helpers\\uploadHelper.ts","statementMap":{"0":{"start":{"line":1,"column":0},"end":{"line":1,"column":45}},"1":{"start":{"line":2,"column":0},"end":{"line":2,"column":31}},"2":{"start":{"line":3,"column":0},"end":{"line":3,"column":28}},"3":{"start":{"line":6,"column":0},"end":{"line":10,"column":3}},"4":{"start":{"line":12,"column":15},"end":{"line":12,"column":56}},"5":{"start":{"line":14,"column":19},"end":{"line":30,"column":2}},"6":{"start":{"line":14,"column":69},"end":{"line":30,"column":2}},"7":{"start":{"line":15,"column":4},"end":{"line":17,"column":5}},"8":{"start":{"line":16,"column":8},"end":{"line":16,"column":56}},"9":{"start":{"line":18,"column":4},"end":{"line":29,"column":null}},"10":{"start":{"line":19,"column":8},"end":{"line":28,"column":27}},"11":{"start":{"line":22,"column":16},"end":{"line":26,"column":17}},"12":{"start":{"line":23,"column":20},"end":{"line":23,"column":null}},"13":{"start":{"line":25,"column":20},"end":{"line":25,"column":null}},"14":{"start":{"line":32,"column":13},"end":{"line":35,"column":null}}},"fnMap":{"0":{"name":"(anonymous_8)","decl":{"start":{"line":14,"column":19},"end":{"line":14,"column":26}},"loc":{"start":{"line":14,"column":69},"end":{"line":30,"column":2}}},"1":{"name":"(anonymous_9)","decl":{"start":{"line":14,"column":69},"end":{"line":14,"column":null}},"loc":{"start":{"line":14,"column":69},"end":{"line":30,"column":1}}},"2":{"name":"(anonymous_10)","decl":{"start":{"line":18,"column":23},"end":{"line":18,"column":24}},"loc":{"start":{"line":18,"column":43},"end":{"line":29,"column":5}}},"3":{"name":"(anonymous_11)","decl":{"start":{"line":21,"column":12},"end":{"line":21,"column":13}},"loc":{"start":{"line":21,"column":40},"end":{"line":27,"column":13}}}},"branchMap":{"0":{"loc":{"start":{"line":15,"column":4},"end":{"line":17,"column":5}},"type":"if","locations":[{"start":{"line":15,"column":4},"end":{"line":17,"column":5}}]},"1":{"loc":{"start":{"line":15,"column":8},"end":{"line":15,"column":29}},"type":"binary-expr","locations":[{"start":{"line":15,"column":8},"end":{"line":15,"column":13}},{"start":{"line":15,"column":17},"end":{"line":15,"column":29}}]},"2":{"loc":{"start":{"line":22,"column":16},"end":{"line":26,"column":17}},"type":"if","locations":[{"start":{"line":22,"column":16},"end":{"line":26,"column":17}},{"start":{"line":24,"column":23},"end":{"line":26,"column":17}}]}},"s":{"0":3,"1":3,"2":3,"3":3,"4":3,"5":3,"6":0,"7":0,"8":0,"9":0,"10":0,"11":0,"12":0,"13":0,"14":3},"f":{"0":0,"1":0,"2":0,"3":0},"b":{"0":[0],"1":[0,0],"2":[0,0]}}
,"E:\\current\\MedicalApp (1)\\node server\\src\\shared\\catchAsync.ts": {"path":"E:\\current\\MedicalApp (1)\\node server\\src\\shared\\catchAsync.ts","statementMap":{"0":{"start":{"line":3,"column":19},"end":{"line":9,"column":null}},"1":{"start":{"line":3,"column":43},"end":{"line":9,"column":null}},"2":{"start":{"line":3,"column":115},"end":{"line":9,"column":null}},"3":{"start":{"line":4,"column":4},"end":{"line":8,"column":5}},"4":{"start":{"line":5,"column":8},"end":{"line":5,"column":null}},"5":{"start":{"line":7,"column":8},"end":{"line":7,"column":null}},"6":{"start":{"line":10,"column":0},"end":{"line":10,"column":26}}},"fnMap":{"0":{"name":"(anonymous_7)","decl":{"start":{"line":3,"column":19},"end":{"line":3,"column":20}},"loc":{"start":{"line":3,"column":43},"end":{"line":9,"column":null}}},"1":{"name":"(anonymous_8)","decl":{"start":{"line":3,"column":43},"end":{"line":3,"column":50}},"loc":{"start":{"line":3,"column":115},"end":{"line":9,"column":null}}},"2":{"name":"(anonymous_9)","decl":{"start":{"line":3,"column":115},"end":{"line":3,"column":null}},"loc":{"start":{"line":3,"column":115},"end":{"line":9,"column":1}}}},"branchMap":{},"s":{"0":2,"1":136,"2":0,"3":0,"4":0,"5":0,"6":2},"f":{"0":136,"1":0,"2":0},"b":{}}
,"E:\\current\\MedicalApp (1)\\node server\\src\\shared\\paginationHelper.ts": {"path":"E:\\current\\MedicalApp (1)\\node server\\src\\shared\\paginationHelper.ts","statementMap":{"0":{"start":{"line":16,"column":28},"end":{"line":27,"column":1}},"1":{"start":{"line":17,"column":17},"end":{"line":17,"column":42}},"2":{"start":{"line":18,"column":18},"end":{"line":18,"column":45}},"3":{"start":{"line":19,"column":17},"end":{"line":19,"column":35}},"4":{"start":{"line":21,"column":19},"end":{"line":21,"column":48}},"5":{"start":{"line":22,"column":22},"end":{"line":22,"column":49}},"6":{"start":{"line":24,"column":4},"end":{"line":26,"column":null}},"7":{"start":{"line":29,"column":0},"end":{"line":29,"column":35}}},"fnMap":{"0":{"name":"(anonymous_0)","decl":{"start":{"line":16,"column":28},"end":{"line":16,"column":29}},"loc":{"start":{"line":16,"column":64},"end":{"line":27,"column":1}}}},"branchMap":{"0":{"loc":{"start":{"line":17,"column":24},"end":{"line":17,"column":41}},"type":"binary-expr","locations":[{"start":{"line":17,"column":24},"end":{"line":17,"column":36}},{"start":{"line":17,"column":40},"end":{"line":17,"column":41}}]},"1":{"loc":{"start":{"line":18,"column":25},"end":{"line":18,"column":44}},"type":"binary-expr","locations":[{"start":{"line":18,"column":25},"end":{"line":18,"column":38}},{"start":{"line":18,"column":42},"end":{"line":18,"column":44}}]},"2":{"loc":{"start":{"line":21,"column":19},"end":{"line":21,"column":48}},"type":"binary-expr","locations":[{"start":{"line":21,"column":19},"end":{"line":21,"column":33}},{"start":{"line":21,"column":37},"end":{"line":21,"column":48}}]},"3":{"loc":{"start":{"line":22,"column":22},"end":{"line":22,"column":49}},"type":"binary-expr","locations":[{"start":{"line":22,"column":22},"end":{"line":22,"column":39}},{"start":{"line":22,"column":43},"end":{"line":22,"column":49}}]}},"s":{"0":3,"1":1,"2":1,"3":1,"4":1,"5":1,"6":1,"7":3},"f":{"0":1},"b":{"0":[1,1],"1":[1,1],"2":[1,1],"3":[1,1]}}
,"E:\\current\\MedicalApp (1)\\node server\\src\\shared\\pick.ts": {"path":"E:\\current\\MedicalApp (1)\\node server\\src\\shared\\pick.ts","statementMap":{"0":{"start":{"line":1,"column":13},"end":{"line":10,"column":1}},"1":{"start":{"line":2,"column":33},"end":{"line":2,"column":35}},"2":{"start":{"line":4,"column":4},"end":{"line":8,"column":5}},"3":{"start":{"line":5,"column":8},"end":{"line":7,"column":9}},"4":{"start":{"line":6,"column":12},"end":{"line":6,"column":null}},"5":{"start":{"line":9,"column":4},"end":{"line":9,"column":20}},"6":{"start":{"line":11,"column":0},"end":{"line":11,"column":20}}},"fnMap":{"0":{"name":"(anonymous_0)","decl":{"start":{"line":1,"column":13},"end":{"line":1,"column":47}},"loc":{"start":{"line":1,"column":80},"end":{"line":10,"column":1}}}},"branchMap":{"0":{"loc":{"start":{"line":5,"column":8},"end":{"line":7,"column":9}},"type":"if","locations":[{"start":{"line":5,"column":8},"end":{"line":7,"column":9}}]},"1":{"loc":{"start":{"line":5,"column":11},"end":{"line":5,"column":54}},"type":"binary-expr","locations":[{"start":{"line":5,"column":11},"end":{"line":5,"column":14}},{"start":{"line":5,"column":18},"end":{"line":5,"column":54}}]}},"s":{"0":2,"1":0,"2":0,"3":0,"4":0,"5":0,"6":2},"f":{"0":0},"b":{"0":[0],"1":[0,0]}}
,"E:\\current\\MedicalApp (1)\\node server\\src\\shared\\prisma.ts": {"path":"E:\\current\\MedicalApp (1)\\node server\\src\\shared\\prisma.ts","statementMap":{"0":{"start":{"line":1,"column":0},"end":{"line":1,"column":46}},"1":{"start":{"line":3,"column":15},"end":{"line":5,"column":2}},"2":{"start":{"line":7,"column":0},"end":{"line":7,"column":22}}},"fnMap":{},"branchMap":{},"s":{"0":3,"1":3,"2":3},"f":{},"b":{}}
,"E:\\current\\MedicalApp (1)\\node server\\src\\shared\\sendResponse.ts": {"path":"E:\\current\\MedicalApp (1)\\node server\\src\\shared\\sendResponse.ts","statementMap":{"0":{"start":{"line":15,"column":21},"end":{"line":24,"column":1}},"1":{"start":{"line":16,"column":21},"end":{"line":22,"column":null}},"2":{"start":{"line":23,"column":4},"end":{"line":23,"column":47}},"3":{"start":{"line":25,"column":0},"end":{"line":25,"column":28}}},"fnMap":{"0":{"name":"(anonymous_0)","decl":{"start":{"line":15,"column":21},"end":{"line":15,"column":25}},"loc":{"start":{"line":15,"column":71},"end":{"line":24,"column":1}}}},"branchMap":{"0":{"loc":{"start":{"line":19,"column":17},"end":{"line":19,"column":37}},"type":"binary-expr","locations":[{"start":{"line":19,"column":17},"end":{"line":19,"column":29}},{"start":{"line":19,"column":33},"end":{"line":19,"column":37}}]},"1":{"loc":{"start":{"line":20,"column":14},"end":{"line":20,"column":44}},"type":"binary-expr","locations":[{"start":{"line":20,"column":14},"end":{"line":20,"column":23}},{"start":{"line":20,"column":27},"end":{"line":20,"column":31}},{"start":{"line":20,"column":35},"end":{"line":20,"column":44}}]},"2":{"loc":{"start":{"line":21,"column":14},"end":{"line":21,"column":44}},"type":"binary-expr","locations":[{"start":{"line":21,"column":14},"end":{"line":21,"column":23}},{"start":{"line":21,"column":27},"end":{"line":21,"column":31}},{"start":{"line":21,"column":35},"end":{"line":21,"column":44}}]}},"s":{"0":2,"1":0,"2":0,"3":2},"f":{"0":0},"b":{"0":[0,0],"1":[0,0,0],"2":[0,0,0]}}
}
