{"E:\\current\\MedicalApp (1)\\node server\\src\\app\\modules\\doctor\\doctor.interface.ts": {"path":"E:\\current\\MedicalApp (1)\\node server\\src\\app\\modules\\doctor\\doctor.interface.ts","statementMap":{"0":{"start":{"line":10,"column":13},"end":{"line":10,"column":null}},"1":{"start":{"line":11,"column":13},"end":{"line":11,"column":null}},"2":{"start":{"line":13,"column":13},"end":{"line":13,"column":null}}},"fnMap":{},"branchMap":{},"s":{"0":1,"1":1,"2":1},"f":{},"b":{}}
,"E:\\current\\MedicalApp (1)\\node server\\src\\app\\modules\\doctor\\doctor.service.ts": {"path":"E:\\current\\MedicalApp (1)\\node server\\src\\app\\modules\\doctor\\doctor.service.ts","statementMap":{"0":{"start":{"line":1,"column":0},"end":{"line":1,"column":50}},"1":{"start":{"line":2,"column":0},"end":{"line":2,"column":44}},"2":{"start":{"line":3,"column":0},"end":{"line":3,"column":28}},"3":{"start":{"line":4,"column":0},"end":{"line":4,"column":48}},"4":{"start":{"line":5,"column":0},"end":{"line":5,"column":37}},"5":{"start":{"line":6,"column":0},"end":{"line":6,"column":76}},"6":{"start":{"line":7,"column":0},"end":{"line":7,"column":80}},"7":{"start":{"line":11,"column":0},"end":{"line":11,"column":65}},"8":{"start":{"line":12,"column":0},"end":{"line":12,"column":28}},"9":{"start":{"line":13,"column":0},"end":{"line":13,"column":70}},"10":{"start":{"line":14,"column":23},"end":{"line":14,"column":38}},"11":{"start":{"line":16,"column":30},"end":{"line":42,"column":null}},"12":{"start":{"line":16,"column":53},"end":{"line":42,"column":null}},"13":{"start":{"line":17,"column":23},"end":{"line":17,"column":59}},"14":{"start":{"line":18,"column":25},"end":{"line":18,"column":43}},"15":{"start":{"line":19,"column":31},"end":{"line":19,"column":70}},"16":{"start":{"line":21,"column":16},"end":{"line":21,"column":74}},"17":{"start":{"line":23,"column":24},"end":{"line":23,"column":48}},"18":{"start":{"line":24,"column":28},"end":{"line":30,"column":6}},"19":{"start":{"line":31,"column":4},"end":{"line":41,"column":5}},"20":{"start":{"line":32,"column":25},"end":{"line":32,"column":56}},"21":{"start":{"line":33,"column":20},"end":{"line":35,"column":null}},"22":{"start":{"line":36,"column":31},"end":{"line":36,"column":34}},"23":{"start":{"line":37,"column":24},"end":{"line":37,"column":44}},"24":{"start":{"line":38,"column":25},"end":{"line":38,"column":54}},"25":{"start":{"line":39,"column":23},"end":{"line":39,"column":49}},"26":{"start":{"line":40,"column":8},"end":{"line":40,"column":null}},"27":{"start":{"line":44,"column":15},"end":{"line":68,"column":null}},"28":{"start":{"line":44,"column":52},"end":{"line":68,"column":null}},"29":{"start":{"line":45,"column":17},"end":{"line":61,"column":6}},"30":{"start":{"line":45,"column":56},"end":{"line":61,"column":6}},"31":{"start":{"line":46,"column":44},"end":{"line":46,"column":51}},"32":{"start":{"line":46,"column":39},"end":{"line":46,"column":44}},"33":{"start":{"line":47,"column":27},"end":{"line":47,"column":91}},"34":{"start":{"line":48,"column":8},"end":{"line":50,"column":9}},"35":{"start":{"line":49,"column":12},"end":{"line":49,"column":null}},"36":{"start":{"line":51,"column":23},"end":{"line":51,"column":67}},"37":{"start":{"line":52,"column":8},"end":{"line":59,"column":11}},"38":{"start":{"line":60,"column":8},"end":{"line":60,"column":null}},"39":{"start":{"line":63,"column":4},"end":{"line":65,"column":5}},"40":{"start":{"line":64,"column":8},"end":{"line":64,"column":null}},"41":{"start":{"line":66,"column":4},"end":{"line":66,"column":16}},"42":{"start":{"line":70,"column":22},"end":{"line":134,"column":null}},"43":{"start":{"line":70,"column":111},"end":{"line":134,"column":null}},"44":{"start":{"line":71,"column":34},"end":{"line":71,"column":62}},"45":{"start":{"line":72,"column":64},"end":{"line":72,"column":71}},"46":{"start":{"line":72,"column":59},"end":{"line":72,"column":64}},"47":{"start":{"line":74,"column":25},"end":{"line":74,"column":27}},"48":{"start":{"line":75,"column":4},"end":{"line":84,"column":5}},"49":{"start":{"line":76,"column":8},"end":{"line":83,"column":null}},"50":{"start":{"line":77,"column":55},"end":{"line":82,"column":14}},"51":{"start":{"line":86,"column":4},"end":{"line":92,"column":5}},"52":{"start":{"line":87,"column":8},"end":{"line":91,"column":null}},"53":{"start":{"line":88,"column":67},"end":{"line":90,"column":14}},"54":{"start":{"line":94,"column":4},"end":{"line":103,"column":5}},"55":{"start":{"line":95,"column":8},"end":{"line":102,"column":null}},"56":{"start":{"line":105,"column":4},"end":{"line":113,"column":5}},"57":{"start":{"line":106,"column":8},"end":{"line":112,"column":null}},"58":{"start":{"line":115,"column":27},"end":{"line":115,"column":79}},"59":{"start":{"line":116,"column":19},"end":{"line":123,"column":6}},"60":{"start":{"line":125,"column":18},"end":{"line":125,"column":70}},"61":{"start":{"line":126,"column":4},"end":{"line":133,"column":null}},"62":{"start":{"line":138,"column":32},"end":{"line":201,"column":null}},"63":{"start":{"line":138,"column":121},"end":{"line":201,"column":null}},"64":{"start":{"line":139,"column":34},"end":{"line":139,"column":62}},"65":{"start":{"line":140,"column":64},"end":{"line":140,"column":71}},"66":{"start":{"line":140,"column":59},"end":{"line":140,"column":64}},"67":{"start":{"line":142,"column":25},"end":{"line":142,"column":27}},"68":{"start":{"line":143,"column":4},"end":{"line":152,"column":5}},"69":{"start":{"line":144,"column":8},"end":{"line":151,"column":null}},"70":{"start":{"line":145,"column":55},"end":{"line":150,"column":14}},"71":{"start":{"line":154,"column":4},"end":{"line":160,"column":5}},"72":{"start":{"line":155,"column":8},"end":{"line":159,"column":null}},"73":{"start":{"line":156,"column":67},"end":{"line":158,"column":14}},"74":{"start":{"line":162,"column":4},"end":{"line":171,"column":5}},"75":{"start":{"line":163,"column":8},"end":{"line":170,"column":null}},"76":{"start":{"line":173,"column":4},"end":{"line":181,"column":5}},"77":{"start":{"line":174,"column":8},"end":{"line":180,"column":null}},"78":{"start":{"line":183,"column":27},"end":{"line":183,"column":79}},"79":{"start":{"line":184,"column":19},"end":{"line":191,"column":6}},"80":{"start":{"line":192,"column":18},"end":{"line":192,"column":70}},"81":{"start":{"line":193,"column":4},"end":{"line":200,"column":null}},"82":{"start":{"line":203,"column":18},"end":{"line":210,"column":null}},"83":{"start":{"line":203,"column":63},"end":{"line":210,"column":null}},"84":{"start":{"line":204,"column":19},"end":{"line":208,"column":6}},"85":{"start":{"line":209,"column":4},"end":{"line":209,"column":18}},"86":{"start":{"line":212,"column":21},"end":{"line":226,"column":null}},"87":{"start":{"line":212,"column":56},"end":{"line":226,"column":null}},"88":{"start":{"line":213,"column":19},"end":{"line":224,"column":6}},"89":{"start":{"line":213,"column":58},"end":{"line":224,"column":6}},"90":{"start":{"line":214,"column":24},"end":{"line":218,"column":10}},"91":{"start":{"line":219,"column":8},"end":{"line":223,"column":null}},"92":{"start":{"line":225,"column":4},"end":{"line":225,"column":18}},"93":{"start":{"line":231,"column":21},"end":{"line":249,"column":null}},"94":{"start":{"line":231,"column":61},"end":{"line":249,"column":null}},"95":{"start":{"line":232,"column":17},"end":{"line":232,"column":36}},"96":{"start":{"line":233,"column":15},"end":{"line":233,"column":38}},"97":{"start":{"line":234,"column":17},"end":{"line":234,"column":42}},"98":{"start":{"line":236,"column":4},"end":{"line":243,"column":5}},"99":{"start":{"line":237,"column":28},"end":{"line":237,"column":67}},"100":{"start":{"line":238,"column":8},"end":{"line":242,"column":9}},"101":{"start":{"line":239,"column":12},"end":{"line":239,"column":null}},"102":{"start":{"line":241,"column":12},"end":{"line":241,"column":88}},"103":{"start":{"line":244,"column":19},"end":{"line":247,"column":6}},"104":{"start":{"line":248,"column":4},"end":{"line":248,"column":18}},"105":{"start":{"line":251,"column":13},"end":{"line":258,"column":null}}},"fnMap":{"0":{"name":"(anonymous_9)","decl":{"start":{"line":16,"column":30},"end":{"line":16,"column":37}},"loc":{"start":{"line":16,"column":53},"end":{"line":42,"column":null}}},"1":{"name":"(anonymous_10)","decl":{"start":{"line":16,"column":53},"end":{"line":16,"column":null}},"loc":{"start":{"line":16,"column":53},"end":{"line":42,"column":1}}},"2":{"name":"(anonymous_11)","decl":{"start":{"line":44,"column":15},"end":{"line":44,"column":22}},"loc":{"start":{"line":44,"column":52},"end":{"line":68,"column":null}}},"3":{"name":"(anonymous_12)","decl":{"start":{"line":44,"column":52},"end":{"line":44,"column":null}},"loc":{"start":{"line":44,"column":52},"end":{"line":68,"column":1}}},"4":{"name":"(anonymous_13)","decl":{"start":{"line":45,"column":43},"end":{"line":45,"column":50}},"loc":{"start":{"line":45,"column":56},"end":{"line":61,"column":6}}},"5":{"name":"(anonymous_14)","decl":{"start":{"line":45,"column":56},"end":{"line":45,"column":null}},"loc":{"start":{"line":45,"column":56},"end":{"line":61,"column":5}}},"6":{"name":"(anonymous_15)","decl":{"start":{"line":70,"column":22},"end":{"line":70,"column":29}},"loc":{"start":{"line":70,"column":111},"end":{"line":134,"column":null}}},"7":{"name":"(anonymous_16)","decl":{"start":{"line":70,"column":111},"end":{"line":70,"column":null}},"loc":{"start":{"line":70,"column":111},"end":{"line":134,"column":1}}},"8":{"name":"(anonymous_17)","decl":{"start":{"line":77,"column":43},"end":{"line":77,"column":44}},"loc":{"start":{"line":77,"column":55},"end":{"line":82,"column":14}}},"9":{"name":"(anonymous_18)","decl":{"start":{"line":88,"column":48},"end":{"line":88,"column":49}},"loc":{"start":{"line":88,"column":67},"end":{"line":90,"column":14}}},"10":{"name":"(anonymous_19)","decl":{"start":{"line":138,"column":32},"end":{"line":138,"column":39}},"loc":{"start":{"line":138,"column":121},"end":{"line":201,"column":null}}},"11":{"name":"(anonymous_20)","decl":{"start":{"line":138,"column":121},"end":{"line":138,"column":null}},"loc":{"start":{"line":138,"column":121},"end":{"line":201,"column":1}}},"12":{"name":"(anonymous_21)","decl":{"start":{"line":145,"column":43},"end":{"line":145,"column":44}},"loc":{"start":{"line":145,"column":55},"end":{"line":150,"column":14}}},"13":{"name":"(anonymous_22)","decl":{"start":{"line":156,"column":48},"end":{"line":156,"column":49}},"loc":{"start":{"line":156,"column":67},"end":{"line":158,"column":14}}},"14":{"name":"(anonymous_23)","decl":{"start":{"line":203,"column":18},"end":{"line":203,"column":25}},"loc":{"start":{"line":203,"column":63},"end":{"line":210,"column":null}}},"15":{"name":"(anonymous_24)","decl":{"start":{"line":203,"column":63},"end":{"line":203,"column":null}},"loc":{"start":{"line":203,"column":63},"end":{"line":210,"column":1}}},"16":{"name":"(anonymous_25)","decl":{"start":{"line":212,"column":21},"end":{"line":212,"column":28}},"loc":{"start":{"line":212,"column":56},"end":{"line":226,"column":null}}},"17":{"name":"(anonymous_26)","decl":{"start":{"line":212,"column":56},"end":{"line":212,"column":null}},"loc":{"start":{"line":212,"column":56},"end":{"line":226,"column":1}}},"18":{"name":"(anonymous_27)","decl":{"start":{"line":213,"column":45},"end":{"line":213,"column":52}},"loc":{"start":{"line":213,"column":58},"end":{"line":224,"column":6}}},"19":{"name":"(anonymous_28)","decl":{"start":{"line":213,"column":58},"end":{"line":213,"column":null}},"loc":{"start":{"line":213,"column":58},"end":{"line":224,"column":5}}},"20":{"name":"(anonymous_29)","decl":{"start":{"line":231,"column":21},"end":{"line":231,"column":28}},"loc":{"start":{"line":231,"column":61},"end":{"line":249,"column":null}}},"21":{"name":"(anonymous_30)","decl":{"start":{"line":231,"column":61},"end":{"line":231,"column":null}},"loc":{"start":{"line":231,"column":61},"end":{"line":249,"column":1}}}},"branchMap":{"0":{"loc":{"start":{"line":31,"column":4},"end":{"line":41,"column":5}},"type":"if","locations":[{"start":{"line":31,"column":4},"end":{"line":41,"column":5}}]},"1":{"loc":{"start":{"line":48,"column":8},"end":{"line":50,"column":9}},"type":"if","locations":[{"start":{"line":48,"column":8},"end":{"line":50,"column":9}}]},"2":{"loc":{"start":{"line":55,"column":26},"end":{"line":55,"column":null}},"type":"binary-expr","locations":[{"start":{"line":55,"column":26},"end":{"line":55,"column":34}},{"start":{"line":55,"column":38},"end":{"line":55,"column":73}}]},"3":{"loc":{"start":{"line":63,"column":4},"end":{"line":65,"column":5}},"type":"if","locations":[{"start":{"line":63,"column":4},"end":{"line":65,"column":5}}]},"4":{"loc":{"start":{"line":75,"column":4},"end":{"line":84,"column":5}},"type":"if","locations":[{"start":{"line":75,"column":4},"end":{"line":84,"column":5}}]},"5":{"loc":{"start":{"line":86,"column":4},"end":{"line":92,"column":5}},"type":"if","locations":[{"start":{"line":86,"column":4},"end":{"line":92,"column":5}}]},"6":{"loc":{"start":{"line":94,"column":4},"end":{"line":103,"column":5}},"type":"if","locations":[{"start":{"line":94,"column":4},"end":{"line":103,"column":5}}]},"7":{"loc":{"start":{"line":94,"column":8},"end":{"line":94,"column":18}},"type":"binary-expr","locations":[{"start":{"line":94,"column":8},"end":{"line":94,"column":11}},{"start":{"line":94,"column":15},"end":{"line":94,"column":18}}]},"8":{"loc":{"start":{"line":105,"column":4},"end":{"line":113,"column":5}},"type":"if","locations":[{"start":{"line":105,"column":4},"end":{"line":113,"column":5}}]},"9":{"loc":{"start":{"line":115,"column":27},"end":{"line":115,"column":79}},"type":"cond-expr","locations":[{"start":{"line":115,"column":53},"end":{"line":115,"column":74}},{"start":{"line":115,"column":77},"end":{"line":115,"column":79}}]},"10":{"loc":{"start":{"line":143,"column":4},"end":{"line":152,"column":5}},"type":"if","locations":[{"start":{"line":143,"column":4},"end":{"line":152,"column":5}}]},"11":{"loc":{"start":{"line":154,"column":4},"end":{"line":160,"column":5}},"type":"if","locations":[{"start":{"line":154,"column":4},"end":{"line":160,"column":5}}]},"12":{"loc":{"start":{"line":162,"column":4},"end":{"line":171,"column":5}},"type":"if","locations":[{"start":{"line":162,"column":4},"end":{"line":171,"column":5}}]},"13":{"loc":{"start":{"line":162,"column":8},"end":{"line":162,"column":18}},"type":"binary-expr","locations":[{"start":{"line":162,"column":8},"end":{"line":162,"column":11}},{"start":{"line":162,"column":15},"end":{"line":162,"column":18}}]},"14":{"loc":{"start":{"line":173,"column":4},"end":{"line":181,"column":5}},"type":"if","locations":[{"start":{"line":173,"column":4},"end":{"line":181,"column":5}}]},"15":{"loc":{"start":{"line":183,"column":27},"end":{"line":183,"column":79}},"type":"cond-expr","locations":[{"start":{"line":183,"column":53},"end":{"line":183,"column":74}},{"start":{"line":183,"column":77},"end":{"line":183,"column":79}}]},"16":{"loc":{"start":{"line":236,"column":4},"end":{"line":243,"column":5}},"type":"if","locations":[{"start":{"line":236,"column":4},"end":{"line":243,"column":5}}]},"17":{"loc":{"start":{"line":238,"column":8},"end":{"line":242,"column":9}},"type":"if","locations":[{"start":{"line":238,"column":8},"end":{"line":242,"column":9}},{"start":{"line":240,"column":15},"end":{"line":242,"column":9}}]}},"s":{"0":1,"1":1,"2":1,"3":1,"4":1,"5":1,"6":1,"7":1,"8":1,"9":1,"10":1,"11":1,"12":0,"13":0,"14":0,"15":0,"16":0,"17":0,"18":0,"19":0,"20":0,"21":0,"22":0,"23":0,"24":0,"25":0,"26":0,"27":1,"28":2,"29":2,"30":1,"31":1,"32":1,"33":1,"34":0,"35":0,"36":0,"37":0,"38":0,"39":0,"40":0,"41":0,"42":1,"43":1,"44":1,"45":1,"46":1,"47":1,"48":1,"49":0,"50":0,"51":1,"52":0,"53":0,"54":1,"55":0,"56":1,"57":0,"58":1,"59":1,"60":1,"61":1,"62":1,"63":0,"64":0,"65":0,"66":0,"67":0,"68":0,"69":0,"70":0,"71":0,"72":0,"73":0,"74":0,"75":0,"76":0,"77":0,"78":0,"79":0,"80":0,"81":0,"82":1,"83":0,"84":0,"85":0,"86":1,"87":0,"88":0,"89":0,"90":0,"91":0,"92":0,"93":1,"94":0,"95":0,"96":0,"97":0,"98":0,"99":0,"100":0,"101":0,"102":0,"103":0,"104":0,"105":1},"f":{"0":0,"1":0,"2":2,"3":2,"4":1,"5":1,"6":1,"7":1,"8":0,"9":0,"10":0,"11":0,"12":0,"13":0,"14":0,"15":0,"16":0,"17":0,"18":0,"19":0,"20":0,"21":0},"b":{"0":[0],"1":[0],"2":[0,0],"3":[0],"4":[0],"5":[0],"6":[0],"7":[1,1],"8":[0],"9":[0,1],"10":[0],"11":[0],"12":[0],"13":[0,0],"14":[0],"15":[0,0],"16":[0],"17":[0,0]}}
,"E:\\current\\MedicalApp (1)\\node server\\src\\config\\index.ts": {"path":"E:\\current\\MedicalApp (1)\\node server\\src\\config\\index.ts","statementMap":{"0":{"start":{"line":1,"column":0},"end":{"line":1,"column":28}},"1":{"start":{"line":2,"column":0},"end":{"line":2,"column":24}},"2":{"start":{"line":4,"column":0},"end":{"line":4,"column":56}},"3":{"start":{"line":7,"column":0},"end":{"line":23,"column":null}}},"fnMap":{},"branchMap":{},"s":{"0":1,"1":1,"2":1,"3":1},"f":{},"b":{}}
,"E:\\current\\MedicalApp (1)\\node server\\src\\errors\\apiError.ts": {"path":"E:\\current\\MedicalApp (1)\\node server\\src\\errors\\apiError.ts","statementMap":{"0":{"start":{"line":4,"column":8},"end":{"line":4,"column":23}},"1":{"start":{"line":5,"column":8},"end":{"line":5,"column":37}},"2":{"start":{"line":7,"column":8},"end":{"line":12,"column":9}},"3":{"start":{"line":8,"column":12},"end":{"line":8,"column":31}},"4":{"start":{"line":11,"column":12},"end":{"line":11,"column":null}},"5":{"start":{"line":16,"column":0},"end":{"line":16,"column":24}}},"fnMap":{"0":{"name":"(anonymous_0)","decl":{"start":{"line":3,"column":4},"end":{"line":3,"column":16}},"loc":{"start":{"line":3,"column":75},"end":{"line":13,"column":5}}}},"branchMap":{"0":{"loc":{"start":{"line":3,"column":65},"end":{"line":3,"column":75}},"type":"default-arg","locations":[{"start":{"line":3,"column":73},"end":{"line":3,"column":75}}]},"1":{"loc":{"start":{"line":7,"column":8},"end":{"line":12,"column":9}},"type":"if","locations":[{"start":{"line":7,"column":8},"end":{"line":12,"column":9}},{"start":{"line":10,"column":13},"end":{"line":12,"column":9}}]}},"s":{"0":0,"1":0,"2":0,"3":0,"4":0,"5":1},"f":{"0":0},"b":{"0":[0],"1":[0,0]}}
,"E:\\current\\MedicalApp (1)\\node server\\src\\helpers\\Transporter.ts": {"path":"E:\\current\\MedicalApp (1)\\node server\\src\\helpers\\Transporter.ts","statementMap":{"0":{"start":{"line":1,"column":0},"end":{"line":1,"column":36}},"1":{"start":{"line":4,"column":13},"end":{"line":10,"column":3}}},"fnMap":{},"branchMap":{},"s":{"0":1,"1":1},"f":{},"b":{}}
,"E:\\current\\MedicalApp (1)\\node server\\src\\helpers\\emailTransporter.ts": {"path":"E:\\current\\MedicalApp (1)\\node server\\src\\helpers\\emailTransporter.ts","statementMap":{"0":{"start":{"line":1,"column":0},"end":{"line":1,"column":20}},"1":{"start":{"line":2,"column":0},"end":{"line":2,"column":36}},"2":{"start":{"line":3,"column":0},"end":{"line":3,"column":42}},"3":{"start":{"line":4,"column":0},"end":{"line":4,"column":37}},"4":{"start":{"line":5,"column":0},"end":{"line":5,"column":44}},"5":{"start":{"line":18,"column":33},"end":{"line":86,"column":1}},"6":{"start":{"line":19,"column":25},"end":{"line":27,"column":5}},"7":{"start":{"line":20,"column":8},"end":{"line":26,"column":null}},"8":{"start":{"line":21,"column":12},"end":{"line":25,"column":13}},"9":{"start":{"line":22,"column":16},"end":{"line":22,"column":30}},"10":{"start":{"line":24,"column":16},"end":{"line":24,"column":null}},"11":{"start":{"line":30,"column":1},"end":{"line":82,"column":9}},"12":{"start":{"line":33,"column":4},"end":{"line":55,"column":null}},"13":{"start":{"line":34,"column":8},"end":{"line":37,"column":9}},"14":{"start":{"line":35,"column":12},"end":{"line":35,"column":29}},"15":{"start":{"line":36,"column":12},"end":{"line":36,"column":19}},"16":{"start":{"line":38,"column":25},"end":{"line":38,"column":49}},"17":{"start":{"line":39,"column":27},"end":{"line":39,"column":51}},"18":{"start":{"line":40,"column":26},"end":{"line":45,"column":10}},"19":{"start":{"line":47,"column":8},"end":{"line":54,"column":11}},"20":{"start":{"line":48,"column":12},"end":{"line":53,"column":13}},"21":{"start":{"line":49,"column":16},"end":{"line":49,"column":null}},"22":{"start":{"line":50,"column":16},"end":{"line":50,"column":null}},"23":{"start":{"line":52,"column":16},"end":{"line":52,"column":22}},"24":{"start":{"line":59,"column":4},"end":{"line":81,"column":null}},"25":{"start":{"line":60,"column":8},"end":{"line":63,"column":9}},"26":{"start":{"line":61,"column":12},"end":{"line":61,"column":29}},"27":{"start":{"line":62,"column":12},"end":{"line":62,"column":19}},"28":{"start":{"line":64,"column":25},"end":{"line":64,"column":49}},"29":{"start":{"line":65,"column":27},"end":{"line":65,"column":51}},"30":{"start":{"line":66,"column":26},"end":{"line":71,"column":10}},"31":{"start":{"line":73,"column":8},"end":{"line":80,"column":11}},"32":{"start":{"line":74,"column":12},"end":{"line":79,"column":13}},"33":{"start":{"line":75,"column":16},"end":{"line":75,"column":null}},"34":{"start":{"line":76,"column":16},"end":{"line":76,"column":null}},"35":{"start":{"line":78,"column":16},"end":{"line":78,"column":22}},"36":{"start":{"line":18,"column":13},"end":{"line":18,"column":33}}},"fnMap":{"0":{"name":"(anonymous_1)","decl":{"start":{"line":18,"column":33},"end":{"line":18,"column":34}},"loc":{"start":{"line":18,"column":123},"end":{"line":86,"column":1}}},"1":{"name":"(anonymous_2)","decl":{"start":{"line":19,"column":25},"end":{"line":19,"column":26}},"loc":{"start":{"line":19,"column":61},"end":{"line":27,"column":5}}},"2":{"name":"(anonymous_3)","decl":{"start":{"line":20,"column":47},"end":{"line":20,"column":56}},"loc":{"start":{"line":20,"column":65},"end":{"line":26,"column":9}}},"3":{"name":"(anonymous_4)","decl":{"start":{"line":33,"column":44},"end":{"line":33,"column":53}},"loc":{"start":{"line":33,"column":70},"end":{"line":55,"column":5}}},"4":{"name":"(anonymous_5)","decl":{"start":{"line":47,"column":42},"end":{"line":47,"column":52}},"loc":{"start":{"line":47,"column":73},"end":{"line":54,"column":9}}},"5":{"name":"(anonymous_6)","decl":{"start":{"line":59,"column":68},"end":{"line":59,"column":77}},"loc":{"start":{"line":59,"column":94},"end":{"line":81,"column":5}}},"6":{"name":"(anonymous_7)","decl":{"start":{"line":73,"column":42},"end":{"line":73,"column":52}},"loc":{"start":{"line":73,"column":73},"end":{"line":80,"column":9}}}},"branchMap":{"0":{"loc":{"start":{"line":21,"column":12},"end":{"line":25,"column":13}},"type":"if","locations":[{"start":{"line":21,"column":12},"end":{"line":25,"column":13}},{"start":{"line":23,"column":17},"end":{"line":25,"column":13}}]},"1":{"loc":{"start":{"line":30,"column":1},"end":{"line":82,"column":9}},"type":"if","locations":[{"start":{"line":30,"column":1},"end":{"line":82,"column":9}},{"start":{"line":57,"column":4},"end":{"line":82,"column":9}}]},"2":{"loc":{"start":{"line":30,"column":5},"end":{"line":30,"column":34}},"type":"cond-expr","locations":[{"start":{"line":30,"column":19},"end":{"line":30,"column":21}},{"start":{"line":30,"column":5},"end":{"line":30,"column":34}}]},"3":{"loc":{"start":{"line":30,"column":5},"end":{"line":30,"column":21}},"type":"binary-expr","locations":[{"start":{"line":30,"column":5},"end":{"line":30,"column":21}},{"start":{"line":30,"column":5},"end":{"line":30,"column":21}}]},"4":{"loc":{"start":{"line":34,"column":8},"end":{"line":37,"column":9}},"type":"if","locations":[{"start":{"line":34,"column":8},"end":{"line":37,"column":9}}]},"5":{"loc":{"start":{"line":48,"column":12},"end":{"line":53,"column":13}},"type":"if","locations":[{"start":{"line":48,"column":12},"end":{"line":53,"column":13}},{"start":{"line":51,"column":19},"end":{"line":53,"column":13}}]},"6":{"loc":{"start":{"line":60,"column":8},"end":{"line":63,"column":9}},"type":"if","locations":[{"start":{"line":60,"column":8},"end":{"line":63,"column":9}}]},"7":{"loc":{"start":{"line":74,"column":12},"end":{"line":79,"column":13}},"type":"if","locations":[{"start":{"line":74,"column":12},"end":{"line":79,"column":13}},{"start":{"line":77,"column":19},"end":{"line":79,"column":13}}]}},"s":{"0":1,"1":1,"2":1,"3":1,"4":1,"5":1,"6":0,"7":0,"8":0,"9":0,"10":0,"11":0,"12":0,"13":0,"14":0,"15":0,"16":0,"17":0,"18":0,"19":0,"20":0,"21":0,"22":0,"23":0,"24":0,"25":0,"26":0,"27":0,"28":0,"29":0,"30":0,"31":0,"32":0,"33":0,"34":0,"35":0,"36":1},"f":{"0":0,"1":0,"2":0,"3":0,"4":0,"5":0,"6":0},"b":{"0":[0,0],"1":[0,0],"2":[0,0],"3":[0,0],"4":[0],"5":[0,0],"6":[0],"7":[0,0]}}
,"E:\\current\\MedicalApp (1)\\node server\\src\\helpers\\uploadHelper.ts": {"path":"E:\\current\\MedicalApp (1)\\node server\\src\\helpers\\uploadHelper.ts","statementMap":{"0":{"start":{"line":1,"column":0},"end":{"line":1,"column":45}},"1":{"start":{"line":2,"column":0},"end":{"line":2,"column":31}},"2":{"start":{"line":3,"column":0},"end":{"line":3,"column":28}},"3":{"start":{"line":6,"column":0},"end":{"line":10,"column":3}},"4":{"start":{"line":12,"column":15},"end":{"line":12,"column":56}},"5":{"start":{"line":14,"column":19},"end":{"line":30,"column":2}},"6":{"start":{"line":14,"column":69},"end":{"line":30,"column":2}},"7":{"start":{"line":15,"column":4},"end":{"line":17,"column":5}},"8":{"start":{"line":16,"column":8},"end":{"line":16,"column":56}},"9":{"start":{"line":18,"column":4},"end":{"line":29,"column":null}},"10":{"start":{"line":19,"column":8},"end":{"line":28,"column":27}},"11":{"start":{"line":22,"column":16},"end":{"line":26,"column":17}},"12":{"start":{"line":23,"column":20},"end":{"line":23,"column":null}},"13":{"start":{"line":25,"column":20},"end":{"line":25,"column":null}},"14":{"start":{"line":32,"column":13},"end":{"line":35,"column":null}}},"fnMap":{"0":{"name":"(anonymous_8)","decl":{"start":{"line":14,"column":19},"end":{"line":14,"column":26}},"loc":{"start":{"line":14,"column":69},"end":{"line":30,"column":2}}},"1":{"name":"(anonymous_9)","decl":{"start":{"line":14,"column":69},"end":{"line":14,"column":null}},"loc":{"start":{"line":14,"column":69},"end":{"line":30,"column":1}}},"2":{"name":"(anonymous_10)","decl":{"start":{"line":18,"column":23},"end":{"line":18,"column":24}},"loc":{"start":{"line":18,"column":43},"end":{"line":29,"column":5}}},"3":{"name":"(anonymous_11)","decl":{"start":{"line":21,"column":12},"end":{"line":21,"column":13}},"loc":{"start":{"line":21,"column":40},"end":{"line":27,"column":13}}}},"branchMap":{"0":{"loc":{"start":{"line":15,"column":4},"end":{"line":17,"column":5}},"type":"if","locations":[{"start":{"line":15,"column":4},"end":{"line":17,"column":5}}]},"1":{"loc":{"start":{"line":15,"column":8},"end":{"line":15,"column":29}},"type":"binary-expr","locations":[{"start":{"line":15,"column":8},"end":{"line":15,"column":13}},{"start":{"line":15,"column":17},"end":{"line":15,"column":29}}]},"2":{"loc":{"start":{"line":22,"column":16},"end":{"line":26,"column":17}},"type":"if","locations":[{"start":{"line":22,"column":16},"end":{"line":26,"column":17}},{"start":{"line":24,"column":23},"end":{"line":26,"column":17}}]}},"s":{"0":1,"1":1,"2":1,"3":1,"4":1,"5":1,"6":0,"7":0,"8":0,"9":0,"10":0,"11":0,"12":0,"13":0,"14":1},"f":{"0":0,"1":0,"2":0,"3":0},"b":{"0":[0],"1":[0,0],"2":[0,0]}}
,"E:\\current\\MedicalApp (1)\\node server\\src\\shared\\paginationHelper.ts": {"path":"E:\\current\\MedicalApp (1)\\node server\\src\\shared\\paginationHelper.ts","statementMap":{"0":{"start":{"line":16,"column":28},"end":{"line":27,"column":1}},"1":{"start":{"line":17,"column":17},"end":{"line":17,"column":42}},"2":{"start":{"line":18,"column":18},"end":{"line":18,"column":45}},"3":{"start":{"line":19,"column":17},"end":{"line":19,"column":35}},"4":{"start":{"line":21,"column":19},"end":{"line":21,"column":48}},"5":{"start":{"line":22,"column":22},"end":{"line":22,"column":49}},"6":{"start":{"line":24,"column":4},"end":{"line":26,"column":null}},"7":{"start":{"line":29,"column":0},"end":{"line":29,"column":35}}},"fnMap":{"0":{"name":"(anonymous_0)","decl":{"start":{"line":16,"column":28},"end":{"line":16,"column":29}},"loc":{"start":{"line":16,"column":64},"end":{"line":27,"column":1}}}},"branchMap":{"0":{"loc":{"start":{"line":17,"column":24},"end":{"line":17,"column":41}},"type":"binary-expr","locations":[{"start":{"line":17,"column":24},"end":{"line":17,"column":36}},{"start":{"line":17,"column":40},"end":{"line":17,"column":41}}]},"1":{"loc":{"start":{"line":18,"column":25},"end":{"line":18,"column":44}},"type":"binary-expr","locations":[{"start":{"line":18,"column":25},"end":{"line":18,"column":38}},{"start":{"line":18,"column":42},"end":{"line":18,"column":44}}]},"2":{"loc":{"start":{"line":21,"column":19},"end":{"line":21,"column":48}},"type":"binary-expr","locations":[{"start":{"line":21,"column":19},"end":{"line":21,"column":33}},{"start":{"line":21,"column":37},"end":{"line":21,"column":48}}]},"3":{"loc":{"start":{"line":22,"column":22},"end":{"line":22,"column":49}},"type":"binary-expr","locations":[{"start":{"line":22,"column":22},"end":{"line":22,"column":39}},{"start":{"line":22,"column":43},"end":{"line":22,"column":49}}]}},"s":{"0":1,"1":1,"2":1,"3":1,"4":1,"5":1,"6":1,"7":1},"f":{"0":1},"b":{"0":[1,1],"1":[1,1],"2":[1,1],"3":[1,1]}}
,"E:\\current\\MedicalApp (1)\\node server\\src\\shared\\prisma.ts": {"path":"E:\\current\\MedicalApp (1)\\node server\\src\\shared\\prisma.ts","statementMap":{"0":{"start":{"line":1,"column":0},"end":{"line":1,"column":46}},"1":{"start":{"line":3,"column":15},"end":{"line":5,"column":2}},"2":{"start":{"line":7,"column":0},"end":{"line":7,"column":22}}},"fnMap":{},"branchMap":{},"s":{"0":1,"1":1,"2":1},"f":{},"b":{}}
}
