TN:
SF:src\app\modules\doctor\doctor.interface.ts
FNF:0
FNH:0
DA:10,1
DA:11,1
DA:13,1
LF:3
LH:3
BRF:0
BRH:0
end_of_record
TN:
SF:src\app\modules\doctor\doctor.service.ts
FN:16,(anonymous_9)
FN:16,(anonymous_10)
FN:44,(anonymous_11)
FN:44,(anonymous_12)
FN:45,(anonymous_13)
FN:45,(anonymous_14)
FN:70,(anonymous_15)
FN:70,(anonymous_16)
FN:77,(anonymous_17)
FN:88,(anonymous_18)
FN:138,(anonymous_19)
FN:138,(anonymous_20)
FN:145,(anonymous_21)
FN:156,(anonymous_22)
FN:203,(anonymous_23)
FN:203,(anonymous_24)
FN:212,(anonymous_25)
FN:212,(anonymous_26)
FN:213,(anonymous_27)
FN:213,(anonymous_28)
FN:231,(anonymous_29)
FN:231,(anonymous_30)
FNF:22
FNH:6
FNDA:0,(anonymous_9)
FNDA:0,(anonymous_10)
FNDA:2,(anonymous_11)
FNDA:2,(anonymous_12)
FNDA:1,(anonymous_13)
FNDA:1,(anonymous_14)
FNDA:1,(anonymous_15)
FNDA:1,(anonymous_16)
FNDA:0,(anonymous_17)
FNDA:0,(anonymous_18)
FNDA:0,(anonymous_19)
FNDA:0,(anonymous_20)
FNDA:0,(anonymous_21)
FNDA:0,(anonymous_22)
FNDA:0,(anonymous_23)
FNDA:0,(anonymous_24)
FNDA:0,(anonymous_25)
FNDA:0,(anonymous_26)
FNDA:0,(anonymous_27)
FNDA:0,(anonymous_28)
FNDA:0,(anonymous_29)
FNDA:0,(anonymous_30)
DA:1,1
DA:2,1
DA:3,1
DA:4,1
DA:5,1
DA:6,1
DA:7,1
DA:11,1
DA:12,1
DA:13,1
DA:14,1
DA:16,1
DA:17,0
DA:18,0
DA:19,0
DA:21,0
DA:23,0
DA:24,0
DA:31,0
DA:32,0
DA:33,0
DA:36,0
DA:37,0
DA:38,0
DA:39,0
DA:40,0
DA:44,2
DA:45,2
DA:46,1
DA:47,1
DA:48,0
DA:49,0
DA:51,0
DA:52,0
DA:60,0
DA:63,0
DA:64,0
DA:66,0
DA:70,1
DA:71,1
DA:72,1
DA:74,1
DA:75,1
DA:76,0
DA:77,0
DA:86,1
DA:87,0
DA:88,0
DA:94,1
DA:95,0
DA:105,1
DA:106,0
DA:115,1
DA:116,1
DA:125,1
DA:126,1
DA:138,1
DA:139,0
DA:140,0
DA:142,0
DA:143,0
DA:144,0
DA:145,0
DA:154,0
DA:155,0
DA:156,0
DA:162,0
DA:163,0
DA:173,0
DA:174,0
DA:183,0
DA:184,0
DA:192,0
DA:193,0
DA:203,1
DA:204,0
DA:209,0
DA:212,1
DA:213,0
DA:214,0
DA:219,0
DA:225,0
DA:231,1
DA:232,0
DA:233,0
DA:234,0
DA:236,0
DA:237,0
DA:238,0
DA:239,0
DA:241,0
DA:244,0
DA:248,0
DA:251,1
LF:94
LH:33
BRDA:31,0,0,0
BRDA:48,1,0,0
BRDA:55,2,0,0
BRDA:55,2,1,0
BRDA:63,3,0,0
BRDA:75,4,0,0
BRDA:86,5,0,0
BRDA:94,6,0,0
BRDA:94,7,0,1
BRDA:94,7,1,1
BRDA:105,8,0,0
BRDA:115,9,0,0
BRDA:115,9,1,1
BRDA:143,10,0,0
BRDA:154,11,0,0
BRDA:162,12,0,0
BRDA:162,13,0,0
BRDA:162,13,1,0
BRDA:173,14,0,0
BRDA:183,15,0,0
BRDA:183,15,1,0
BRDA:236,16,0,0
BRDA:238,17,0,0
BRDA:238,17,1,0
BRF:24
BRH:3
end_of_record
TN:
SF:src\config\index.ts
FNF:0
FNH:0
DA:1,1
DA:2,1
DA:4,1
DA:7,1
LF:4
LH:4
BRF:0
BRH:0
end_of_record
TN:
SF:src\errors\apiError.ts
FN:3,(anonymous_0)
FNF:1
FNH:0
FNDA:0,(anonymous_0)
DA:4,0
DA:5,0
DA:7,0
DA:8,0
DA:11,0
DA:16,1
LF:6
LH:1
BRDA:3,0,0,0
BRDA:7,1,0,0
BRDA:7,1,1,0
BRF:3
BRH:0
end_of_record
TN:
SF:src\helpers\Transporter.ts
FNF:0
FNH:0
DA:1,1
DA:4,1
LF:2
LH:2
BRF:0
BRH:0
end_of_record
TN:
SF:src\helpers\emailTransporter.ts
FN:18,(anonymous_1)
FN:19,(anonymous_2)
FN:20,(anonymous_3)
FN:33,(anonymous_4)
FN:47,(anonymous_5)
FN:59,(anonymous_6)
FN:73,(anonymous_7)
FNF:7
FNH:0
FNDA:0,(anonymous_1)
FNDA:0,(anonymous_2)
FNDA:0,(anonymous_3)
FNDA:0,(anonymous_4)
FNDA:0,(anonymous_5)
FNDA:0,(anonymous_6)
FNDA:0,(anonymous_7)
DA:1,1
DA:2,1
DA:3,1
DA:4,1
DA:5,1
DA:18,1
DA:19,0
DA:20,0
DA:21,0
DA:22,0
DA:24,0
DA:30,0
DA:33,0
DA:34,0
DA:35,0
DA:36,0
DA:38,0
DA:39,0
DA:40,0
DA:47,0
DA:48,0
DA:49,0
DA:50,0
DA:52,0
DA:59,0
DA:60,0
DA:61,0
DA:62,0
DA:64,0
DA:65,0
DA:66,0
DA:73,0
DA:74,0
DA:75,0
DA:76,0
DA:78,0
LF:36
LH:6
BRDA:21,0,0,0
BRDA:21,0,1,0
BRDA:30,1,0,0
BRDA:30,1,1,0
BRDA:30,2,0,0
BRDA:30,2,1,0
BRDA:30,3,0,0
BRDA:30,3,1,0
BRDA:34,4,0,0
BRDA:48,5,0,0
BRDA:48,5,1,0
BRDA:60,6,0,0
BRDA:74,7,0,0
BRDA:74,7,1,0
BRF:14
BRH:0
end_of_record
TN:
SF:src\helpers\uploadHelper.ts
FN:14,(anonymous_8)
FN:14,(anonymous_9)
FN:18,(anonymous_10)
FN:21,(anonymous_11)
FNF:4
FNH:0
FNDA:0,(anonymous_8)
FNDA:0,(anonymous_9)
FNDA:0,(anonymous_10)
FNDA:0,(anonymous_11)
DA:1,1
DA:2,1
DA:3,1
DA:6,1
DA:12,1
DA:14,1
DA:15,0
DA:16,0
DA:18,0
DA:19,0
DA:22,0
DA:23,0
DA:25,0
DA:32,1
LF:14
LH:7
BRDA:15,0,0,0
BRDA:15,1,0,0
BRDA:15,1,1,0
BRDA:22,2,0,0
BRDA:22,2,1,0
BRF:5
BRH:0
end_of_record
TN:
SF:src\shared\paginationHelper.ts
FN:16,(anonymous_0)
FNF:1
FNH:1
FNDA:1,(anonymous_0)
DA:16,1
DA:17,1
DA:18,1
DA:19,1
DA:21,1
DA:22,1
DA:24,1
DA:29,1
LF:8
LH:8
BRDA:17,0,0,1
BRDA:17,0,1,1
BRDA:18,1,0,1
BRDA:18,1,1,1
BRDA:21,2,0,1
BRDA:21,2,1,1
BRDA:22,3,0,1
BRDA:22,3,1,1
BRF:8
BRH:8
end_of_record
TN:
SF:src\shared\prisma.ts
FNF:0
FNH:0
DA:1,1
DA:3,1
DA:7,1
LF:3
LH:3
BRF:0
BRH:0
end_of_record
