TN:
SF:src\app.ts
FN:19,(anonymous_1)
FNF:1
FNH:0
FNDA:0,(anonymous_1)
DA:1,1
DA:2,1
DA:3,1
DA:4,1
DA:5,1
DA:6,1
DA:8,1
DA:10,1
DA:11,1
DA:13,1
DA:14,1
DA:15,1
DA:18,1
DA:19,1
DA:20,0
DA:21,0
DA:23,0
DA:28,0
DA:31,1
LF:19
LH:15
BRDA:20,0,0,0
BRDA:20,0,1,0
BRF:2
BRH:0
end_of_record
TN:
SF:src\app\middlewares\auth.ts
FN:7,(anonymous_8)
FN:7,(anonymous_9)
FN:7,(anonymous_10)
FNF:3
FNH:3
FNDA:78,(anonymous_8)
FNDA:4,(anonymous_9)
FNDA:4,(anonymous_10)
DA:2,3
DA:3,3
DA:4,3
DA:7,78
DA:8,4
DA:9,4
DA:10,4
DA:11,1
DA:14,3
DA:15,3
DA:17,1
DA:19,2
DA:21,2
DA:22,0
DA:24,2
DA:26,2
LF:16
LH:15
BRDA:10,0,0,1
BRDA:21,1,0,0
BRDA:21,2,0,2
BRDA:21,2,1,0
BRF:4
BRH:2
end_of_record
TN:
SF:src\app\modules\admin\admin.controller.ts
FN:7,(anonymous_8)
FN:7,(anonymous_9)
FN:17,(anonymous_10)
FN:17,(anonymous_11)
FNF:4
FNH:0
FNDA:0,(anonymous_8)
FNDA:0,(anonymous_9)
FNDA:0,(anonymous_10)
FNDA:0,(anonymous_11)
DA:2,2
DA:3,2
DA:4,2
DA:7,2
DA:8,0
DA:9,0
DA:17,2
DA:18,0
DA:19,0
DA:60,2
LF:10
LH:6
BRF:0
BRH:0
end_of_record
TN:
SF:src\app\modules\admin\admin.route.ts
FNF:0
FNH:0
DA:1,2
DA:2,2
DA:3,2
DA:5,2
DA:7,2
DA:11,2
LF:6
LH:6
BRF:0
BRH:0
end_of_record
TN:
SF:src\app\modules\admin\admin.service.ts
FN:8,(anonymous_9)
FN:8,(anonymous_10)
FN:37,(anonymous_11)
FN:37,(anonymous_12)
FN:38,(anonymous_13)
FN:38,(anonymous_14)
FN:64,(anonymous_15)
FN:64,(anonymous_16)
FNF:8
FNH:0
FNDA:0,(anonymous_9)
FNDA:0,(anonymous_10)
FNDA:0,(anonymous_11)
FNDA:0,(anonymous_12)
FNDA:0,(anonymous_13)
FNDA:0,(anonymous_14)
FNDA:0,(anonymous_15)
FNDA:0,(anonymous_16)
DA:1,2
DA:2,2
DA:3,2
DA:4,2
DA:5,2
DA:6,2
DA:8,2
DA:9,0
DA:10,0
DA:11,0
DA:13,0
DA:15,0
DA:16,0
DA:23,0
DA:24,0
DA:25,0
DA:28,0
DA:29,0
DA:30,0
DA:31,0
DA:32,0
DA:37,2
DA:38,0
DA:39,0
DA:40,0
DA:41,0
DA:42,0
DA:44,0
DA:45,0
DA:53,0
DA:56,0
DA:57,0
DA:59,0
DA:64,2
DA:65,0
DA:70,0
DA:88,2
LF:37
LH:10
BRDA:23,0,0,0
BRDA:41,1,0,0
BRDA:48,2,0,0
BRDA:48,2,1,0
BRDA:56,3,0,0
BRF:5
BRH:0
end_of_record
TN:
SF:src\app\modules\appointment\appointment.controller.ts
FN:7,(anonymous_8)
FN:7,(anonymous_9)
FN:16,(anonymous_10)
FN:16,(anonymous_11)
FN:27,(anonymous_12)
FN:27,(anonymous_13)
FN:37,(anonymous_14)
FN:37,(anonymous_15)
FN:47,(anonymous_16)
FN:47,(anonymous_17)
FN:57,(anonymous_18)
FN:57,(anonymous_19)
FN:67,(anonymous_20)
FN:67,(anonymous_21)
FN:77,(anonymous_22)
FN:77,(anonymous_23)
FN:87,(anonymous_24)
FN:87,(anonymous_25)
FN:97,(anonymous_26)
FN:97,(anonymous_27)
FN:107,(anonymous_28)
FN:107,(anonymous_29)
FN:117,(anonymous_30)
FN:117,(anonymous_31)
FN:127,(anonymous_32)
FN:127,(anonymous_33)
FN:137,(anonymous_34)
FN:137,(anonymous_35)
FNF:28
FNH:0
FNDA:0,(anonymous_8)
FNDA:0,(anonymous_9)
FNDA:0,(anonymous_10)
FNDA:0,(anonymous_11)
FNDA:0,(anonymous_12)
FNDA:0,(anonymous_13)
FNDA:0,(anonymous_14)
FNDA:0,(anonymous_15)
FNDA:0,(anonymous_16)
FNDA:0,(anonymous_17)
FNDA:0,(anonymous_18)
FNDA:0,(anonymous_19)
FNDA:0,(anonymous_20)
FNDA:0,(anonymous_21)
FNDA:0,(anonymous_22)
FNDA:0,(anonymous_23)
FNDA:0,(anonymous_24)
FNDA:0,(anonymous_25)
FNDA:0,(anonymous_26)
FNDA:0,(anonymous_27)
FNDA:0,(anonymous_28)
FNDA:0,(anonymous_29)
FNDA:0,(anonymous_30)
FNDA:0,(anonymous_31)
FNDA:0,(anonymous_32)
FNDA:0,(anonymous_33)
FNDA:0,(anonymous_34)
FNDA:0,(anonymous_35)
DA:2,2
DA:3,2
DA:4,2
DA:7,2
DA:8,0
DA:9,0
DA:16,2
DA:17,0
DA:18,0
DA:27,2
DA:28,0
DA:29,0
DA:37,2
DA:38,0
DA:39,0
DA:47,2
DA:48,0
DA:49,0
DA:57,2
DA:58,0
DA:59,0
DA:67,2
DA:68,0
DA:69,0
DA:77,2
DA:78,0
DA:79,0
DA:87,2
DA:88,0
DA:89,0
DA:97,2
DA:98,0
DA:99,0
DA:107,2
DA:108,0
DA:109,0
DA:117,2
DA:118,0
DA:119,0
DA:127,2
DA:128,0
DA:129,0
DA:137,2
DA:138,0
DA:139,0
DA:147,2
LF:46
LH:18
BRF:0
BRH:0
end_of_record
TN:
SF:src\app\modules\appointment\appointment.route.ts
FNF:0
FNH:0
DA:1,2
DA:2,2
DA:3,2
DA:4,2
DA:6,2
DA:8,2
DA:10,2
DA:11,2
DA:12,2
DA:14,2
DA:15,2
DA:17,2
DA:19,2
DA:20,2
DA:21,2
DA:23,2
DA:25,2
DA:26,2
DA:28,2
DA:31,2
LF:20
LH:20
BRF:0
BRH:0
end_of_record
TN:
SF:src\app\modules\appointment\appointment.service.ts
FN:8,(anonymous_8)
FN:8,(anonymous_9)
FN:32,(anonymous_10)
FN:32,(anonymous_11)
FN:109,(anonymous_12)
FN:109,(anonymous_13)
FN:113,(anonymous_14)
FN:113,(anonymous_15)
FN:171,(anonymous_16)
FN:171,(anonymous_17)
FN:176,(anonymous_18)
FN:176,(anonymous_19)
FN:189,(anonymous_20)
FN:189,(anonymous_21)
FN:223,(anonymous_22)
FN:223,(anonymous_23)
FN:244,(anonymous_24)
FN:244,(anonymous_25)
FN:277,(anonymous_26)
FN:277,(anonymous_27)
FN:303,(anonymous_28)
FN:303,(anonymous_29)
FN:329,(anonymous_30)
FN:329,(anonymous_31)
FN:338,(anonymous_32)
FN:338,(anonymous_33)
FN:349,(anonymous_34)
FN:349,(anonymous_35)
FN:391,(anonymous_36)
FN:391,(anonymous_37)
FN:410,(anonymous_38)
FN:422,(anonymous_39)
FN:422,(anonymous_40)
FNF:33
FNH:0
FNDA:0,(anonymous_8)
FNDA:0,(anonymous_9)
FNDA:0,(anonymous_10)
FNDA:0,(anonymous_11)
FNDA:0,(anonymous_12)
FNDA:0,(anonymous_13)
FNDA:0,(anonymous_14)
FNDA:0,(anonymous_15)
FNDA:0,(anonymous_16)
FNDA:0,(anonymous_17)
FNDA:0,(anonymous_18)
FNDA:0,(anonymous_19)
FNDA:0,(anonymous_20)
FNDA:0,(anonymous_21)
FNDA:0,(anonymous_22)
FNDA:0,(anonymous_23)
FNDA:0,(anonymous_24)
FNDA:0,(anonymous_25)
FNDA:0,(anonymous_26)
FNDA:0,(anonymous_27)
FNDA:0,(anonymous_28)
FNDA:0,(anonymous_29)
FNDA:0,(anonymous_30)
FNDA:0,(anonymous_31)
FNDA:0,(anonymous_32)
FNDA:0,(anonymous_33)
FNDA:0,(anonymous_34)
FNDA:0,(anonymous_35)
FNDA:0,(anonymous_36)
FNDA:0,(anonymous_37)
FNDA:0,(anonymous_38)
FNDA:0,(anonymous_39)
FNDA:0,(anonymous_40)
DA:2,2
DA:3,2
DA:4,2
DA:5,2
DA:6,2
DA:8,2
DA:10,0
DA:11,0
DA:16,0
DA:17,0
DA:20,0
DA:25,0
DA:26,0
DA:29,0
DA:30,0
DA:32,0
DA:33,0
DA:37,0
DA:38,0
DA:41,0
DA:42,0
DA:43,0
DA:44,0
DA:45,0
DA:46,0
DA:48,0
DA:55,0
DA:56,0
DA:57,0
DA:58,0
DA:59,0
DA:72,0
DA:73,0
DA:97,0
DA:98,0
DA:99,0
DA:100,0
DA:101,0
DA:102,0
DA:103,0
DA:104,0
DA:106,0
DA:109,2
DA:110,0
DA:111,0
DA:113,0
DA:114,0
DA:119,0
DA:120,0
DA:122,0
DA:123,0
DA:124,0
DA:125,0
DA:126,0
DA:128,0
DA:131,0
DA:132,0
DA:133,0
DA:134,0
DA:147,0
DA:157,0
DA:158,0
DA:159,0
DA:160,0
DA:161,0
DA:162,0
DA:163,0
DA:164,0
DA:165,0
DA:168,0
DA:171,2
DA:172,0
DA:173,0
DA:176,2
DA:177,0
DA:186,0
DA:189,2
DA:190,0
DA:192,0
DA:220,0
DA:223,2
DA:224,0
DA:225,0
DA:230,0
DA:231,0
DA:233,0
DA:241,0
DA:244,2
DA:245,0
DA:274,0
DA:277,2
DA:278,0
DA:279,0
DA:282,0
DA:283,0
DA:285,0
DA:301,0
DA:303,2
DA:304,0
DA:305,0
DA:308,0
DA:309,0
DA:311,0
DA:326,0
DA:329,2
DA:330,0
DA:335,0
DA:338,2
DA:339,0
DA:345,0
DA:349,2
DA:350,0
DA:351,0
DA:356,0
DA:358,0
DA:360,0
DA:361,0
DA:362,0
DA:364,0
DA:369,0
DA:370,0
DA:371,0
DA:375,0
DA:377,0
DA:388,0
DA:391,2
DA:392,0
DA:393,0
DA:398,0
DA:399,0
DA:402,0
DA:410,0
DA:411,0
DA:419,0
DA:422,2
DA:423,0
DA:424,0
DA:429,0
DA:430,0
DA:432,0
DA:438,0
DA:441,2
LF:142
LH:20
BRDA:16,0,0,0
BRDA:25,1,0,0
BRDA:29,2,0,0
BRDA:37,3,0,0
BRDA:37,3,1,0
BRDA:37,4,0,0
BRDA:37,4,1,0
BRDA:37,5,0,0
BRDA:37,5,1,0
BRDA:37,6,0,0
BRDA:37,6,1,0
BRDA:38,7,0,0
BRDA:38,7,1,0
BRDA:41,8,0,0
BRDA:41,8,1,0
BRDA:41,9,0,0
BRDA:41,9,1,0
BRDA:41,10,0,0
BRDA:41,10,1,0
BRDA:41,11,0,0
BRDA:41,11,1,0
BRDA:45,12,0,0
BRDA:45,12,1,0
BRDA:58,13,0,0
BRDA:82,14,0,0
BRDA:82,14,1,0
BRDA:82,15,0,0
BRDA:82,15,1,0
BRDA:82,16,0,0
BRDA:82,16,1,0
BRDA:82,17,0,0
BRDA:82,17,1,0
BRDA:83,18,0,0
BRDA:83,18,1,0
BRDA:83,19,0,0
BRDA:83,19,1,0
BRDA:83,20,0,0
BRDA:83,20,1,0
BRDA:83,21,0,0
BRDA:83,21,1,0
BRDA:84,22,0,0
BRDA:84,22,1,0
BRDA:84,23,0,0
BRDA:84,23,1,0
BRDA:84,24,0,0
BRDA:84,24,1,0
BRDA:84,25,0,0
BRDA:84,25,1,0
BRDA:85,26,0,0
BRDA:85,26,1,0
BRDA:85,27,0,0
BRDA:85,27,1,0
BRDA:85,28,0,0
BRDA:85,28,1,0
BRDA:85,29,0,0
BRDA:85,29,1,0
BRDA:86,30,0,0
BRDA:86,30,1,0
BRDA:86,31,0,0
BRDA:86,31,1,0
BRDA:86,32,0,0
BRDA:86,32,1,0
BRDA:86,33,0,0
BRDA:86,33,1,0
BRDA:87,34,0,0
BRDA:87,34,1,0
BRDA:87,35,0,0
BRDA:87,35,1,0
BRDA:87,36,0,0
BRDA:87,36,1,0
BRDA:87,37,0,0
BRDA:87,37,1,0
BRDA:88,38,0,0
BRDA:88,38,1,0
BRDA:88,39,0,0
BRDA:88,39,1,0
BRDA:88,40,0,0
BRDA:88,40,1,0
BRDA:88,41,0,0
BRDA:88,41,1,0
BRDA:89,42,0,0
BRDA:89,42,1,0
BRDA:89,43,0,0
BRDA:89,43,1,0
BRDA:89,44,0,0
BRDA:89,44,1,0
BRDA:89,45,0,0
BRDA:89,45,1,0
BRDA:90,46,0,0
BRDA:90,46,1,0
BRDA:90,47,0,0
BRDA:90,47,1,0
BRDA:90,48,0,0
BRDA:90,48,1,0
BRDA:90,49,0,0
BRDA:90,49,1,0
BRDA:91,50,0,0
BRDA:91,50,1,0
BRDA:91,51,0,0
BRDA:91,51,1,0
BRDA:91,52,0,0
BRDA:91,52,1,0
BRDA:91,53,0,0
BRDA:91,53,1,0
BRDA:92,54,0,0
BRDA:92,54,1,0
BRDA:92,55,0,0
BRDA:92,55,1,0
BRDA:92,56,0,0
BRDA:92,56,1,0
BRDA:92,57,0,0
BRDA:92,57,1,0
BRDA:93,58,0,0
BRDA:93,58,1,0
BRDA:93,59,0,0
BRDA:93,59,1,0
BRDA:93,60,0,0
BRDA:93,60,1,0
BRDA:93,61,0,0
BRDA:93,61,1,0
BRDA:94,62,0,0
BRDA:94,62,1,0
BRDA:94,63,0,0
BRDA:94,63,1,0
BRDA:94,64,0,0
BRDA:94,64,1,0
BRDA:94,65,0,0
BRDA:94,65,1,0
BRDA:95,66,0,0
BRDA:95,66,1,0
BRDA:95,67,0,0
BRDA:95,67,1,0
BRDA:95,68,0,0
BRDA:95,68,1,0
BRDA:95,69,0,0
BRDA:95,69,1,0
BRDA:98,70,0,0
BRDA:98,70,1,0
BRDA:98,71,0,0
BRDA:98,71,1,0
BRDA:99,72,0,0
BRDA:99,72,1,0
BRDA:99,73,0,0
BRDA:99,73,1,0
BRDA:100,74,0,0
BRDA:100,74,1,0
BRDA:100,75,0,0
BRDA:100,75,1,0
BRDA:100,76,0,0
BRDA:100,76,1,0
BRDA:100,77,0,0
BRDA:100,77,1,0
BRDA:100,78,0,0
BRDA:100,78,1,0
BRDA:100,79,0,0
BRDA:100,79,1,0
BRDA:100,80,0,0
BRDA:100,80,1,0
BRDA:100,81,0,0
BRDA:100,81,1,0
BRDA:102,82,0,0
BRDA:102,82,1,0
BRDA:102,83,0,0
BRDA:102,83,1,0
BRDA:111,84,0,0
BRDA:111,84,1,0
BRDA:119,85,0,0
BRDA:119,85,1,0
BRDA:119,86,0,0
BRDA:119,86,1,0
BRDA:119,87,0,0
BRDA:119,87,1,0
BRDA:119,88,0,0
BRDA:119,88,1,0
BRDA:125,89,0,0
BRDA:125,89,1,0
BRDA:133,90,0,0
BRDA:159,91,0,0
BRDA:159,91,1,0
BRDA:159,92,0,0
BRDA:159,92,1,0
BRDA:160,93,0,0
BRDA:160,93,1,0
BRDA:160,94,0,0
BRDA:160,94,1,0
BRDA:230,95,0,0
BRDA:282,96,0,0
BRDA:308,97,0,0
BRDA:356,98,0,0
BRDA:360,99,0,0
BRDA:369,100,0,0
BRDA:375,101,0,0
BRDA:375,101,1,0
BRDA:398,102,0,0
BRDA:429,103,0,0
BRF:195
BRH:0
end_of_record
TN:
SF:src\app\modules\auth\auth.controller.ts
FN:11,(anonymous_8)
FN:11,(anonymous_9)
FN:27,(anonymous_10)
FN:27,(anonymous_11)
FN:37,(anonymous_12)
FN:37,(anonymous_13)
FN:47,(anonymous_14)
FN:47,(anonymous_15)
FN:65,(anonymous_16)
FN:65,(anonymous_17)
FN:93,(anonymous_18)
FN:93,(anonymous_19)
FN:124,(anonymous_20)
FN:124,(anonymous_21)
FNF:14
FNH:0
FNDA:0,(anonymous_8)
FNDA:0,(anonymous_9)
FNDA:0,(anonymous_10)
FNDA:0,(anonymous_11)
FNDA:0,(anonymous_12)
FNDA:0,(anonymous_13)
FNDA:0,(anonymous_14)
FNDA:0,(anonymous_15)
FNDA:0,(anonymous_16)
FNDA:0,(anonymous_17)
FNDA:0,(anonymous_18)
FNDA:0,(anonymous_19)
FNDA:0,(anonymous_20)
FNDA:0,(anonymous_21)
DA:2,2
DA:3,2
DA:4,2
DA:5,2
DA:6,2
DA:7,2
DA:8,2
DA:9,2
DA:11,2
DA:12,0
DA:13,0
DA:15,0
DA:19,0
DA:20,0
DA:27,2
DA:28,0
DA:29,0
DA:37,2
DA:38,0
DA:39,0
DA:47,2
DA:48,0
DA:49,0
DA:50,0
DA:55,0
DA:56,0
DA:58,0
DA:63,0
DA:65,0
DA:66,0
DA:75,0
DA:81,0
DA:88,0
DA:93,2
DA:94,0
DA:95,0
DA:96,0
DA:97,0
DA:98,0
DA:99,0
DA:100,0
DA:101,0
DA:111,0
DA:119,0
DA:124,2
DA:125,0
DA:129,2
LF:47
LH:15
BRDA:55,0,0,0
BRDA:63,1,0,0
BRF:2
BRH:0
end_of_record
TN:
SF:src\app\modules\auth\auth.route.ts
FNF:0
FNH:0
DA:1,2
DA:2,2
DA:4,2
DA:6,2
DA:7,2
DA:8,2
DA:9,2
DA:10,2
DA:11,2
DA:13,2
LF:10
LH:10
BRF:0
BRH:0
end_of_record
TN:
SF:src\app\modules\auth\auth.service.ts
FN:18,(anonymous_8)
FN:18,(anonymous_9)
FN:66,(anonymous_10)
FN:66,(anonymous_11)
FN:90,(anonymous_12)
FN:90,(anonymous_13)
FN:148,(anonymous_14)
FN:148,(anonymous_15)
FNF:8
FNH:0
FNDA:0,(anonymous_8)
FNDA:0,(anonymous_9)
FNDA:0,(anonymous_10)
FNDA:0,(anonymous_11)
FNDA:0,(anonymous_12)
FNDA:0,(anonymous_13)
FNDA:0,(anonymous_14)
FNDA:0,(anonymous_15)
DA:1,2
DA:2,2
DA:3,2
DA:4,2
DA:5,2
DA:6,2
DA:10,2
DA:18,2
DA:19,0
DA:20,0
DA:24,0
DA:25,0
DA:28,0
DA:29,0
DA:34,0
DA:35,0
DA:39,0
DA:40,0
DA:45,0
DA:46,0
DA:51,0
DA:53,0
DA:54,0
DA:56,0
DA:57,0
DA:62,0
DA:66,2
DA:67,0
DA:68,0
DA:72,0
DA:73,0
DA:75,0
DA:77,0
DA:78,0
DA:80,0
DA:81,0
DA:86,0
DA:90,2
DA:91,0
DA:148,2
DA:149,0
DA:191,2
LF:42
LH:12
BRDA:24,0,0,0
BRDA:28,1,0,0
BRDA:34,2,0,0
BRDA:34,3,0,0
BRDA:34,3,1,0
BRDA:34,4,0,0
BRDA:34,4,1,0
BRDA:34,5,0,0
BRDA:34,5,1,0
BRDA:39,6,0,0
BRDA:45,7,0,0
BRDA:45,8,0,0
BRDA:45,8,1,0
BRDA:45,9,0,0
BRDA:45,9,1,0
BRDA:45,10,0,0
BRDA:45,10,1,0
BRDA:53,11,0,0
BRDA:72,12,0,0
BRDA:77,13,0,0
BRF:20
BRH:0
end_of_record
TN:
SF:src\app\modules\blog\blog.controller.ts
FN:9,(anonymous_8)
FN:9,(anonymous_9)
FN:19,(anonymous_10)
FN:19,(anonymous_11)
FN:31,(anonymous_12)
FN:31,(anonymous_13)
FN:41,(anonymous_14)
FN:41,(anonymous_15)
FN:51,(anonymous_16)
FN:51,(anonymous_17)
FNF:10
FNH:0
FNDA:0,(anonymous_8)
FNDA:0,(anonymous_9)
FNDA:0,(anonymous_10)
FNDA:0,(anonymous_11)
FNDA:0,(anonymous_12)
FNDA:0,(anonymous_13)
FNDA:0,(anonymous_14)
FNDA:0,(anonymous_15)
FNDA:0,(anonymous_16)
FNDA:0,(anonymous_17)
DA:2,2
DA:3,2
DA:4,2
DA:6,2
DA:7,2
DA:9,2
DA:10,0
DA:11,0
DA:19,2
DA:20,0
DA:21,0
DA:22,0
DA:23,0
DA:31,2
DA:32,0
DA:33,0
DA:41,2
DA:42,0
DA:43,0
DA:51,2
DA:52,0
DA:53,0
DA:60,2
LF:23
LH:11
BRF:0
BRH:0
end_of_record
TN:
SF:src\app\modules\blog\blog.interface.ts
FNF:0
FNH:0
DA:6,2
LF:1
LH:1
BRF:0
BRH:0
end_of_record
TN:
SF:src\app\modules\blog\blog.route.ts
FN:11,(anonymous_1)
FN:20,(anonymous_2)
FNF:2
FNH:0
FNDA:0,(anonymous_1)
FNDA:0,(anonymous_2)
DA:1,2
DA:2,2
DA:3,2
DA:4,2
DA:5,2
DA:7,2
DA:8,2
DA:12,0
DA:14,2
DA:15,2
DA:16,2
DA:17,2
DA:21,0
DA:25,2
LF:14
LH:12
BRF:0
BRH:0
end_of_record
TN:
SF:src\app\modules\blog\blog.service.ts
FN:12,(anonymous_9)
FN:12,(anonymous_10)
FN:39,(anonymous_11)
FN:39,(anonymous_12)
FN:46,(anonymous_13)
FN:56,(anonymous_14)
FN:94,(anonymous_15)
FN:94,(anonymous_16)
FN:110,(anonymous_17)
FN:110,(anonymous_18)
FN:117,(anonymous_19)
FN:117,(anonymous_20)
FNF:12
FNH:0
FNDA:0,(anonymous_9)
FNDA:0,(anonymous_10)
FNDA:0,(anonymous_11)
FNDA:0,(anonymous_12)
FNDA:0,(anonymous_13)
FNDA:0,(anonymous_14)
FNDA:0,(anonymous_15)
FNDA:0,(anonymous_16)
FNDA:0,(anonymous_17)
FNDA:0,(anonymous_18)
FNDA:0,(anonymous_19)
FNDA:0,(anonymous_20)
DA:1,2
DA:2,2
DA:3,2
DA:5,2
DA:6,2
DA:10,2
DA:12,2
DA:13,0
DA:14,0
DA:15,0
DA:17,0
DA:22,0
DA:23,0
DA:25,0
DA:26,0
DA:28,0
DA:29,0
DA:30,0
DA:31,0
DA:33,0
DA:36,0
DA:39,2
DA:40,0
DA:41,0
DA:43,0
DA:44,0
DA:45,0
DA:46,0
DA:54,0
DA:55,0
DA:56,0
DA:61,0
DA:63,0
DA:82,0
DA:84,0
DA:94,2
DA:95,0
DA:107,0
DA:110,2
DA:111,0
DA:114,0
DA:117,2
DA:118,0
DA:119,0
DA:120,0
DA:121,0
DA:122,0
DA:123,0
DA:124,0
DA:126,0
DA:129,0
DA:133,0
DA:136,2
LF:53
LH:12
BRDA:22,0,0,0
BRDA:25,1,0,0
BRDA:28,2,0,0
BRDA:30,3,0,0
BRDA:30,3,1,0
BRDA:44,4,0,0
BRDA:54,5,0,0
BRDA:61,6,0,0
BRDA:61,6,1,0
BRDA:76,7,0,0
BRDA:76,7,1,0
BRDA:76,8,0,0
BRDA:76,8,1,0
BRDA:121,9,0,0
BRDA:123,10,0,0
BRDA:123,10,1,0
BRF:16
BRH:0
end_of_record
TN:
SF:src\app\modules\contact\contact.controller.ts
FN:6,(anonymous_8)
FN:6,(anonymous_9)
FNF:2
FNH:0
FNDA:0,(anonymous_8)
FNDA:0,(anonymous_9)
DA:2,2
DA:3,2
DA:4,2
DA:6,2
DA:7,0
DA:8,0
DA:16,2
LF:7
LH:5
BRF:0
BRH:0
end_of_record
TN:
SF:src\app\modules\contact\contact.route.ts
FNF:0
FNH:0
DA:1,2
DA:2,2
DA:4,2
DA:5,2
DA:7,2
LF:5
LH:5
BRF:0
BRH:0
end_of_record
TN:
SF:src\app\modules\contact\contact.service.ts
FN:6,(anonymous_8)
FN:6,(anonymous_9)
FN:23,(anonymous_10)
FNF:3
FNH:0
FNDA:0,(anonymous_8)
FNDA:0,(anonymous_9)
FNDA:0,(anonymous_10)
DA:1,2
DA:3,2
DA:4,2
DA:6,2
DA:7,0
DA:8,0
DA:16,0
DA:23,0
DA:24,0
DA:25,0
DA:27,0
DA:30,0
DA:36,2
LF:13
LH:5
BRDA:24,0,0,0
BRDA:24,0,1,0
BRF:2
BRH:0
end_of_record
TN:
SF:src\app\modules\doctor\doctor.controller.ts
FN:9,(anonymous_8)
FN:9,(anonymous_9)
FN:19,(anonymous_10)
FN:19,(anonymous_11)
FN:31,(anonymous_12)
FN:31,(anonymous_13)
FN:44,(anonymous_14)
FN:44,(anonymous_15)
FN:54,(anonymous_16)
FN:54,(anonymous_17)
FN:64,(anonymous_18)
FN:64,(anonymous_19)
FNF:12
FNH:0
FNDA:0,(anonymous_8)
FNDA:0,(anonymous_9)
FNDA:0,(anonymous_10)
FNDA:0,(anonymous_11)
FNDA:0,(anonymous_12)
FNDA:0,(anonymous_13)
FNDA:0,(anonymous_14)
FNDA:0,(anonymous_15)
FNDA:0,(anonymous_16)
FNDA:0,(anonymous_17)
FNDA:0,(anonymous_18)
FNDA:0,(anonymous_19)
DA:2,2
DA:3,2
DA:5,2
DA:6,2
DA:7,2
DA:9,2
DA:10,0
DA:11,0
DA:19,2
DA:20,0
DA:21,0
DA:22,0
DA:23,0
DA:31,2
DA:32,0
DA:33,0
DA:34,0
DA:35,0
DA:44,2
DA:45,0
DA:46,0
DA:54,2
DA:55,0
DA:56,0
DA:64,2
DA:65,0
DA:66,0
DA:74,2
LF:28
LH:12
BRF:0
BRH:0
end_of_record
TN:
SF:src\app\modules\doctor\doctor.interface.ts
FNF:0
FNH:0
DA:10,3
DA:11,3
DA:13,3
LF:3
LH:3
BRF:0
BRH:0
end_of_record
TN:
SF:src\app\modules\doctor\doctor.route.ts
FN:17,(anonymous_1)
FNF:1
FNH:0
FNDA:0,(anonymous_1)
DA:1,2
DA:2,2
DA:3,2
DA:4,2
DA:5,2
DA:7,2
DA:9,2
DA:10,2
DA:11,2
DA:12,2
DA:13,2
DA:14,2
DA:18,0
DA:22,2
LF:14
LH:13
BRF:0
BRH:0
end_of_record
TN:
SF:src\app\modules\doctor\doctor.service.ts
FN:16,(anonymous_9)
FN:16,(anonymous_10)
FN:44,(anonymous_11)
FN:44,(anonymous_12)
FN:45,(anonymous_13)
FN:45,(anonymous_14)
FN:70,(anonymous_15)
FN:70,(anonymous_16)
FN:77,(anonymous_17)
FN:88,(anonymous_18)
FN:138,(anonymous_19)
FN:138,(anonymous_20)
FN:145,(anonymous_21)
FN:156,(anonymous_22)
FN:203,(anonymous_23)
FN:203,(anonymous_24)
FN:212,(anonymous_25)
FN:212,(anonymous_26)
FN:213,(anonymous_27)
FN:213,(anonymous_28)
FN:231,(anonymous_29)
FN:231,(anonymous_30)
FNF:22
FNH:6
FNDA:0,(anonymous_9)
FNDA:0,(anonymous_10)
FNDA:2,(anonymous_11)
FNDA:2,(anonymous_12)
FNDA:1,(anonymous_13)
FNDA:1,(anonymous_14)
FNDA:1,(anonymous_15)
FNDA:1,(anonymous_16)
FNDA:0,(anonymous_17)
FNDA:0,(anonymous_18)
FNDA:0,(anonymous_19)
FNDA:0,(anonymous_20)
FNDA:0,(anonymous_21)
FNDA:0,(anonymous_22)
FNDA:0,(anonymous_23)
FNDA:0,(anonymous_24)
FNDA:0,(anonymous_25)
FNDA:0,(anonymous_26)
FNDA:0,(anonymous_27)
FNDA:0,(anonymous_28)
FNDA:0,(anonymous_29)
FNDA:0,(anonymous_30)
DA:1,3
DA:2,3
DA:3,3
DA:4,3
DA:5,3
DA:6,3
DA:7,3
DA:11,3
DA:12,3
DA:13,3
DA:14,3
DA:16,3
DA:17,0
DA:18,0
DA:19,0
DA:21,0
DA:23,0
DA:24,0
DA:31,0
DA:32,0
DA:33,0
DA:36,0
DA:37,0
DA:38,0
DA:39,0
DA:40,0
DA:44,3
DA:45,2
DA:46,1
DA:47,1
DA:48,0
DA:49,0
DA:51,0
DA:52,0
DA:60,0
DA:63,0
DA:64,0
DA:66,0
DA:70,3
DA:71,1
DA:72,1
DA:74,1
DA:75,1
DA:76,0
DA:77,0
DA:86,1
DA:87,0
DA:88,0
DA:94,1
DA:95,0
DA:105,1
DA:106,0
DA:115,1
DA:116,1
DA:125,1
DA:126,1
DA:138,3
DA:139,0
DA:140,0
DA:142,0
DA:143,0
DA:144,0
DA:145,0
DA:154,0
DA:155,0
DA:156,0
DA:162,0
DA:163,0
DA:173,0
DA:174,0
DA:183,0
DA:184,0
DA:192,0
DA:193,0
DA:203,3
DA:204,0
DA:209,0
DA:212,3
DA:213,0
DA:214,0
DA:219,0
DA:225,0
DA:231,3
DA:232,0
DA:233,0
DA:234,0
DA:236,0
DA:237,0
DA:238,0
DA:239,0
DA:241,0
DA:244,0
DA:248,0
DA:251,3
LF:94
LH:33
BRDA:31,0,0,0
BRDA:48,1,0,0
BRDA:55,2,0,0
BRDA:55,2,1,0
BRDA:63,3,0,0
BRDA:75,4,0,0
BRDA:86,5,0,0
BRDA:94,6,0,0
BRDA:94,7,0,1
BRDA:94,7,1,1
BRDA:105,8,0,0
BRDA:115,9,0,0
BRDA:115,9,1,1
BRDA:143,10,0,0
BRDA:154,11,0,0
BRDA:162,12,0,0
BRDA:162,13,0,0
BRDA:162,13,1,0
BRDA:173,14,0,0
BRDA:183,15,0,0
BRDA:183,15,1,0
BRDA:236,16,0,0
BRDA:238,17,0,0
BRDA:238,17,1,0
BRF:24
BRH:3
end_of_record
TN:
SF:src\app\modules\doctorTimeSlot\doctorTimeSlot.controller.ts
FN:7,(anonymous_8)
FN:7,(anonymous_9)
FN:17,(anonymous_10)
FN:17,(anonymous_11)
FN:27,(anonymous_12)
FN:27,(anonymous_13)
FN:37,(anonymous_14)
FN:37,(anonymous_15)
FN:47,(anonymous_16)
FN:47,(anonymous_17)
FN:56,(anonymous_18)
FN:56,(anonymous_19)
FN:65,(anonymous_20)
FN:65,(anonymous_21)
FN:75,(anonymous_22)
FN:75,(anonymous_23)
FNF:16
FNH:0
FNDA:0,(anonymous_8)
FNDA:0,(anonymous_9)
FNDA:0,(anonymous_10)
FNDA:0,(anonymous_11)
FNDA:0,(anonymous_12)
FNDA:0,(anonymous_13)
FNDA:0,(anonymous_14)
FNDA:0,(anonymous_15)
FNDA:0,(anonymous_16)
FNDA:0,(anonymous_17)
FNDA:0,(anonymous_18)
FNDA:0,(anonymous_19)
FNDA:0,(anonymous_20)
FNDA:0,(anonymous_21)
FNDA:0,(anonymous_22)
FNDA:0,(anonymous_23)
DA:2,2
DA:3,2
DA:4,2
DA:7,2
DA:8,0
DA:9,0
DA:17,2
DA:18,0
DA:19,0
DA:27,2
DA:28,0
DA:29,0
DA:37,2
DA:38,0
DA:39,0
DA:47,2
DA:48,0
DA:49,0
DA:56,2
DA:57,0
DA:58,0
DA:65,2
DA:66,0
DA:67,0
DA:75,2
DA:76,0
DA:77,0
DA:86,2
LF:28
LH:12
BRF:0
BRH:0
end_of_record
TN:
SF:src\app\modules\doctorTimeSlot\doctorTimeSlot.route.ts
FNF:0
FNH:0
DA:1,2
DA:2,2
DA:3,2
DA:4,2
DA:6,2
DA:8,2
DA:9,2
DA:10,2
DA:11,2
DA:12,2
DA:13,2
DA:14,2
DA:15,2
DA:17,2
LF:14
LH:14
BRF:0
BRH:0
end_of_record
TN:
SF:src\app\modules\doctorTimeSlot\doctorTimeSlot.service.ts
FN:8,(anonymous_9)
FN:8,(anonymous_10)
FN:19,(anonymous_11)
FN:19,(anonymous_12)
FN:37,(anonymous_13)
FN:66,(anonymous_14)
FN:66,(anonymous_15)
FN:75,(anonymous_16)
FN:75,(anonymous_17)
FN:85,(anonymous_18)
FN:85,(anonymous_19)
FN:110,(anonymous_20)
FN:110,(anonymous_21)
FN:127,(anonymous_22)
FN:127,(anonymous_23)
FN:138,(anonymous_24)
FN:139,(anonymous_25)
FN:145,(anonymous_26)
FN:145,(anonymous_27)
FN:166,(anonymous_28)
FN:166,(anonymous_29)
FN:182,(anonymous_30)
FN:182,(anonymous_31)
FN:202,(anonymous_32)
FN:202,(anonymous_33)
FN:213,(anonymous_34)
FN:218,(anonymous_35)
FN:220,(anonymous_36)
FN:225,(anonymous_37)
FN:241,(anonymous_38)
FNF:30
FNH:0
FNDA:0,(anonymous_9)
FNDA:0,(anonymous_10)
FNDA:0,(anonymous_11)
FNDA:0,(anonymous_12)
FNDA:0,(anonymous_13)
FNDA:0,(anonymous_14)
FNDA:0,(anonymous_15)
FNDA:0,(anonymous_16)
FNDA:0,(anonymous_17)
FNDA:0,(anonymous_18)
FNDA:0,(anonymous_19)
FNDA:0,(anonymous_20)
FNDA:0,(anonymous_21)
FNDA:0,(anonymous_22)
FNDA:0,(anonymous_23)
FNDA:0,(anonymous_24)
FNDA:0,(anonymous_25)
FNDA:0,(anonymous_26)
FNDA:0,(anonymous_27)
FNDA:0,(anonymous_28)
FNDA:0,(anonymous_29)
FNDA:0,(anonymous_30)
FNDA:0,(anonymous_31)
FNDA:0,(anonymous_32)
FNDA:0,(anonymous_33)
FNDA:0,(anonymous_34)
FNDA:0,(anonymous_35)
FNDA:0,(anonymous_36)
FNDA:0,(anonymous_37)
FNDA:0,(anonymous_38)
DA:1,2
DA:2,2
DA:3,2
DA:5,2
DA:8,2
DA:9,0
DA:10,0
DA:15,0
DA:16,0
DA:19,0
DA:20,0
DA:26,0
DA:27,0
DA:30,0
DA:37,0
DA:45,0
DA:63,0
DA:66,2
DA:67,0
DA:72,0
DA:75,2
DA:76,0
DA:81,0
DA:85,2
DA:86,0
DA:87,0
DA:92,0
DA:93,0
DA:95,0
DA:96,0
DA:97,0
DA:100,0
DA:101,0
DA:107,0
DA:110,2
DA:111,0
DA:122,0
DA:127,2
DA:128,0
DA:134,0
DA:135,0
DA:137,0
DA:138,0
DA:139,0
DA:141,0
DA:145,2
DA:146,0
DA:147,0
DA:152,0
DA:153,0
DA:155,0
DA:157,0
DA:158,0
DA:163,0
DA:164,0
DA:166,0
DA:167,0
DA:168,0
DA:176,0
DA:181,0
DA:182,0
DA:183,0
DA:184,0
DA:185,0
DA:193,0
DA:197,0
DA:202,2
DA:203,0
DA:213,0
DA:214,0
DA:215,0
DA:218,0
DA:219,0
DA:220,0
DA:221,0
DA:222,0
DA:223,0
DA:225,0
DA:227,0
DA:228,0
DA:229,0
DA:231,0
DA:232,0
DA:236,0
DA:237,0
DA:240,0
DA:241,0
DA:242,0
DA:245,0
DA:247,0
DA:248,0
DA:251,2
LF:92
LH:13
BRDA:15,0,0,0
BRDA:26,1,0,0
BRDA:92,2,0,0
BRDA:96,3,0,0
BRDA:100,4,0,0
BRDA:100,4,1,0
BRDA:138,5,0,0
BRDA:138,5,1,0
BRDA:138,6,0,0
BRDA:138,6,1,0
BRDA:152,7,0,0
BRDA:157,8,0,0
BRDA:157,9,0,0
BRDA:157,9,1,0
BRDA:163,10,0,0
BRDA:172,11,0,0
BRDA:172,11,1,0
BRDA:172,12,0,0
BRDA:172,12,1,0
BRDA:181,13,0,0
BRDA:181,14,0,0
BRDA:181,14,1,0
BRDA:223,15,0,0
BRDA:223,15,1,0
BRDA:223,16,0,0
BRDA:223,16,1,0
BRDA:225,17,0,0
BRDA:225,17,1,0
BRDA:225,18,0,0
BRDA:225,18,1,0
BRDA:240,19,0,0
BRF:31
BRH:0
end_of_record
TN:
SF:src\app\modules\favourites\favourites.controller.ts
FN:7,(anonymous_8)
FN:7,(anonymous_9)
FN:17,(anonymous_10)
FN:17,(anonymous_11)
FN:27,(anonymous_12)
FN:27,(anonymous_13)
FNF:6
FNH:0
FNDA:0,(anonymous_8)
FNDA:0,(anonymous_9)
FNDA:0,(anonymous_10)
FNDA:0,(anonymous_11)
FNDA:0,(anonymous_12)
FNDA:0,(anonymous_13)
DA:2,2
DA:3,2
DA:5,2
DA:7,2
DA:8,0
DA:9,0
DA:17,2
DA:18,0
DA:19,0
DA:27,2
DA:28,0
DA:29,0
DA:37,2
LF:13
LH:7
BRF:0
BRH:0
end_of_record
TN:
SF:src\app\modules\favourites\favourites.route.ts
FNF:0
FNH:0
DA:1,2
DA:2,2
DA:3,2
DA:4,2
DA:6,2
DA:8,2
DA:9,2
DA:10,2
DA:12,2
LF:9
LH:9
BRF:0
BRH:0
end_of_record
TN:
SF:src\app\modules\favourites\favourites.service.ts
FN:6,(anonymous_8)
FN:6,(anonymous_9)
FN:33,(anonymous_10)
FN:33,(anonymous_11)
FN:61,(anonymous_12)
FN:61,(anonymous_13)
FNF:6
FNH:0
FNDA:0,(anonymous_8)
FNDA:0,(anonymous_9)
FNDA:0,(anonymous_10)
FNDA:0,(anonymous_11)
FNDA:0,(anonymous_12)
FNDA:0,(anonymous_13)
DA:2,2
DA:3,2
DA:4,2
DA:6,2
DA:7,0
DA:12,0
DA:13,0
DA:17,0
DA:23,0
DA:24,0
DA:26,0
DA:27,0
DA:30,0
DA:33,2
DA:34,0
DA:39,0
DA:40,0
DA:44,0
DA:49,0
DA:50,0
DA:52,0
DA:57,0
DA:61,2
DA:62,0
DA:67,0
DA:68,0
DA:71,0
DA:79,0
DA:83,2
LF:29
LH:7
BRDA:12,0,0,0
BRDA:23,1,0,0
BRDA:23,1,1,0
BRDA:39,2,0,0
BRDA:49,3,0,0
BRDA:49,3,1,0
BRDA:67,4,0,0
BRF:7
BRH:0
end_of_record
TN:
SF:src\app\modules\medicines\medicine.controller.ts
FN:7,(anonymous_8)
FN:7,(anonymous_9)
FN:17,(anonymous_10)
FN:17,(anonymous_11)
FN:27,(anonymous_12)
FN:27,(anonymous_13)
FNF:6
FNH:0
FNDA:0,(anonymous_8)
FNDA:0,(anonymous_9)
FNDA:0,(anonymous_10)
FNDA:0,(anonymous_11)
FNDA:0,(anonymous_12)
FNDA:0,(anonymous_13)
DA:2,2
DA:3,2
DA:4,2
DA:7,2
DA:8,0
DA:9,0
DA:17,2
DA:18,0
DA:19,0
DA:27,2
DA:28,0
DA:29,0
DA:37,2
LF:13
LH:7
BRF:0
BRH:0
end_of_record
TN:
SF:src\app\modules\medicines\medicine.route.ts
FNF:0
FNH:0
DA:1,2
DA:2,2
DA:3,2
DA:4,2
DA:6,2
DA:8,2
DA:9,2
DA:10,2
DA:12,2
LF:9
LH:9
BRF:0
BRH:0
end_of_record
TN:
SF:src\app\modules\medicines\medicine.service.ts
FN:6,(anonymous_8)
FN:6,(anonymous_9)
FN:7,(anonymous_10)
FN:24,(anonymous_11)
FN:24,(anonymous_12)
FN:47,(anonymous_13)
FN:47,(anonymous_14)
FNF:7
FNH:0
FNDA:0,(anonymous_8)
FNDA:0,(anonymous_9)
FNDA:0,(anonymous_10)
FNDA:0,(anonymous_11)
FNDA:0,(anonymous_12)
FNDA:0,(anonymous_13)
FNDA:0,(anonymous_14)
DA:2,2
DA:3,2
DA:4,2
DA:6,2
DA:7,0
DA:8,0
DA:18,0
DA:19,0
DA:24,2
DA:25,0
DA:30,0
DA:32,0
DA:43,0
DA:47,2
DA:48,0
DA:49,0
DA:52,2
LF:17
LH:7
BRDA:30,0,0,0
BRF:1
BRH:0
end_of_record
TN:
SF:src\app\modules\patient\patient.controller.ts
FN:7,(anonymous_8)
FN:7,(anonymous_9)
FN:16,(anonymous_10)
FN:16,(anonymous_11)
FN:26,(anonymous_12)
FN:26,(anonymous_13)
FN:36,(anonymous_14)
FN:36,(anonymous_15)
FN:46,(anonymous_16)
FN:46,(anonymous_17)
FNF:10
FNH:0
FNDA:0,(anonymous_8)
FNDA:0,(anonymous_9)
FNDA:0,(anonymous_10)
FNDA:0,(anonymous_11)
FNDA:0,(anonymous_12)
FNDA:0,(anonymous_13)
FNDA:0,(anonymous_14)
FNDA:0,(anonymous_15)
FNDA:0,(anonymous_16)
FNDA:0,(anonymous_17)
DA:2,2
DA:3,2
DA:4,2
DA:7,2
DA:8,0
DA:9,0
DA:16,2
DA:17,0
DA:18,0
DA:26,2
DA:27,0
DA:28,0
DA:36,2
DA:37,0
DA:38,0
DA:46,2
DA:47,0
DA:48,0
DA:56,2
LF:19
LH:9
BRF:0
BRH:0
end_of_record
TN:
SF:src\app\modules\patient\patient.route.ts
FN:16,(anonymous_1)
FNF:1
FNH:0
FNDA:0,(anonymous_1)
DA:1,2
DA:2,2
DA:3,2
DA:4,2
DA:5,2
DA:7,2
DA:9,2
DA:10,2
DA:11,2
DA:12,2
DA:13,2
DA:17,0
DA:21,2
LF:13
LH:12
BRF:0
BRH:0
end_of_record
TN:
SF:src\app\modules\patient\patient.service.ts
FN:9,(anonymous_8)
FN:9,(anonymous_9)
FN:14,(anonymous_10)
FN:14,(anonymous_11)
FN:19,(anonymous_12)
FN:19,(anonymous_13)
FN:28,(anonymous_14)
FN:28,(anonymous_15)
FN:29,(anonymous_16)
FN:29,(anonymous_17)
FN:45,(anonymous_18)
FN:45,(anonymous_19)
FNF:12
FNH:0
FNDA:0,(anonymous_8)
FNDA:0,(anonymous_9)
FNDA:0,(anonymous_10)
FNDA:0,(anonymous_11)
FNDA:0,(anonymous_12)
FNDA:0,(anonymous_13)
FNDA:0,(anonymous_14)
FNDA:0,(anonymous_15)
FNDA:0,(anonymous_16)
FNDA:0,(anonymous_17)
FNDA:0,(anonymous_18)
FNDA:0,(anonymous_19)
DA:2,2
DA:3,2
DA:6,2
DA:7,2
DA:8,2
DA:9,2
DA:10,0
DA:11,0
DA:14,2
DA:15,0
DA:16,0
DA:19,2
DA:20,0
DA:25,0
DA:28,2
DA:29,0
DA:30,0
DA:35,0
DA:41,0
DA:45,2
DA:46,0
DA:47,0
DA:48,0
DA:49,0
DA:50,0
DA:51,0
DA:52,0
DA:54,0
DA:57,0
DA:61,0
DA:64,2
LF:31
LH:11
BRDA:49,0,0,0
BRDA:51,1,0,0
BRDA:51,1,1,0
BRF:3
BRH:0
end_of_record
TN:
SF:src\app\modules\patient\patientService.ts
FN:7,(anonymous_9)
FN:7,(anonymous_10)
FN:9,(anonymous_11)
FN:9,(anonymous_12)
FNF:4
FNH:0
FNDA:0,(anonymous_9)
FNDA:0,(anonymous_10)
FNDA:0,(anonymous_11)
FNDA:0,(anonymous_12)
DA:1,2
DA:2,2
DA:3,2
DA:4,2
DA:5,2
DA:7,2
DA:8,0
DA:9,0
DA:10,0
DA:12,0
DA:16,0
DA:18,0
DA:19,0
DA:20,0
DA:22,0
DA:30,0
DA:38,0
DA:40,0
LF:18
LH:6
BRDA:16,0,0,0
BRDA:19,1,0,0
BRDA:19,1,1,0
BRDA:25,2,0,0
BRDA:25,2,1,0
BRF:5
BRH:0
end_of_record
TN:
SF:src\app\modules\prescription\prescription.controller.ts
FN:6,(anonymous_8)
FN:6,(anonymous_9)
FN:15,(anonymous_10)
FN:15,(anonymous_11)
FN:24,(anonymous_12)
FN:24,(anonymous_13)
FN:34,(anonymous_14)
FN:34,(anonymous_15)
FN:44,(anonymous_16)
FN:44,(anonymous_17)
FN:54,(anonymous_18)
FN:54,(anonymous_19)
FN:64,(anonymous_20)
FN:64,(anonymous_21)
FN:74,(anonymous_22)
FN:74,(anonymous_23)
FNF:16
FNH:0
FNDA:0,(anonymous_8)
FNDA:0,(anonymous_9)
FNDA:0,(anonymous_10)
FNDA:0,(anonymous_11)
FNDA:0,(anonymous_12)
FNDA:0,(anonymous_13)
FNDA:0,(anonymous_14)
FNDA:0,(anonymous_15)
FNDA:0,(anonymous_16)
FNDA:0,(anonymous_17)
FNDA:0,(anonymous_18)
FNDA:0,(anonymous_19)
FNDA:0,(anonymous_20)
FNDA:0,(anonymous_21)
FNDA:0,(anonymous_22)
FNDA:0,(anonymous_23)
DA:2,2
DA:3,2
DA:4,2
DA:6,2
DA:7,0
DA:8,0
DA:15,2
DA:16,0
DA:17,0
DA:24,2
DA:25,0
DA:26,0
DA:34,2
DA:35,0
DA:36,0
DA:44,2
DA:45,0
DA:46,0
DA:54,2
DA:55,0
DA:56,0
DA:64,2
DA:65,0
DA:66,0
DA:74,2
DA:75,0
DA:76,0
DA:84,2
LF:28
LH:12
BRF:0
BRH:0
end_of_record
TN:
SF:src\app\modules\prescription\prescription.route.ts
FNF:0
FNH:0
DA:1,2
DA:2,2
DA:3,2
DA:4,2
DA:6,2
DA:8,2
DA:9,2
DA:11,2
DA:12,2
DA:14,2
DA:16,2
DA:17,2
DA:18,2
DA:20,2
LF:14
LH:14
BRF:0
BRH:0
end_of_record
TN:
SF:src\app\modules\prescription\prescription.service.ts
FN:6,(anonymous_9)
FN:6,(anonymous_10)
FN:23,(anonymous_11)
FN:23,(anonymous_12)
FN:46,(anonymous_13)
FN:64,(anonymous_14)
FN:64,(anonymous_15)
FN:81,(anonymous_16)
FN:81,(anonymous_17)
FN:109,(anonymous_18)
FN:109,(anonymous_19)
FN:122,(anonymous_20)
FN:122,(anonymous_21)
FN:168,(anonymous_22)
FN:168,(anonymous_23)
FN:203,(anonymous_24)
FN:203,(anonymous_25)
FN:225,(anonymous_26)
FN:225,(anonymous_27)
FN:235,(anonymous_28)
FN:235,(anonymous_29)
FNF:21
FNH:0
FNDA:0,(anonymous_9)
FNDA:0,(anonymous_10)
FNDA:0,(anonymous_11)
FNDA:0,(anonymous_12)
FNDA:0,(anonymous_13)
FNDA:0,(anonymous_14)
FNDA:0,(anonymous_15)
FNDA:0,(anonymous_16)
FNDA:0,(anonymous_17)
FNDA:0,(anonymous_18)
FNDA:0,(anonymous_19)
FNDA:0,(anonymous_20)
FNDA:0,(anonymous_21)
FNDA:0,(anonymous_22)
FNDA:0,(anonymous_23)
FNDA:0,(anonymous_24)
FNDA:0,(anonymous_25)
FNDA:0,(anonymous_26)
FNDA:0,(anonymous_27)
FNDA:0,(anonymous_28)
FNDA:0,(anonymous_29)
DA:1,2
DA:2,2
DA:3,2
DA:6,2
DA:7,0
DA:8,0
DA:9,0
DA:14,0
DA:16,0
DA:21,0
DA:23,0
DA:24,0
DA:25,0
DA:37,0
DA:46,0
DA:47,0
DA:57,0
DA:59,0
DA:64,2
DA:65,0
DA:66,0
DA:67,0
DA:72,0
DA:74,0
DA:79,0
DA:81,0
DA:83,0
DA:94,0
DA:104,0
DA:109,2
DA:110,0
DA:119,0
DA:122,2
DA:123,0
DA:165,0
DA:168,2
DA:169,0
DA:170,0
DA:175,0
DA:176,0
DA:178,0
DA:200,0
DA:203,2
DA:204,0
DA:205,0
DA:210,0
DA:211,0
DA:213,0
DA:222,0
DA:225,2
DA:226,0
DA:227,0
DA:232,0
DA:235,2
DA:236,0
DA:242,0
DA:245,2
LF:57
LH:12
BRDA:14,0,0,0
BRDA:21,1,0,0
BRDA:30,2,0,0
BRDA:30,2,1,0
BRDA:31,3,0,0
BRDA:31,3,1,0
BRDA:32,4,0,0
BRDA:32,4,1,0
BRDA:72,5,0,0
BRDA:79,6,0,0
BRDA:88,7,0,0
BRDA:88,7,1,0
BRDA:175,8,0,0
BRDA:210,9,0,0
BRF:14
BRH:0
end_of_record
TN:
SF:src\app\modules\reviews\reviews.controller.ts
FN:8,(anonymous_8)
FN:8,(anonymous_9)
FN:18,(anonymous_10)
FN:18,(anonymous_11)
FN:28,(anonymous_12)
FN:28,(anonymous_13)
FN:38,(anonymous_14)
FN:38,(anonymous_15)
FN:49,(anonymous_16)
FN:49,(anonymous_17)
FN:59,(anonymous_18)
FN:59,(anonymous_19)
FN:69,(anonymous_20)
FN:69,(anonymous_21)
FNF:14
FNH:0
FNDA:0,(anonymous_8)
FNDA:0,(anonymous_9)
FNDA:0,(anonymous_10)
FNDA:0,(anonymous_11)
FNDA:0,(anonymous_12)
FNDA:0,(anonymous_13)
FNDA:0,(anonymous_14)
FNDA:0,(anonymous_15)
FNDA:0,(anonymous_16)
FNDA:0,(anonymous_17)
FNDA:0,(anonymous_18)
FNDA:0,(anonymous_19)
FNDA:0,(anonymous_20)
FNDA:0,(anonymous_21)
DA:2,2
DA:3,2
DA:5,2
DA:8,2
DA:9,0
DA:10,0
DA:18,2
DA:19,0
DA:20,0
DA:28,2
DA:29,0
DA:30,0
DA:38,2
DA:39,0
DA:40,0
DA:49,2
DA:50,0
DA:51,0
DA:59,2
DA:60,0
DA:61,0
DA:69,2
DA:70,0
DA:71,0
DA:79,2
LF:25
LH:11
BRF:0
BRH:0
end_of_record
TN:
SF:src\app\modules\reviews\reviews.route.ts
FNF:0
FNH:0
DA:1,2
DA:2,2
DA:3,2
DA:4,2
DA:6,2
DA:7,2
DA:8,2
DA:9,2
DA:10,2
DA:11,2
DA:12,2
DA:13,2
DA:15,2
LF:13
LH:13
BRF:0
BRH:0
end_of_record
TN:
SF:src\app\modules\reviews\reviews.service.ts
FN:7,(anonymous_8)
FN:7,(anonymous_9)
FN:33,(anonymous_10)
FN:33,(anonymous_11)
FN:57,(anonymous_12)
FN:57,(anonymous_13)
FN:80,(anonymous_14)
FN:80,(anonymous_15)
FN:111,(anonymous_16)
FN:111,(anonymous_17)
FN:120,(anonymous_18)
FN:120,(anonymous_19)
FN:130,(anonymous_20)
FN:130,(anonymous_21)
FNF:14
FNH:0
FNDA:0,(anonymous_8)
FNDA:0,(anonymous_9)
FNDA:0,(anonymous_10)
FNDA:0,(anonymous_11)
FNDA:0,(anonymous_12)
FNDA:0,(anonymous_13)
FNDA:0,(anonymous_14)
FNDA:0,(anonymous_15)
FNDA:0,(anonymous_16)
FNDA:0,(anonymous_17)
FNDA:0,(anonymous_18)
FNDA:0,(anonymous_19)
FNDA:0,(anonymous_20)
FNDA:0,(anonymous_21)
DA:2,2
DA:3,2
DA:4,2
DA:7,2
DA:8,0
DA:13,0
DA:14,0
DA:16,0
DA:21,0
DA:22,0
DA:24,0
DA:25,0
DA:27,0
DA:30,0
DA:33,2
DA:34,0
DA:35,0
DA:54,0
DA:57,2
DA:58,0
DA:77,0
DA:80,2
DA:81,0
DA:86,0
DA:87,0
DA:89,0
DA:108,0
DA:111,2
DA:112,0
DA:117,0
DA:120,2
DA:121,0
DA:127,0
DA:130,2
DA:131,0
DA:136,0
DA:137,0
DA:140,0
DA:148,0
DA:152,2
LF:40
LH:11
BRDA:13,0,0,0
BRDA:21,1,0,0
BRDA:24,2,0,0
BRDA:34,3,0,0
BRDA:34,3,1,0
BRDA:86,4,0,0
BRDA:136,5,0,0
BRF:7
BRH:0
end_of_record
TN:
SF:src\app\routes\index.ts
FN:68,(anonymous_1)
FNF:1
FNH:1
FNDA:24,(anonymous_1)
DA:1,2
DA:3,2
DA:4,2
DA:5,2
DA:6,2
DA:7,2
DA:8,2
DA:9,2
DA:10,2
DA:11,2
DA:12,2
DA:13,2
DA:14,2
DA:16,2
DA:18,2
DA:68,24
DA:69,2
LF:17
LH:17
BRF:0
BRH:0
end_of_record
TN:
SF:src\config\index.ts
FNF:0
FNH:0
DA:1,3
DA:2,3
DA:4,3
DA:7,3
LF:4
LH:4
BRF:0
BRH:0
end_of_record
TN:
SF:src\enums\index.ts
FN:1,(anonymous_0)
FN:5,(anonymous_1)
FN:10,(anonymous_2)
FNF:3
FNH:3
FNDA:2,(anonymous_0)
FNDA:2,(anonymous_1)
FNDA:2,(anonymous_2)
DA:1,2
DA:2,2
DA:5,2
DA:6,2
DA:7,2
DA:8,2
DA:10,2
DA:11,2
DA:12,2
DA:13,2
DA:14,2
LF:11
LH:11
BRDA:1,0,0,2
BRDA:1,0,1,2
BRDA:5,1,0,2
BRDA:5,1,1,2
BRDA:10,2,0,2
BRDA:10,2,1,2
BRF:6
BRH:6
end_of_record
TN:
SF:src\errors\apiError.ts
FN:3,(anonymous_0)
FNF:1
FNH:1
FNDA:2,(anonymous_0)
DA:4,2
DA:5,2
DA:7,2
DA:8,2
DA:11,0
DA:16,4
LF:6
LH:5
BRDA:3,0,0,2
BRDA:7,1,0,2
BRDA:7,1,1,0
BRF:3
BRH:2
end_of_record
TN:
SF:src\helpers\Transporter.ts
FNF:0
FNH:0
DA:1,3
DA:4,3
LF:2
LH:2
BRF:0
BRH:0
end_of_record
TN:
SF:src\helpers\emailTransporter.ts
FN:18,(anonymous_1)
FN:19,(anonymous_2)
FN:20,(anonymous_3)
FN:33,(anonymous_4)
FN:47,(anonymous_5)
FN:59,(anonymous_6)
FN:73,(anonymous_7)
FNF:7
FNH:0
FNDA:0,(anonymous_1)
FNDA:0,(anonymous_2)
FNDA:0,(anonymous_3)
FNDA:0,(anonymous_4)
FNDA:0,(anonymous_5)
FNDA:0,(anonymous_6)
FNDA:0,(anonymous_7)
DA:1,3
DA:2,3
DA:3,3
DA:4,3
DA:5,3
DA:18,3
DA:19,0
DA:20,0
DA:21,0
DA:22,0
DA:24,0
DA:30,0
DA:33,0
DA:34,0
DA:35,0
DA:36,0
DA:38,0
DA:39,0
DA:40,0
DA:47,0
DA:48,0
DA:49,0
DA:50,0
DA:52,0
DA:59,0
DA:60,0
DA:61,0
DA:62,0
DA:64,0
DA:65,0
DA:66,0
DA:73,0
DA:74,0
DA:75,0
DA:76,0
DA:78,0
LF:36
LH:6
BRDA:21,0,0,0
BRDA:21,0,1,0
BRDA:30,1,0,0
BRDA:30,1,1,0
BRDA:30,2,0,0
BRDA:30,2,1,0
BRDA:30,3,0,0
BRDA:30,3,1,0
BRDA:34,4,0,0
BRDA:48,5,0,0
BRDA:48,5,1,0
BRDA:60,6,0,0
BRDA:74,7,0,0
BRDA:74,7,1,0
BRF:14
BRH:0
end_of_record
TN:
SF:src\helpers\jwtHelper.ts
FN:3,(anonymous_1)
FN:9,(anonymous_2)
FNF:2
FNH:0
FNDA:0,(anonymous_1)
FNDA:0,(anonymous_2)
DA:1,3
DA:3,3
DA:4,0
DA:9,3
DA:10,0
DA:13,3
LF:6
LH:4
BRF:0
BRH:0
end_of_record
TN:
SF:src\helpers\uploadHelper.ts
FN:14,(anonymous_8)
FN:14,(anonymous_9)
FN:18,(anonymous_10)
FN:21,(anonymous_11)
FNF:4
FNH:0
FNDA:0,(anonymous_8)
FNDA:0,(anonymous_9)
FNDA:0,(anonymous_10)
FNDA:0,(anonymous_11)
DA:1,3
DA:2,3
DA:3,3
DA:6,3
DA:12,3
DA:14,3
DA:15,0
DA:16,0
DA:18,0
DA:19,0
DA:22,0
DA:23,0
DA:25,0
DA:32,3
LF:14
LH:7
BRDA:15,0,0,0
BRDA:15,1,0,0
BRDA:15,1,1,0
BRDA:22,2,0,0
BRDA:22,2,1,0
BRF:5
BRH:0
end_of_record
TN:
SF:src\shared\catchAsync.ts
FN:3,(anonymous_7)
FN:3,(anonymous_8)
FN:3,(anonymous_9)
FNF:3
FNH:1
FNDA:136,(anonymous_7)
FNDA:0,(anonymous_8)
FNDA:0,(anonymous_9)
DA:3,136
DA:4,0
DA:5,0
DA:7,0
DA:10,2
LF:5
LH:2
BRF:0
BRH:0
end_of_record
TN:
SF:src\shared\paginationHelper.ts
FN:16,(anonymous_0)
FNF:1
FNH:1
FNDA:1,(anonymous_0)
DA:16,3
DA:17,1
DA:18,1
DA:19,1
DA:21,1
DA:22,1
DA:24,1
DA:29,3
LF:8
LH:8
BRDA:17,0,0,1
BRDA:17,0,1,1
BRDA:18,1,0,1
BRDA:18,1,1,1
BRDA:21,2,0,1
BRDA:21,2,1,1
BRDA:22,3,0,1
BRDA:22,3,1,1
BRF:8
BRH:8
end_of_record
TN:
SF:src\shared\pick.ts
FN:1,(anonymous_0)
FNF:1
FNH:0
FNDA:0,(anonymous_0)
DA:1,2
DA:2,0
DA:4,0
DA:5,0
DA:6,0
DA:9,0
DA:11,2
LF:7
LH:2
BRDA:5,0,0,0
BRDA:5,1,0,0
BRDA:5,1,1,0
BRF:3
BRH:0
end_of_record
TN:
SF:src\shared\prisma.ts
FNF:0
FNH:0
DA:1,3
DA:3,3
DA:7,3
LF:3
LH:3
BRF:0
BRH:0
end_of_record
TN:
SF:src\shared\sendResponse.ts
FN:15,(anonymous_0)
FNF:1
FNH:0
FNDA:0,(anonymous_0)
DA:15,2
DA:16,0
DA:23,0
DA:25,2
LF:4
LH:2
BRDA:19,0,0,0
BRDA:19,0,1,0
BRDA:20,1,0,0
BRDA:20,1,1,0
BRDA:20,1,2,0
BRDA:21,2,0,0
BRDA:21,2,1,0
BRDA:21,2,2,0
BRF:8
BRH:0
end_of_record
